---------------------------------------------------------------
[ 2018-01-25T11:18:32+08:00 ] ::1 ::1 GET /ksxt/public/
[ info ] localhost:8080/ksxt/public/ [运行时间：0.076657s][吞吐率：13.05req/s] [内存消耗：1,895.44kb] [文件加载：47]
[ info ] [ LANG ] D:\phpStudy\WWW\ksxt\thinkphp\lang\zh-cn.php
[ info ] [ ROUTE ] array (
  'type' => 'module',
  'module' => 
  array (
    0 => '',
    1 => NULL,
    2 => NULL,
  ),
)
[ info ] [ HEADER ] array (
  'host' => 'localhost:8080',
  'connection' => 'keep-alive',
  'user-agent' => 'Mozilla/5.0 (Windows NT 6.2; Win64; x64) AppleWebKit/537.36 (KHTML, like Gecko) Chrome/63.0.3239.108 Safari/537.36',
  'upgrade-insecure-requests' => '1',
  'accept' => 'text/html,application/xhtml+xml,application/xml;q=0.9,image/webp,image/apng,*/*;q=0.8',
  'accept-encoding' => 'gzip, deflate, br',
  'accept-language' => 'zh-CN,zh;q=0.9',
  'cookie' => 'pgv_pvi=885587968; UM_distinctid=1604e3f9a402da-0f18eb8f23193f-464d0228-144000-1604e3f9a412e0; CNZZDATA1262147214=1018848878-1513136443-%7C1513136443; Hm_lvt_a313b1bc82855f63ddfeb747606b623d=1513141280; Hm_lvt_3e596473f0a94eed9fb907d97ff0fc52=1513141280',
)
[ info ] [ PARAM ] array (
)
[ info ] [ RUN ] app\index\controller\Index->index[ D:\phpStudy\WWW\ksxt\application\index\controller\Index.php ]
[ info ] [ VIEW ] D:\phpStudy\WWW\ksxt\public/../application/index\view\index\index.html [ array (
) ]
[ info ] [ LOG ] INIT File
---------------------------------------------------------------
[ 2018-01-25T11:18:33+08:00 ] ::1 ::1 GET /ksxt/public/login.html
[ info ] localhost:8080/ksxt/public/login.html [运行时间：0.036422s][吞吐率：27.46req/s] [内存消耗：1,893.55kb] [文件加载：47]
[ info ] [ LANG ] D:\phpStudy\WWW\ksxt\thinkphp\lang\zh-cn.php
[ info ] [ ROUTE ] array (
  'type' => 'module',
  'module' => 
  array (
    0 => 'index',
    1 => 'Index',
    2 => 'login',
  ),
  'convert' => false,
)
[ info ] [ HEADER ] array (
  'host' => 'localhost:8080',
  'connection' => 'keep-alive',
  'upgrade-insecure-requests' => '1',
  'user-agent' => 'Mozilla/5.0 (Windows NT 6.2; Win64; x64) AppleWebKit/537.36 (KHTML, like Gecko) Chrome/63.0.3239.108 Safari/537.36',
  'accept' => 'text/html,application/xhtml+xml,application/xml;q=0.9,image/webp,image/apng,*/*;q=0.8',
  'referer' => 'http://localhost:8080/ksxt/public/',
  'accept-encoding' => 'gzip, deflate, br',
  'accept-language' => 'zh-CN,zh;q=0.9',
  'cookie' => 'pgv_pvi=885587968; UM_distinctid=1604e3f9a402da-0f18eb8f23193f-464d0228-144000-1604e3f9a412e0; CNZZDATA1262147214=1018848878-1513136443-%7C1513136443; Hm_lvt_a313b1bc82855f63ddfeb747606b623d=1513141280; Hm_lvt_3e596473f0a94eed9fb907d97ff0fc52=1513141280',
)
[ info ] [ PARAM ] array (
)
[ info ] [ RUN ] app\index\controller\Index->login[ D:\phpStudy\WWW\ksxt\application\index\controller\Index.php ]
[ info ] [ VIEW ] D:\phpStudy\WWW\ksxt\public/../application/index\view\index\login.html [ array (
) ]
[ info ] [ LOG ] INIT File
---------------------------------------------------------------
[ 2018-01-25T11:18:34+08:00 ] ::1 ::1 GET /ksxt/public/captcha.html
[ info ] localhost:8080/ksxt/public/captcha.html [运行时间：0.040003s][吞吐率：25.00req/s] [内存消耗：1,579.48kb] [文件加载：39]
[ info ] [ LANG ] D:\phpStudy\WWW\ksxt\thinkphp\lang\zh-cn.php
[ info ] [ ROUTE ] array (
  'type' => 'method',
  'method' => 
  array (
    0 => '\\think\\captcha\\CaptchaController',
    1 => 'index',
  ),
  'var' => 
  array (
  ),
)
[ info ] [ HEADER ] array (
  'host' => 'localhost:8080',
  'connection' => 'keep-alive',
  'user-agent' => 'Mozilla/5.0 (Windows NT 6.2; Win64; x64) AppleWebKit/537.36 (KHTML, like Gecko) Chrome/63.0.3239.108 Safari/537.36',
  'accept' => 'image/webp,image/apng,image/*,*/*;q=0.8',
  'referer' => 'http://localhost:8080/ksxt/public/login.html',
  'accept-encoding' => 'gzip, deflate, br',
  'accept-language' => 'zh-CN,zh;q=0.9',
  'cookie' => 'pgv_pvi=885587968; UM_distinctid=1604e3f9a402da-0f18eb8f23193f-464d0228-144000-1604e3f9a412e0; CNZZDATA1262147214=1018848878-1513136443-%7C1513136443; Hm_lvt_a313b1bc82855f63ddfeb747606b623d=1513141280; Hm_lvt_3e596473f0a94eed9fb907d97ff0fc52=1513141280',
)
[ info ] [ PARAM ] array (
  'id' => NULL,
)
[ info ] [ RUN ] think\captcha\CaptchaController->index[ D:\phpStudy\WWW\ksxt\vendor\topthink\think-captcha\src\CaptchaController.php ]
[ info ] [ SESSION ] INIT array (
  'id' => '',
  'var_session_id' => '',
  'prefix' => 'think',
  'type' => '',
  'auto_start' => true,
)
[ info ] [ LOG ] INIT File
---------------------------------------------------------------
[ 2018-01-25T11:18:49+08:00 ] ::1 ::1 POST /ksxt/public/le
[ info ] localhost:8080/ksxt/public/le [运行时间：0.075967s][吞吐率：13.16req/s] [内存消耗：2,988.42kb] [文件加载：57]
[ info ] [ LANG ] D:\phpStudy\WWW\ksxt\thinkphp\lang\zh-cn.php
[ info ] [ ROUTE ] array (
  'type' => 'module',
  'module' => 
  array (
    0 => 'index',
    1 => 'Index',
    2 => 'loginEfficacy',
  ),
  'convert' => false,
)
[ info ] [ HEADER ] array (
  'host' => 'localhost:8080',
  'connection' => 'keep-alive',
  'content-length' => '47',
  'accept' => '*/*',
  'origin' => 'http://localhost:8080',
  'x-requested-with' => 'XMLHttpRequest',
  'user-agent' => 'Mozilla/5.0 (Windows NT 6.2; Win64; x64) AppleWebKit/537.36 (KHTML, like Gecko) Chrome/63.0.3239.108 Safari/537.36',
  'content-type' => 'application/x-www-form-urlencoded; charset=UTF-8',
  'referer' => 'http://localhost:8080/ksxt/public/login.html',
  'accept-encoding' => 'gzip, deflate, br',
  'accept-language' => 'zh-CN,zh;q=0.9',
  'cookie' => 'pgv_pvi=885587968; UM_distinctid=1604e3f9a402da-0f18eb8f23193f-464d0228-144000-1604e3f9a412e0; CNZZDATA1262147214=1018848878-1513136443-%7C1513136443; Hm_lvt_a313b1bc82855f63ddfeb747606b623d=1513141280; Hm_lvt_3e596473f0a94eed9fb907d97ff0fc52=1513141280; PHPSESSID=9vrngd586lsnn7mfn1vbcdaih2',
)
[ info ] [ PARAM ] array (
  'type' => '0',
  'user' => '123456',
  'password' => '123456',
  'captcha' => '7miq',
)
[ info ] [ RUN ] app\index\controller\Index->loginEfficacy[ D:\phpStudy\WWW\ksxt\application\index\controller\Index.php ]
[ info ] [ SESSION ] INIT array (
  'id' => '',
  'var_session_id' => '',
  'prefix' => 'think',
  'type' => '',
  'auto_start' => true,
)
[ info ] [ DB ] INIT mysql
[ info ] [ LOG ] INIT File
[ sql ] [ DB ] CONNECT:[ UseTime:0.001603s ] mysql:host=127.0.0.1;dbname=ksxt;charset=utf8
[ sql ] [ SQL ] SHOW COLUMNS FROM `student` [ RunTime:0.010617s ]
[ sql ] [ SQL ] SELECT * FROM `student` WHERE  `user` = '123456' LIMIT 1 [ RunTime:0.000672s ]
[ sql ] [ SQL ] SELECT `student`.`id` AS `id`,`student`.`user` AS `user`,`student`.`student_name` AS `name`,`student`.`sex` AS `sex`,`faculty`.`faculty_name` AS `faculty`,`student`.`class` AS `class`,`student`.`headimg` AS `headimg`,`student`.`email` AS `email`,`student`.`sign` AS `sign`,`skin`.`skin_name` AS `skinName`,`skin`.`skin_img` AS `skinImg` FROM `student`,`skin`,`faculty` WHERE  (  student.skin_id=skin.id )  AND (  student.faculty_id=faculty.id )  AND `student`.`id` = '1' [ RunTime:0.004948s ]
---------------------------------------------------------------
[ 2018-01-25T11:18:49+08:00 ] ::1 ::1 GET /ksxt/public/personalSDetails
[ info ] localhost:8080/ksxt/public/personalSDetails [运行时间：0.030923s][吞吐率：32.34req/s] [内存消耗：1,935.45kb] [文件加载：47]
[ info ] [ LANG ] D:\phpStudy\WWW\ksxt\thinkphp\lang\zh-cn.php
[ info ] [ ROUTE ] array (
  'type' => 'module',
  'module' => 
  array (
    0 => 'index',
    1 => 'Studentper',
    2 => 'personalDetails',
  ),
  'convert' => false,
)
[ info ] [ HEADER ] array (
  'host' => 'localhost:8080',
  'connection' => 'keep-alive',
  'upgrade-insecure-requests' => '1',
  'user-agent' => 'Mozilla/5.0 (Windows NT 6.2; Win64; x64) AppleWebKit/537.36 (KHTML, like Gecko) Chrome/63.0.3239.108 Safari/537.36',
  'accept' => 'text/html,application/xhtml+xml,application/xml;q=0.9,image/webp,image/apng,*/*;q=0.8',
  'referer' => 'http://localhost:8080/ksxt/public/login.html',
  'accept-encoding' => 'gzip, deflate, br',
  'accept-language' => 'zh-CN,zh;q=0.9',
  'cookie' => 'pgv_pvi=885587968; UM_distinctid=1604e3f9a402da-0f18eb8f23193f-464d0228-144000-1604e3f9a412e0; CNZZDATA1262147214=1018848878-1513136443-%7C1513136443; Hm_lvt_a313b1bc82855f63ddfeb747606b623d=1513141280; Hm_lvt_3e596473f0a94eed9fb907d97ff0fc52=1513141280; PHPSESSID=9vrngd586lsnn7mfn1vbcdaih2',
)
[ info ] [ PARAM ] array (
)
[ info ] [ SESSION ] INIT array (
  'id' => '',
  'var_session_id' => '',
  'prefix' => 'think',
  'type' => '',
  'auto_start' => true,
)
[ info ] [ RUN ] app\index\controller\Studentper->personalDetails[ D:\phpStudy\WWW\ksxt\application\index\controller\Studentper.php ]
[ info ] [ VIEW ] D:\phpStudy\WWW\ksxt\public/../application/index\view\student\personalDetails.html [ array (
  0 => 'data',
) ]
[ info ] [ LOG ] INIT File
---------------------------------------------------------------
[ 2018-01-25T11:18:50+08:00 ] ::1 ::1 GET /ksxt/public/ksxt.html
[ info ] localhost:8080/ksxt/public/ksxt.html [运行时间：0.114372s][吞吐率：8.74req/s] [内存消耗：3,177.64kb] [文件加载：61]
[ info ] [ LANG ] D:\phpStudy\WWW\ksxt\thinkphp\lang\zh-cn.php
[ info ] [ ROUTE ] array (
  'type' => 'module',
  'module' => 
  array (
    0 => 'index',
    1 => 'Studentper',
    2 => 'ksxt',
  ),
  'convert' => false,
)
[ info ] [ HEADER ] array (
  'host' => 'localhost:8080',
  'connection' => 'keep-alive',
  'upgrade-insecure-requests' => '1',
  'user-agent' => 'Mozilla/5.0 (Windows NT 6.2; Win64; x64) AppleWebKit/537.36 (KHTML, like Gecko) Chrome/63.0.3239.108 Safari/537.36',
  'accept' => 'text/html,application/xhtml+xml,application/xml;q=0.9,image/webp,image/apng,*/*;q=0.8',
  'referer' => 'http://localhost:8080/ksxt/public/personalSDetails',
  'accept-encoding' => 'gzip, deflate, br',
  'accept-language' => 'zh-CN,zh;q=0.9',
  'cookie' => 'pgv_pvi=885587968; UM_distinctid=1604e3f9a402da-0f18eb8f23193f-464d0228-144000-1604e3f9a412e0; CNZZDATA1262147214=1018848878-1513136443-%7C1513136443; Hm_lvt_a313b1bc82855f63ddfeb747606b623d=1513141280; Hm_lvt_3e596473f0a94eed9fb907d97ff0fc52=1513141280; PHPSESSID=9vrngd586lsnn7mfn1vbcdaih2',
)
[ info ] [ PARAM ] array (
)
[ info ] [ SESSION ] INIT array (
  'id' => '',
  'var_session_id' => '',
  'prefix' => 'think',
  'type' => '',
  'auto_start' => true,
)
[ info ] [ RUN ] app\index\controller\Studentper->ksxt[ D:\phpStudy\WWW\ksxt\application\index\controller\Studentper.php ]
[ info ] [ DB ] INIT mysql
[ info ] [ VIEW ] D:\phpStudy\WWW\ksxt\public/../application/index\view\student\ksxt.html [ array (
  0 => 'data',
  1 => 'sdata',
  2 => 'teacher',
  3 => 'course',
  4 => 'class',
) ]
[ info ] [ LOG ] INIT File
[ sql ] [ DB ] CONNECT:[ UseTime:0.001007s ] mysql:host=127.0.0.1;dbname=ksxt;charset=utf8
[ sql ] [ SQL ] SHOW COLUMNS FROM `entryform` [ RunTime:0.010703s ]
[ sql ] [ SQL ] SELECT `published`.`id` AS `id`,`examination`.`examination_name` AS `name`,`examination`.`score` AS `score`,`published`.`length` AS `length`,`published`.`strat` AS `strat`,`published`.`size` AS `size`,`class`.`class_name` AS `cname` FROM `entryform`,`examination`,`published`,`class` WHERE  `entryform`.`student_id` = '1'  AND (  entryform.class_id=published.class_id )  AND (  entryform.class_id=class.id )  AND (  published.exam_id=examination.id )  AND `published`.strat+published.size > 1516850330 ORDER BY `published`.`strat`  desc [ RunTime:0.007846s ]
[ sql ] [ SQL ] SHOW COLUMNS FROM `teacher` [ RunTime:0.009492s ]
[ sql ] [ SQL ] SELECT * FROM `teacher` [ RunTime:0.000523s ]
[ sql ] [ SQL ] SHOW COLUMNS FROM `course` [ RunTime:0.009198s ]
[ sql ] [ SQL ] SELECT * FROM `course` WHERE (  `teacher_id` = 1 ) AND `course`.`course_delete_date` IS NULL [ RunTime:0.000560s ]
[ sql ] [ SQL ] SHOW COLUMNS FROM `class` [ RunTime:0.007162s ]
[ sql ] [ SQL ] SELECT * FROM `class` WHERE (  `course_id` = 1 ) AND `class`.`class_delete_date` IS NULL [ RunTime:0.000548s ]
