---------------------------------------------------------------
[ 2018-01-30T12:56:54+08:00 ] ::1 ::1 GET /ksxt/public/
[ info ] localhost:8080/ksxt/public/ [运行时间：0.039497s][吞吐率：25.32req/s] [内存消耗：1,902.27kb] [文件加载：47]
[ info ] [ LANG ] D:\phpStudy\WWW\ksxt\thinkphp\lang\zh-cn.php
[ info ] [ ROUTE ] array (
  'type' => 'module',
  'module' => 
  array (
    0 => '',
    1 => NULL,
    2 => NULL,
  ),
)
[ info ] [ HEADER ] array (
  'host' => 'localhost:8080',
  'connection' => 'keep-alive',
  'user-agent' => 'Mozilla/5.0 (Windows NT 6.2; Win64; x64) AppleWebKit/537.36 (KHTML, like Gecko) Chrome/63.0.3239.108 Safari/537.36',
  'upgrade-insecure-requests' => '1',
  'accept' => 'text/html,application/xhtml+xml,application/xml;q=0.9,image/webp,image/apng,*/*;q=0.8',
  'accept-encoding' => 'gzip, deflate, br',
  'accept-language' => 'zh-CN,zh;q=0.9',
  'cookie' => 'pgv_pvi=885587968; UM_distinctid=1604e3f9a402da-0f18eb8f23193f-464d0228-144000-1604e3f9a412e0; CNZZDATA1262147214=1018848878-1513136443-%7C1513136443; Hm_lvt_a313b1bc82855f63ddfeb747606b623d=1513141280; Hm_lvt_3e596473f0a94eed9fb907d97ff0fc52=1513141280',
)
[ info ] [ PARAM ] array (
)
[ info ] [ RUN ] app\index\controller\Index->index[ D:\phpStudy\WWW\ksxt\application\index\controller\Index.php ]
[ info ] [ VIEW ] D:\phpStudy\WWW\ksxt\public/../application/index\view\index\index.html [ array (
) ]
[ info ] [ LOG ] INIT File
---------------------------------------------------------------
[ 2018-01-30T12:56:56+08:00 ] ::1 ::1 GET /ksxt/public/login.html
[ info ] localhost:8080/ksxt/public/login.html [运行时间：0.024043s][吞吐率：41.59req/s] [内存消耗：1,899.98kb] [文件加载：47]
[ info ] [ LANG ] D:\phpStudy\WWW\ksxt\thinkphp\lang\zh-cn.php
[ info ] [ ROUTE ] array (
  'type' => 'module',
  'module' => 
  array (
    0 => 'index',
    1 => 'Index',
    2 => 'login',
  ),
  'convert' => false,
)
[ info ] [ HEADER ] array (
  'host' => 'localhost:8080',
  'connection' => 'keep-alive',
  'upgrade-insecure-requests' => '1',
  'user-agent' => 'Mozilla/5.0 (Windows NT 6.2; Win64; x64) AppleWebKit/537.36 (KHTML, like Gecko) Chrome/63.0.3239.108 Safari/537.36',
  'accept' => 'text/html,application/xhtml+xml,application/xml;q=0.9,image/webp,image/apng,*/*;q=0.8',
  'referer' => 'http://localhost:8080/ksxt/public/',
  'accept-encoding' => 'gzip, deflate, br',
  'accept-language' => 'zh-CN,zh;q=0.9',
  'cookie' => 'pgv_pvi=885587968; UM_distinctid=1604e3f9a402da-0f18eb8f23193f-464d0228-144000-1604e3f9a412e0; CNZZDATA1262147214=1018848878-1513136443-%7C1513136443; Hm_lvt_a313b1bc82855f63ddfeb747606b623d=1513141280; Hm_lvt_3e596473f0a94eed9fb907d97ff0fc52=1513141280',
)
[ info ] [ PARAM ] array (
)
[ info ] [ RUN ] app\index\controller\Index->login[ D:\phpStudy\WWW\ksxt\application\index\controller\Index.php ]
[ info ] [ VIEW ] D:\phpStudy\WWW\ksxt\public/../application/index\view\index\login.html [ array (
) ]
[ info ] [ LOG ] INIT File
---------------------------------------------------------------
[ 2018-01-30T12:56:56+08:00 ] ::1 ::1 GET /ksxt/public/captcha.html
[ info ] localhost:8080/ksxt/public/captcha.html [运行时间：0.034931s][吞吐率：28.63req/s] [内存消耗：1,585.85kb] [文件加载：39]
[ info ] [ LANG ] D:\phpStudy\WWW\ksxt\thinkphp\lang\zh-cn.php
[ info ] [ ROUTE ] array (
  'type' => 'method',
  'method' => 
  array (
    0 => '\\think\\captcha\\CaptchaController',
    1 => 'index',
  ),
  'var' => 
  array (
  ),
)
[ info ] [ HEADER ] array (
  'host' => 'localhost:8080',
  'connection' => 'keep-alive',
  'user-agent' => 'Mozilla/5.0 (Windows NT 6.2; Win64; x64) AppleWebKit/537.36 (KHTML, like Gecko) Chrome/63.0.3239.108 Safari/537.36',
  'accept' => 'image/webp,image/apng,image/*,*/*;q=0.8',
  'referer' => 'http://localhost:8080/ksxt/public/login.html',
  'accept-encoding' => 'gzip, deflate, br',
  'accept-language' => 'zh-CN,zh;q=0.9',
  'cookie' => 'pgv_pvi=885587968; UM_distinctid=1604e3f9a402da-0f18eb8f23193f-464d0228-144000-1604e3f9a412e0; CNZZDATA1262147214=1018848878-1513136443-%7C1513136443; Hm_lvt_a313b1bc82855f63ddfeb747606b623d=1513141280; Hm_lvt_3e596473f0a94eed9fb907d97ff0fc52=1513141280',
)
[ info ] [ PARAM ] array (
  'id' => NULL,
)
[ info ] [ RUN ] think\captcha\CaptchaController->index[ D:\phpStudy\WWW\ksxt\vendor\topthink\think-captcha\src\CaptchaController.php ]
[ info ] [ SESSION ] INIT array (
  'id' => '',
  'var_session_id' => '',
  'prefix' => 'think',
  'type' => '',
  'auto_start' => true,
)
[ info ] [ LOG ] INIT File
---------------------------------------------------------------
[ 2018-01-30T12:57:06+08:00 ] ::1 ::1 GET /ksxt/public/captcha.html
[ info ] localhost:8080/ksxt/public/captcha.html [运行时间：0.027879s][吞吐率：35.87req/s] [内存消耗：1,585.82kb] [文件加载：39]
[ info ] [ LANG ] D:\phpStudy\WWW\ksxt\thinkphp\lang\zh-cn.php
[ info ] [ ROUTE ] array (
  'type' => 'method',
  'method' => 
  array (
    0 => '\\think\\captcha\\CaptchaController',
    1 => 'index',
  ),
  'var' => 
  array (
  ),
)
[ info ] [ HEADER ] array (
  'host' => 'localhost:8080',
  'connection' => 'keep-alive',
  'user-agent' => 'Mozilla/5.0 (Windows NT 6.2; Win64; x64) AppleWebKit/537.36 (KHTML, like Gecko) Chrome/63.0.3239.108 Safari/537.36',
  'accept' => 'image/webp,image/apng,image/*,*/*;q=0.8',
  'referer' => 'http://localhost:8080/ksxt/public/login.html',
  'accept-encoding' => 'gzip, deflate, br',
  'accept-language' => 'zh-CN,zh;q=0.9',
  'cookie' => 'pgv_pvi=885587968; UM_distinctid=1604e3f9a402da-0f18eb8f23193f-464d0228-144000-1604e3f9a412e0; CNZZDATA1262147214=1018848878-1513136443-%7C1513136443; Hm_lvt_a313b1bc82855f63ddfeb747606b623d=1513141280; Hm_lvt_3e596473f0a94eed9fb907d97ff0fc52=1513141280; PHPSESSID=5r0paatfotntsr5ghqj4kie4s2',
)
[ info ] [ PARAM ] array (
  'id' => NULL,
)
[ info ] [ RUN ] think\captcha\CaptchaController->index[ D:\phpStudy\WWW\ksxt\vendor\topthink\think-captcha\src\CaptchaController.php ]
[ info ] [ SESSION ] INIT array (
  'id' => '',
  'var_session_id' => '',
  'prefix' => 'think',
  'type' => '',
  'auto_start' => true,
)
[ info ] [ LOG ] INIT File
---------------------------------------------------------------
[ 2018-01-30T12:57:07+08:00 ] ::1 ::1 GET /ksxt/public/captcha.html
[ info ] localhost:8080/ksxt/public/captcha.html [运行时间：0.027684s][吞吐率：36.12req/s] [内存消耗：1,585.84kb] [文件加载：39]
[ info ] [ LANG ] D:\phpStudy\WWW\ksxt\thinkphp\lang\zh-cn.php
[ info ] [ ROUTE ] array (
  'type' => 'method',
  'method' => 
  array (
    0 => '\\think\\captcha\\CaptchaController',
    1 => 'index',
  ),
  'var' => 
  array (
  ),
)
[ info ] [ HEADER ] array (
  'host' => 'localhost:8080',
  'connection' => 'keep-alive',
  'user-agent' => 'Mozilla/5.0 (Windows NT 6.2; Win64; x64) AppleWebKit/537.36 (KHTML, like Gecko) Chrome/63.0.3239.108 Safari/537.36',
  'accept' => 'image/webp,image/apng,image/*,*/*;q=0.8',
  'referer' => 'http://localhost:8080/ksxt/public/login.html',
  'accept-encoding' => 'gzip, deflate, br',
  'accept-language' => 'zh-CN,zh;q=0.9',
  'cookie' => 'pgv_pvi=885587968; UM_distinctid=1604e3f9a402da-0f18eb8f23193f-464d0228-144000-1604e3f9a412e0; CNZZDATA1262147214=1018848878-1513136443-%7C1513136443; Hm_lvt_a313b1bc82855f63ddfeb747606b623d=1513141280; Hm_lvt_3e596473f0a94eed9fb907d97ff0fc52=1513141280; PHPSESSID=5r0paatfotntsr5ghqj4kie4s2',
)
[ info ] [ PARAM ] array (
  'id' => NULL,
)
[ info ] [ RUN ] think\captcha\CaptchaController->index[ D:\phpStudy\WWW\ksxt\vendor\topthink\think-captcha\src\CaptchaController.php ]
[ info ] [ SESSION ] INIT array (
  'id' => '',
  'var_session_id' => '',
  'prefix' => 'think',
  'type' => '',
  'auto_start' => true,
)
[ info ] [ LOG ] INIT File
---------------------------------------------------------------
[ 2018-01-30T12:57:13+08:00 ] ::1 ::1 POST /ksxt/public/le
[ info ] localhost:8080/ksxt/public/le [运行时间：0.052353s][吞吐率：19.10req/s] [内存消耗：2,993.92kb] [文件加载：57]
[ info ] [ LANG ] D:\phpStudy\WWW\ksxt\thinkphp\lang\zh-cn.php
[ info ] [ ROUTE ] array (
  'type' => 'module',
  'module' => 
  array (
    0 => 'index',
    1 => 'Index',
    2 => 'loginEfficacy',
  ),
  'convert' => false,
)
[ info ] [ HEADER ] array (
  'host' => 'localhost:8080',
  'connection' => 'keep-alive',
  'content-length' => '47',
  'accept' => '*/*',
  'origin' => 'http://localhost:8080',
  'x-requested-with' => 'XMLHttpRequest',
  'user-agent' => 'Mozilla/5.0 (Windows NT 6.2; Win64; x64) AppleWebKit/537.36 (KHTML, like Gecko) Chrome/63.0.3239.108 Safari/537.36',
  'content-type' => 'application/x-www-form-urlencoded; charset=UTF-8',
  'referer' => 'http://localhost:8080/ksxt/public/login.html',
  'accept-encoding' => 'gzip, deflate, br',
  'accept-language' => 'zh-CN,zh;q=0.9',
  'cookie' => 'pgv_pvi=885587968; UM_distinctid=1604e3f9a402da-0f18eb8f23193f-464d0228-144000-1604e3f9a412e0; CNZZDATA1262147214=1018848878-1513136443-%7C1513136443; Hm_lvt_a313b1bc82855f63ddfeb747606b623d=1513141280; Hm_lvt_3e596473f0a94eed9fb907d97ff0fc52=1513141280; PHPSESSID=5r0paatfotntsr5ghqj4kie4s2',
)
[ info ] [ PARAM ] array (
  'type' => '1',
  'user' => '123456',
  'password' => '123456',
  'captcha' => 'bnut',
)
[ info ] [ RUN ] app\index\controller\Index->loginEfficacy[ D:\phpStudy\WWW\ksxt\application\index\controller\Index.php ]
[ info ] [ SESSION ] INIT array (
  'id' => '',
  'var_session_id' => '',
  'prefix' => 'think',
  'type' => '',
  'auto_start' => true,
)
[ info ] [ DB ] INIT mysql
[ info ] [ LOG ] INIT File
[ sql ] [ DB ] CONNECT:[ UseTime:0.003122s ] mysql:host=127.0.0.1;dbname=ksxt;charset=utf8
[ sql ] [ SQL ] SHOW COLUMNS FROM `teacher` [ RunTime:0.008819s ]
[ sql ] [ SQL ] SELECT * FROM `teacher` WHERE  `user` = '123456' LIMIT 1 [ RunTime:0.000561s ]
[ sql ] [ SQL ] SELECT `teacher`.`id` AS `id`,`teacher`.`user` AS `user`,`teacher`.`teacher_name` AS `name`,`teacher`.`sex` AS `sex`,`faculty`.`faculty_name` AS `faculty`,`teacher`.`headimg` AS `headimg`,`teacher`.`email` AS `email`,`teacher`.`sign` AS `sign`,`skin`.`skin_name` AS `skinName`,`skin`.`skin_img` AS `skinImg` FROM `teacher`,`skin`,`faculty` WHERE  (  teacher.skin_id=skin.id )  AND (  teacher.faculty_id=faculty.id )  AND `teacher`.`id` = '1' [ RunTime:0.001198s ]
---------------------------------------------------------------
[ 2018-01-30T12:57:13+08:00 ] ::1 ::1 GET /ksxt/public/personalDetails
[ info ] localhost:8080/ksxt/public/personalDetails [运行时间：0.030600s][吞吐率：32.68req/s] [内存消耗：1,914.20kb] [文件加载：47]
[ info ] [ LANG ] D:\phpStudy\WWW\ksxt\thinkphp\lang\zh-cn.php
[ info ] [ ROUTE ] array (
  'type' => 'module',
  'module' => 
  array (
    0 => 'index',
    1 => 'Teacher',
    2 => 'personalDetails',
  ),
  'convert' => false,
)
[ info ] [ HEADER ] array (
  'host' => 'localhost:8080',
  'connection' => 'keep-alive',
  'upgrade-insecure-requests' => '1',
  'user-agent' => 'Mozilla/5.0 (Windows NT 6.2; Win64; x64) AppleWebKit/537.36 (KHTML, like Gecko) Chrome/63.0.3239.108 Safari/537.36',
  'accept' => 'text/html,application/xhtml+xml,application/xml;q=0.9,image/webp,image/apng,*/*;q=0.8',
  'referer' => 'http://localhost:8080/ksxt/public/login.html',
  'accept-encoding' => 'gzip, deflate, br',
  'accept-language' => 'zh-CN,zh;q=0.9',
  'cookie' => 'pgv_pvi=885587968; UM_distinctid=1604e3f9a402da-0f18eb8f23193f-464d0228-144000-1604e3f9a412e0; CNZZDATA1262147214=1018848878-1513136443-%7C1513136443; Hm_lvt_a313b1bc82855f63ddfeb747606b623d=1513141280; Hm_lvt_3e596473f0a94eed9fb907d97ff0fc52=1513141280; PHPSESSID=5r0paatfotntsr5ghqj4kie4s2',
)
[ info ] [ PARAM ] array (
)
[ info ] [ SESSION ] INIT array (
  'id' => '',
  'var_session_id' => '',
  'prefix' => 'think',
  'type' => '',
  'auto_start' => true,
)
[ info ] [ RUN ] app\index\controller\Teacher->personalDetails[ D:\phpStudy\WWW\ksxt\application\index\controller\Teacher.php ]
[ info ] [ VIEW ] D:\phpStudy\WWW\ksxt\public/../application/index\view\teacher\personalDetails.html [ array (
  0 => 'data',
) ]
[ info ] [ LOG ] INIT File
---------------------------------------------------------------
[ 2018-01-30T12:57:16+08:00 ] ::1 ::1 GET /ksxt/public/seeCourse.html
[ info ] localhost:8080/ksxt/public/seeCourse.html [运行时间：0.068404s][吞吐率：14.62req/s] [内存消耗：3,003.09kb] [文件加载：58]
[ info ] [ LANG ] D:\phpStudy\WWW\ksxt\thinkphp\lang\zh-cn.php
[ info ] [ ROUTE ] array (
  'type' => 'module',
  'module' => 
  array (
    0 => 'index',
    1 => 'Course',
    2 => 'see',
  ),
  'convert' => false,
)
[ info ] [ HEADER ] array (
  'host' => 'localhost:8080',
  'connection' => 'keep-alive',
  'upgrade-insecure-requests' => '1',
  'user-agent' => 'Mozilla/5.0 (Windows NT 6.2; Win64; x64) AppleWebKit/537.36 (KHTML, like Gecko) Chrome/63.0.3239.108 Safari/537.36',
  'accept' => 'text/html,application/xhtml+xml,application/xml;q=0.9,image/webp,image/apng,*/*;q=0.8',
  'referer' => 'http://localhost:8080/ksxt/public/personalDetails',
  'accept-encoding' => 'gzip, deflate, br',
  'accept-language' => 'zh-CN,zh;q=0.9',
  'cookie' => 'pgv_pvi=885587968; UM_distinctid=1604e3f9a402da-0f18eb8f23193f-464d0228-144000-1604e3f9a412e0; CNZZDATA1262147214=1018848878-1513136443-%7C1513136443; Hm_lvt_a313b1bc82855f63ddfeb747606b623d=1513141280; Hm_lvt_3e596473f0a94eed9fb907d97ff0fc52=1513141280; PHPSESSID=5r0paatfotntsr5ghqj4kie4s2',
)
[ info ] [ PARAM ] array (
)
[ info ] [ SESSION ] INIT array (
  'id' => '',
  'var_session_id' => '',
  'prefix' => 'think',
  'type' => '',
  'auto_start' => true,
)
[ info ] [ RUN ] app\index\controller\Course->see[ D:\phpStudy\WWW\ksxt\application\index\controller\Course.php ]
[ info ] [ DB ] INIT mysql
[ info ] [ VIEW ] D:\phpStudy\WWW\ksxt\public/../application/index\view\course\see.html [ array (
  0 => 'data',
  1 => 'dataC',
) ]
[ info ] [ LOG ] INIT File
[ sql ] [ DB ] CONNECT:[ UseTime:0.010479s ] mysql:host=127.0.0.1;dbname=ksxt;charset=utf8
[ sql ] [ SQL ] SHOW COLUMNS FROM `course` [ RunTime:0.009620s ]
[ sql ] [ SQL ] SELECT * FROM `course` WHERE (  `teacher_id` = 1 ) AND `course`.`course_delete_date` IS NULL [ RunTime:0.000495s ]
---------------------------------------------------------------
[ 2018-01-30T12:57:18+08:00 ] ::1 ::1 GET /ksxt/public/seeClass/id/PT1NUQ.html
[ info ] localhost:8080/ksxt/public/seeClass/id/PT1NUQ.html [运行时间：0.068129s][吞吐率：14.68req/s] [内存消耗：3,012.08kb] [文件加载：58]
[ info ] [ LANG ] D:\phpStudy\WWW\ksxt\thinkphp\lang\zh-cn.php
[ info ] [ ROUTE ] array (
  'type' => 'module',
  'module' => 
  array (
    0 => 'index',
    1 => 'Grade',
    2 => 'see',
  ),
  'convert' => false,
)
[ info ] [ HEADER ] array (
  'host' => 'localhost:8080',
  'connection' => 'keep-alive',
  'upgrade-insecure-requests' => '1',
  'user-agent' => 'Mozilla/5.0 (Windows NT 6.2; Win64; x64) AppleWebKit/537.36 (KHTML, like Gecko) Chrome/63.0.3239.108 Safari/537.36',
  'accept' => 'text/html,application/xhtml+xml,application/xml;q=0.9,image/webp,image/apng,*/*;q=0.8',
  'referer' => 'http://localhost:8080/ksxt/public/seeCourse.html',
  'accept-encoding' => 'gzip, deflate, br',
  'accept-language' => 'zh-CN,zh;q=0.9',
  'cookie' => 'pgv_pvi=885587968; UM_distinctid=1604e3f9a402da-0f18eb8f23193f-464d0228-144000-1604e3f9a412e0; CNZZDATA1262147214=1018848878-1513136443-%7C1513136443; Hm_lvt_a313b1bc82855f63ddfeb747606b623d=1513141280; Hm_lvt_3e596473f0a94eed9fb907d97ff0fc52=1513141280; PHPSESSID=5r0paatfotntsr5ghqj4kie4s2',
)
[ info ] [ PARAM ] array (
  'id' => 'PT1NUQ',
)
[ info ] [ SESSION ] INIT array (
  'id' => '',
  'var_session_id' => '',
  'prefix' => 'think',
  'type' => '',
  'auto_start' => true,
)
[ info ] [ RUN ] app\index\controller\Grade->see[ D:\phpStudy\WWW\ksxt\application\index\controller\Grade.php ]
[ info ] [ DB ] INIT mysql
[ info ] [ VIEW ] D:\phpStudy\WWW\ksxt\public/../application/index\view\grade\see.html [ array (
  0 => 'data',
  1 => 'grade',
) ]
[ info ] [ LOG ] INIT File
[ sql ] [ DB ] CONNECT:[ UseTime:0.001322s ] mysql:host=127.0.0.1;dbname=ksxt;charset=utf8
[ sql ] [ SQL ] SHOW COLUMNS FROM `class` [ RunTime:0.009135s ]
[ sql ] [ SQL ] SELECT * FROM `class` WHERE (  `course_id` = 1 ) AND `class`.`class_delete_date` IS NULL [ RunTime:0.000636s ]
---------------------------------------------------------------
[ 2018-01-30T12:57:20+08:00 ] ::1 ::1 GET /ksxt/public/seePublished/id/PT1NUQ.html
[ info ] localhost:8080/ksxt/public/seePublished/id/PT1NUQ.html [运行时间：0.072981s][吞吐率：13.70req/s] [内存消耗：3,074.57kb] [文件加载：59]
[ info ] [ LANG ] D:\phpStudy\WWW\ksxt\thinkphp\lang\zh-cn.php
[ info ] [ ROUTE ] array (
  'type' => 'module',
  'module' => 
  array (
    0 => 'index',
    1 => 'Published',
    2 => 'see',
  ),
  'convert' => false,
)
[ info ] [ HEADER ] array (
  'host' => 'localhost:8080',
  'connection' => 'keep-alive',
  'upgrade-insecure-requests' => '1',
  'user-agent' => 'Mozilla/5.0 (Windows NT 6.2; Win64; x64) AppleWebKit/537.36 (KHTML, like Gecko) Chrome/63.0.3239.108 Safari/537.36',
  'accept' => 'text/html,application/xhtml+xml,application/xml;q=0.9,image/webp,image/apng,*/*;q=0.8',
  'referer' => 'http://localhost:8080/ksxt/public/seeClass/id/PT1NUQ.html',
  'accept-encoding' => 'gzip, deflate, br',
  'accept-language' => 'zh-CN,zh;q=0.9',
  'cookie' => 'pgv_pvi=885587968; UM_distinctid=1604e3f9a402da-0f18eb8f23193f-464d0228-144000-1604e3f9a412e0; CNZZDATA1262147214=1018848878-1513136443-%7C1513136443; Hm_lvt_a313b1bc82855f63ddfeb747606b623d=1513141280; Hm_lvt_3e596473f0a94eed9fb907d97ff0fc52=1513141280; PHPSESSID=5r0paatfotntsr5ghqj4kie4s2',
)
[ info ] [ PARAM ] array (
  'id' => 'PT1NUQ',
)
[ info ] [ SESSION ] INIT array (
  'id' => '',
  'var_session_id' => '',
  'prefix' => 'think',
  'type' => '',
  'auto_start' => true,
)
[ info ] [ RUN ] app\index\controller\Published->see[ D:\phpStudy\WWW\ksxt\application\index\controller\Published.php ]
[ info ] [ DB ] INIT mysql
[ info ] [ VIEW ] D:\phpStudy\WWW\ksxt\public/../application/index\view\published\see.html [ array (
  0 => 'data',
  1 => 'pdata',
  2 => 'edata',
) ]
[ info ] [ LOG ] INIT File
[ sql ] [ DB ] CONNECT:[ UseTime:0.009968s ] mysql:host=127.0.0.1;dbname=ksxt;charset=utf8
[ sql ] [ SQL ] SHOW COLUMNS FROM `published` [ RunTime:0.009255s ]
[ sql ] [ SQL ] SELECT `published`.`id` AS `id`,`published`.`exam_id` AS `sid`,`examination`.`examination_name` AS `name`,`published`.`strat` AS `strat`,`published`.`length` AS `length`,`published`.`size` AS `size`,`published`.`date` AS `date` FROM `published`,`examination` WHERE  (  published.exam_id=examination.id )  AND `published`.`class_id` = '1' [ RunTime:0.000852s ]
[ sql ] [ SQL ] SHOW COLUMNS FROM `examination` [ RunTime:0.006390s ]
[ sql ] [ SQL ] SELECT * FROM `examination` WHERE (  `teacher_id` = 1 ) AND `examination`.`examination_delete_date` IS NULL [ RunTime:0.000562s ]
---------------------------------------------------------------
[ 2018-01-30T12:57:28+08:00 ] ::1 ::1 POST /ksxt/public/getPD
[ info ] localhost:8080/ksxt/public/getPD [运行时间：0.043083s][吞吐率：23.21req/s] [内存消耗：2,915.00kb] [文件加载：55]
[ info ] [ LANG ] D:\phpStudy\WWW\ksxt\thinkphp\lang\zh-cn.php
[ info ] [ ROUTE ] array (
  'type' => 'module',
  'module' => 
  array (
    0 => 'index',
    1 => 'Published',
    2 => 'select',
  ),
  'convert' => false,
)
[ info ] [ HEADER ] array (
  'host' => 'localhost:8080',
  'connection' => 'keep-alive',
  'content-length' => '9',
  'accept' => '*/*',
  'origin' => 'http://localhost:8080',
  'x-requested-with' => 'XMLHttpRequest',
  'user-agent' => 'Mozilla/5.0 (Windows NT 6.2; Win64; x64) AppleWebKit/537.36 (KHTML, like Gecko) Chrome/63.0.3239.108 Safari/537.36',
  'content-type' => 'application/x-www-form-urlencoded; charset=UTF-8',
  'referer' => 'http://localhost:8080/ksxt/public/seePublished/id/PT1NUQ.html',
  'accept-encoding' => 'gzip, deflate, br',
  'accept-language' => 'zh-CN,zh;q=0.9',
  'cookie' => 'pgv_pvi=885587968; UM_distinctid=1604e3f9a402da-0f18eb8f23193f-464d0228-144000-1604e3f9a412e0; CNZZDATA1262147214=1018848878-1513136443-%7C1513136443; Hm_lvt_a313b1bc82855f63ddfeb747606b623d=1513141280; Hm_lvt_3e596473f0a94eed9fb907d97ff0fc52=1513141280; PHPSESSID=5r0paatfotntsr5ghqj4kie4s2',
)
[ info ] [ PARAM ] array (
  'id' => 'PT1PQQ',
)
[ info ] [ SESSION ] INIT array (
  'id' => '',
  'var_session_id' => '',
  'prefix' => 'think',
  'type' => '',
  'auto_start' => true,
)
[ info ] [ RUN ] app\index\controller\Published->select[ D:\phpStudy\WWW\ksxt\application\index\controller\Published.php ]
[ info ] [ DB ] INIT mysql
[ info ] [ LOG ] INIT File
[ sql ] [ DB ] CONNECT:[ UseTime:0.000960s ] mysql:host=127.0.0.1;dbname=ksxt;charset=utf8
[ sql ] [ SQL ] SHOW COLUMNS FROM `published` [ RunTime:0.007002s ]
[ sql ] [ SQL ] SELECT `published`.`id` AS `id`,`published`.`strat` AS `strat`,`published`.`length` AS `length`,`published`.`size` AS `size`,`examination`.`examination_name` AS `name` FROM `published`,`examination` WHERE  (  published.exam_id=examination.id )  AND `published`.`id` = '8' [ RunTime:0.000563s ]
---------------------------------------------------------------
[ 2018-01-30T12:57:41+08:00 ] ::1 ::1 POST /ksxt/public/getPD
[ info ] localhost:8080/ksxt/public/getPD [运行时间：0.052394s][吞吐率：19.09req/s] [内存消耗：2,915.00kb] [文件加载：55]
[ info ] [ LANG ] D:\phpStudy\WWW\ksxt\thinkphp\lang\zh-cn.php
[ info ] [ ROUTE ] array (
  'type' => 'module',
  'module' => 
  array (
    0 => 'index',
    1 => 'Published',
    2 => 'select',
  ),
  'convert' => false,
)
[ info ] [ HEADER ] array (
  'host' => 'localhost:8080',
  'connection' => 'keep-alive',
  'content-length' => '9',
  'accept' => '*/*',
  'origin' => 'http://localhost:8080',
  'x-requested-with' => 'XMLHttpRequest',
  'user-agent' => 'Mozilla/5.0 (Windows NT 6.2; Win64; x64) AppleWebKit/537.36 (KHTML, like Gecko) Chrome/63.0.3239.108 Safari/537.36',
  'content-type' => 'application/x-www-form-urlencoded; charset=UTF-8',
  'referer' => 'http://localhost:8080/ksxt/public/seePublished/id/PT1NUQ.html',
  'accept-encoding' => 'gzip, deflate, br',
  'accept-language' => 'zh-CN,zh;q=0.9',
  'cookie' => 'pgv_pvi=885587968; UM_distinctid=1604e3f9a402da-0f18eb8f23193f-464d0228-144000-1604e3f9a412e0; CNZZDATA1262147214=1018848878-1513136443-%7C1513136443; Hm_lvt_a313b1bc82855f63ddfeb747606b623d=1513141280; Hm_lvt_3e596473f0a94eed9fb907d97ff0fc52=1513141280; PHPSESSID=5r0paatfotntsr5ghqj4kie4s2',
)
[ info ] [ PARAM ] array (
  'id' => 'PT1PQQ',
)
[ info ] [ SESSION ] INIT array (
  'id' => '',
  'var_session_id' => '',
  'prefix' => 'think',
  'type' => '',
  'auto_start' => true,
)
[ info ] [ RUN ] app\index\controller\Published->select[ D:\phpStudy\WWW\ksxt\application\index\controller\Published.php ]
[ info ] [ DB ] INIT mysql
[ info ] [ LOG ] INIT File
[ sql ] [ DB ] CONNECT:[ UseTime:0.010105s ] mysql:host=127.0.0.1;dbname=ksxt;charset=utf8
[ sql ] [ SQL ] SHOW COLUMNS FROM `published` [ RunTime:0.006434s ]
[ sql ] [ SQL ] SELECT `published`.`id` AS `id`,`published`.`strat` AS `strat`,`published`.`length` AS `length`,`published`.`size` AS `size`,`examination`.`examination_name` AS `name` FROM `published`,`examination` WHERE  (  published.exam_id=examination.id )  AND `published`.`id` = '8' [ RunTime:0.000517s ]
---------------------------------------------------------------
[ 2018-01-30T12:58:15+08:00 ] ::1 ::1 GET /ksxt/public/seeCourse.html
[ info ] localhost:8080/ksxt/public/seeCourse.html [运行时间：0.062399s][吞吐率：16.03req/s] [内存消耗：3,003.27kb] [文件加载：58]
[ info ] [ LANG ] D:\phpStudy\WWW\ksxt\thinkphp\lang\zh-cn.php
[ info ] [ ROUTE ] array (
  'type' => 'module',
  'module' => 
  array (
    0 => 'index',
    1 => 'Course',
    2 => 'see',
  ),
  'convert' => false,
)
[ info ] [ HEADER ] array (
  'host' => 'localhost:8080',
  'connection' => 'keep-alive',
  'upgrade-insecure-requests' => '1',
  'user-agent' => 'Mozilla/5.0 (Windows NT 6.2; Win64; x64) AppleWebKit/537.36 (KHTML, like Gecko) Chrome/63.0.3239.108 Safari/537.36',
  'accept' => 'text/html,application/xhtml+xml,application/xml;q=0.9,image/webp,image/apng,*/*;q=0.8',
  'referer' => 'http://localhost:8080/ksxt/public/seePublished/id/PT1NUQ.html',
  'accept-encoding' => 'gzip, deflate, br',
  'accept-language' => 'zh-CN,zh;q=0.9',
  'cookie' => 'pgv_pvi=885587968; UM_distinctid=1604e3f9a402da-0f18eb8f23193f-464d0228-144000-1604e3f9a412e0; CNZZDATA1262147214=1018848878-1513136443-%7C1513136443; Hm_lvt_a313b1bc82855f63ddfeb747606b623d=1513141280; Hm_lvt_3e596473f0a94eed9fb907d97ff0fc52=1513141280; PHPSESSID=5r0paatfotntsr5ghqj4kie4s2',
)
[ info ] [ PARAM ] array (
)
[ info ] [ SESSION ] INIT array (
  'id' => '',
  'var_session_id' => '',
  'prefix' => 'think',
  'type' => '',
  'auto_start' => true,
)
[ info ] [ RUN ] app\index\controller\Course->see[ D:\phpStudy\WWW\ksxt\application\index\controller\Course.php ]
[ info ] [ DB ] INIT mysql
[ info ] [ VIEW ] D:\phpStudy\WWW\ksxt\public/../application/index\view\course\see.html [ array (
  0 => 'data',
  1 => 'dataC',
) ]
[ info ] [ LOG ] INIT File
[ sql ] [ DB ] CONNECT:[ UseTime:0.010696s ] mysql:host=127.0.0.1;dbname=ksxt;charset=utf8
[ sql ] [ SQL ] SHOW COLUMNS FROM `course` [ RunTime:0.008436s ]
[ sql ] [ SQL ] SELECT * FROM `course` WHERE (  `teacher_id` = 1 ) AND `course`.`course_delete_date` IS NULL [ RunTime:0.000487s ]
---------------------------------------------------------------
[ 2018-01-30T12:58:17+08:00 ] ::1 ::1 GET /ksxt/public/seeClass/id/PT1NUQ.html
[ info ] localhost:8080/ksxt/public/seeClass/id/PT1NUQ.html [运行时间：0.057717s][吞吐率：17.33req/s] [内存消耗：3,012.11kb] [文件加载：58]
[ info ] [ LANG ] D:\phpStudy\WWW\ksxt\thinkphp\lang\zh-cn.php
[ info ] [ ROUTE ] array (
  'type' => 'module',
  'module' => 
  array (
    0 => 'index',
    1 => 'Grade',
    2 => 'see',
  ),
  'convert' => false,
)
[ info ] [ HEADER ] array (
  'host' => 'localhost:8080',
  'connection' => 'keep-alive',
  'upgrade-insecure-requests' => '1',
  'user-agent' => 'Mozilla/5.0 (Windows NT 6.2; Win64; x64) AppleWebKit/537.36 (KHTML, like Gecko) Chrome/63.0.3239.108 Safari/537.36',
  'accept' => 'text/html,application/xhtml+xml,application/xml;q=0.9,image/webp,image/apng,*/*;q=0.8',
  'referer' => 'http://localhost:8080/ksxt/public/seeCourse.html',
  'accept-encoding' => 'gzip, deflate, br',
  'accept-language' => 'zh-CN,zh;q=0.9',
  'cookie' => 'pgv_pvi=885587968; UM_distinctid=1604e3f9a402da-0f18eb8f23193f-464d0228-144000-1604e3f9a412e0; CNZZDATA1262147214=1018848878-1513136443-%7C1513136443; Hm_lvt_a313b1bc82855f63ddfeb747606b623d=1513141280; Hm_lvt_3e596473f0a94eed9fb907d97ff0fc52=1513141280; PHPSESSID=5r0paatfotntsr5ghqj4kie4s2',
)
[ info ] [ PARAM ] array (
  'id' => 'PT1NUQ',
)
[ info ] [ SESSION ] INIT array (
  'id' => '',
  'var_session_id' => '',
  'prefix' => 'think',
  'type' => '',
  'auto_start' => true,
)
[ info ] [ RUN ] app\index\controller\Grade->see[ D:\phpStudy\WWW\ksxt\application\index\controller\Grade.php ]
[ info ] [ DB ] INIT mysql
[ info ] [ VIEW ] D:\phpStudy\WWW\ksxt\public/../application/index\view\grade\see.html [ array (
  0 => 'data',
  1 => 'grade',
) ]
[ info ] [ LOG ] INIT File
[ sql ] [ DB ] CONNECT:[ UseTime:0.010132s ] mysql:host=127.0.0.1;dbname=ksxt;charset=utf8
[ sql ] [ SQL ] SHOW COLUMNS FROM `class` [ RunTime:0.008458s ]
[ sql ] [ SQL ] SELECT * FROM `class` WHERE (  `course_id` = 1 ) AND `class`.`class_delete_date` IS NULL [ RunTime:0.000577s ]
---------------------------------------------------------------
[ 2018-01-30T12:58:19+08:00 ] ::1 ::1 GET /ksxt/public/seeclassStudent/id/PT1NUQ.html
[ info ] localhost:8080/ksxt/public/seeclassStudent/id/PT1NUQ.html [运行时间：0.062436s][吞吐率：16.02req/s] [内存消耗：2,976.30kb] [文件加载：57]
[ info ] [ LANG ] D:\phpStudy\WWW\ksxt\thinkphp\lang\zh-cn.php
[ info ] [ ROUTE ] array (
  'type' => 'module',
  'module' => 
  array (
    0 => 'index',
    1 => 'Student',
    2 => 'see',
  ),
  'convert' => false,
)
[ info ] [ HEADER ] array (
  'host' => 'localhost:8080',
  'connection' => 'keep-alive',
  'upgrade-insecure-requests' => '1',
  'user-agent' => 'Mozilla/5.0 (Windows NT 6.2; Win64; x64) AppleWebKit/537.36 (KHTML, like Gecko) Chrome/63.0.3239.108 Safari/537.36',
  'accept' => 'text/html,application/xhtml+xml,application/xml;q=0.9,image/webp,image/apng,*/*;q=0.8',
  'referer' => 'http://localhost:8080/ksxt/public/seeClass/id/PT1NUQ.html',
  'accept-encoding' => 'gzip, deflate, br',
  'accept-language' => 'zh-CN,zh;q=0.9',
  'cookie' => 'pgv_pvi=885587968; UM_distinctid=1604e3f9a402da-0f18eb8f23193f-464d0228-144000-1604e3f9a412e0; CNZZDATA1262147214=1018848878-1513136443-%7C1513136443; Hm_lvt_a313b1bc82855f63ddfeb747606b623d=1513141280; Hm_lvt_3e596473f0a94eed9fb907d97ff0fc52=1513141280; PHPSESSID=5r0paatfotntsr5ghqj4kie4s2',
)
[ info ] [ PARAM ] array (
  'id' => 'PT1NUQ',
)
[ info ] [ SESSION ] INIT array (
  'id' => '',
  'var_session_id' => '',
  'prefix' => 'think',
  'type' => '',
  'auto_start' => true,
)
[ info ] [ RUN ] app\index\controller\Student->see[ D:\phpStudy\WWW\ksxt\application\index\controller\Student.php ]
[ info ] [ DB ] INIT mysql
[ info ] [ VIEW ] D:\phpStudy\WWW\ksxt\public/../application/index\view\student\see.html [ array (
  0 => 'data',
  1 => 'sdata',
) ]
[ info ] [ LOG ] INIT File
[ sql ] [ DB ] CONNECT:[ UseTime:0.010347s ] mysql:host=127.0.0.1;dbname=ksxt;charset=utf8
[ sql ] [ SQL ] SHOW COLUMNS FROM `student` [ RunTime:0.008718s ]
[ sql ] [ SQL ] SELECT `entryform`.`id` AS `id`,`student`.`user` AS `user`,`student`.`student_name` AS `name`,`student`.`sex` AS `sex`,`faculty`.`faculty_name` AS `fname`,`student`.`class` AS `class`,`student`.`email` AS `email` FROM `student`,`entryform`,`faculty` WHERE  (  student.id=entryform.student_id )  AND (  student.faculty_id=faculty.id )  AND `entryform`.`class_id` = '1' [ RunTime:0.000908s ]
---------------------------------------------------------------
[ 2018-01-30T12:58:48+08:00 ] ::1 ::1 GET /ksxt/public/seeCourse.html
[ info ] localhost:8080/ksxt/public/seeCourse.html [运行时间：0.059778s][吞吐率：16.73req/s] [内存消耗：3,003.34kb] [文件加载：58]
[ info ] [ LANG ] D:\phpStudy\WWW\ksxt\thinkphp\lang\zh-cn.php
[ info ] [ ROUTE ] array (
  'type' => 'module',
  'module' => 
  array (
    0 => 'index',
    1 => 'Course',
    2 => 'see',
  ),
  'convert' => false,
)
[ info ] [ HEADER ] array (
  'host' => 'localhost:8080',
  'connection' => 'keep-alive',
  'upgrade-insecure-requests' => '1',
  'user-agent' => 'Mozilla/5.0 (Windows NT 6.2; Win64; x64) AppleWebKit/537.36 (KHTML, like Gecko) Chrome/63.0.3239.108 Safari/537.36',
  'accept' => 'text/html,application/xhtml+xml,application/xml;q=0.9,image/webp,image/apng,*/*;q=0.8',
  'referer' => 'http://localhost:8080/ksxt/public/seeclassStudent/id/PT1NUQ.html',
  'accept-encoding' => 'gzip, deflate, br',
  'accept-language' => 'zh-CN,zh;q=0.9',
  'cookie' => 'pgv_pvi=885587968; UM_distinctid=1604e3f9a402da-0f18eb8f23193f-464d0228-144000-1604e3f9a412e0; CNZZDATA1262147214=1018848878-1513136443-%7C1513136443; Hm_lvt_a313b1bc82855f63ddfeb747606b623d=1513141280; Hm_lvt_3e596473f0a94eed9fb907d97ff0fc52=1513141280; PHPSESSID=5r0paatfotntsr5ghqj4kie4s2',
)
[ info ] [ PARAM ] array (
)
[ info ] [ SESSION ] INIT array (
  'id' => '',
  'var_session_id' => '',
  'prefix' => 'think',
  'type' => '',
  'auto_start' => true,
)
[ info ] [ RUN ] app\index\controller\Course->see[ D:\phpStudy\WWW\ksxt\application\index\controller\Course.php ]
[ info ] [ DB ] INIT mysql
[ info ] [ VIEW ] D:\phpStudy\WWW\ksxt\public/../application/index\view\course\see.html [ array (
  0 => 'data',
  1 => 'dataC',
) ]
[ info ] [ LOG ] INIT File
[ sql ] [ DB ] CONNECT:[ UseTime:0.011044s ] mysql:host=127.0.0.1;dbname=ksxt;charset=utf8
[ sql ] [ SQL ] SHOW COLUMNS FROM `course` [ RunTime:0.008404s ]
[ sql ] [ SQL ] SELECT * FROM `course` WHERE (  `teacher_id` = 1 ) AND `course`.`course_delete_date` IS NULL [ RunTime:0.000570s ]
---------------------------------------------------------------
[ 2018-01-30T12:58:49+08:00 ] ::1 ::1 GET /ksxt/public/seeClass/id/PT1NUQ.html
[ info ] localhost:8080/ksxt/public/seeClass/id/PT1NUQ.html [运行时间：0.057753s][吞吐率：17.32req/s] [内存消耗：3,012.11kb] [文件加载：58]
[ info ] [ LANG ] D:\phpStudy\WWW\ksxt\thinkphp\lang\zh-cn.php
[ info ] [ ROUTE ] array (
  'type' => 'module',
  'module' => 
  array (
    0 => 'index',
    1 => 'Grade',
    2 => 'see',
  ),
  'convert' => false,
)
[ info ] [ HEADER ] array (
  'host' => 'localhost:8080',
  'connection' => 'keep-alive',
  'upgrade-insecure-requests' => '1',
  'user-agent' => 'Mozilla/5.0 (Windows NT 6.2; Win64; x64) AppleWebKit/537.36 (KHTML, like Gecko) Chrome/63.0.3239.108 Safari/537.36',
  'accept' => 'text/html,application/xhtml+xml,application/xml;q=0.9,image/webp,image/apng,*/*;q=0.8',
  'referer' => 'http://localhost:8080/ksxt/public/seeCourse.html',
  'accept-encoding' => 'gzip, deflate, br',
  'accept-language' => 'zh-CN,zh;q=0.9',
  'cookie' => 'pgv_pvi=885587968; UM_distinctid=1604e3f9a402da-0f18eb8f23193f-464d0228-144000-1604e3f9a412e0; CNZZDATA1262147214=1018848878-1513136443-%7C1513136443; Hm_lvt_a313b1bc82855f63ddfeb747606b623d=1513141280; Hm_lvt_3e596473f0a94eed9fb907d97ff0fc52=1513141280; PHPSESSID=5r0paatfotntsr5ghqj4kie4s2',
)
[ info ] [ PARAM ] array (
  'id' => 'PT1NUQ',
)
[ info ] [ SESSION ] INIT array (
  'id' => '',
  'var_session_id' => '',
  'prefix' => 'think',
  'type' => '',
  'auto_start' => true,
)
[ info ] [ RUN ] app\index\controller\Grade->see[ D:\phpStudy\WWW\ksxt\application\index\controller\Grade.php ]
[ info ] [ DB ] INIT mysql
[ info ] [ VIEW ] D:\phpStudy\WWW\ksxt\public/../application/index\view\grade\see.html [ array (
  0 => 'data',
  1 => 'grade',
) ]
[ info ] [ LOG ] INIT File
[ sql ] [ DB ] CONNECT:[ UseTime:0.011024s ] mysql:host=127.0.0.1;dbname=ksxt;charset=utf8
[ sql ] [ SQL ] SHOW COLUMNS FROM `class` [ RunTime:0.007358s ]
[ sql ] [ SQL ] SELECT * FROM `class` WHERE (  `course_id` = 1 ) AND `class`.`class_delete_date` IS NULL [ RunTime:0.000426s ]
---------------------------------------------------------------
[ 2018-01-30T12:58:52+08:00 ] ::1 ::1 GET /ksxt/public/seePublished/id/PT1NUQ.html
[ info ] localhost:8080/ksxt/public/seePublished/id/PT1NUQ.html [运行时间：0.072133s][吞吐率：13.86req/s] [内存消耗：3,074.57kb] [文件加载：59]
[ info ] [ LANG ] D:\phpStudy\WWW\ksxt\thinkphp\lang\zh-cn.php
[ info ] [ ROUTE ] array (
  'type' => 'module',
  'module' => 
  array (
    0 => 'index',
    1 => 'Published',
    2 => 'see',
  ),
  'convert' => false,
)
[ info ] [ HEADER ] array (
  'host' => 'localhost:8080',
  'connection' => 'keep-alive',
  'upgrade-insecure-requests' => '1',
  'user-agent' => 'Mozilla/5.0 (Windows NT 6.2; Win64; x64) AppleWebKit/537.36 (KHTML, like Gecko) Chrome/63.0.3239.108 Safari/537.36',
  'accept' => 'text/html,application/xhtml+xml,application/xml;q=0.9,image/webp,image/apng,*/*;q=0.8',
  'referer' => 'http://localhost:8080/ksxt/public/seeClass/id/PT1NUQ.html',
  'accept-encoding' => 'gzip, deflate, br',
  'accept-language' => 'zh-CN,zh;q=0.9',
  'cookie' => 'pgv_pvi=885587968; UM_distinctid=1604e3f9a402da-0f18eb8f23193f-464d0228-144000-1604e3f9a412e0; CNZZDATA1262147214=1018848878-1513136443-%7C1513136443; Hm_lvt_a313b1bc82855f63ddfeb747606b623d=1513141280; Hm_lvt_3e596473f0a94eed9fb907d97ff0fc52=1513141280; PHPSESSID=5r0paatfotntsr5ghqj4kie4s2',
)
[ info ] [ PARAM ] array (
  'id' => 'PT1NUQ',
)
[ info ] [ SESSION ] INIT array (
  'id' => '',
  'var_session_id' => '',
  'prefix' => 'think',
  'type' => '',
  'auto_start' => true,
)
[ info ] [ RUN ] app\index\controller\Published->see[ D:\phpStudy\WWW\ksxt\application\index\controller\Published.php ]
[ info ] [ DB ] INIT mysql
[ info ] [ VIEW ] D:\phpStudy\WWW\ksxt\public/../application/index\view\published\see.html [ array (
  0 => 'data',
  1 => 'pdata',
  2 => 'edata',
) ]
[ info ] [ LOG ] INIT File
[ sql ] [ DB ] CONNECT:[ UseTime:0.011750s ] mysql:host=127.0.0.1;dbname=ksxt;charset=utf8
[ sql ] [ SQL ] SHOW COLUMNS FROM `published` [ RunTime:0.009280s ]
[ sql ] [ SQL ] SELECT `published`.`id` AS `id`,`published`.`exam_id` AS `sid`,`examination`.`examination_name` AS `name`,`published`.`strat` AS `strat`,`published`.`length` AS `length`,`published`.`size` AS `size`,`published`.`date` AS `date` FROM `published`,`examination` WHERE  (  published.exam_id=examination.id )  AND `published`.`class_id` = '1' [ RunTime:0.000442s ]
[ sql ] [ SQL ] SHOW COLUMNS FROM `examination` [ RunTime:0.006625s ]
[ sql ] [ SQL ] SELECT * FROM `examination` WHERE (  `teacher_id` = 1 ) AND `examination`.`examination_delete_date` IS NULL [ RunTime:0.000655s ]
---------------------------------------------------------------
[ 2018-01-30T19:05:34+08:00 ] ::1 ::1 GET /ksxt/public/
[ info ] localhost:8080/ksxt/public/ [运行时间：0.028076s][吞吐率：35.62req/s] [内存消耗：1,902.28kb] [文件加载：47]
[ info ] [ LANG ] D:\phpStudy\WWW\ksxt\thinkphp\lang\zh-cn.php
[ info ] [ ROUTE ] array (
  'type' => 'module',
  'module' => 
  array (
    0 => '',
    1 => NULL,
    2 => NULL,
  ),
)
[ info ] [ HEADER ] array (
  'host' => 'localhost:8080',
  'connection' => 'keep-alive',
  'user-agent' => 'Mozilla/5.0 (Windows NT 6.2; Win64; x64) AppleWebKit/537.36 (KHTML, like Gecko) Chrome/63.0.3239.108 Safari/537.36',
  'upgrade-insecure-requests' => '1',
  'accept' => 'text/html,application/xhtml+xml,application/xml;q=0.9,image/webp,image/apng,*/*;q=0.8',
  'accept-encoding' => 'gzip, deflate, br',
  'accept-language' => 'zh-CN,zh;q=0.9',
  'cookie' => 'pgv_pvi=885587968; UM_distinctid=1604e3f9a402da-0f18eb8f23193f-464d0228-144000-1604e3f9a412e0; CNZZDATA1262147214=1018848878-1513136443-%7C1513136443; Hm_lvt_a313b1bc82855f63ddfeb747606b623d=1513141280; Hm_lvt_3e596473f0a94eed9fb907d97ff0fc52=1513141280',
)
[ info ] [ PARAM ] array (
)
[ info ] [ RUN ] app\index\controller\Index->index[ D:\phpStudy\WWW\ksxt\application\index\controller\Index.php ]
[ info ] [ VIEW ] D:\phpStudy\WWW\ksxt\public/../application/index\view\index\index.html [ array (
) ]
[ info ] [ LOG ] INIT File
---------------------------------------------------------------
[ 2018-01-30T19:05:36+08:00 ] ::1 ::1 GET /ksxt/public/login.html
[ info ] localhost:8080/ksxt/public/login.html [运行时间：0.025748s][吞吐率：38.84req/s] [内存消耗：1,899.98kb] [文件加载：47]
[ info ] [ LANG ] D:\phpStudy\WWW\ksxt\thinkphp\lang\zh-cn.php
[ info ] [ ROUTE ] array (
  'type' => 'module',
  'module' => 
  array (
    0 => 'index',
    1 => 'Index',
    2 => 'login',
  ),
  'convert' => false,
)
[ info ] [ HEADER ] array (
  'host' => 'localhost:8080',
  'connection' => 'keep-alive',
  'upgrade-insecure-requests' => '1',
  'user-agent' => 'Mozilla/5.0 (Windows NT 6.2; Win64; x64) AppleWebKit/537.36 (KHTML, like Gecko) Chrome/63.0.3239.108 Safari/537.36',
  'accept' => 'text/html,application/xhtml+xml,application/xml;q=0.9,image/webp,image/apng,*/*;q=0.8',
  'referer' => 'http://localhost:8080/ksxt/public/',
  'accept-encoding' => 'gzip, deflate, br',
  'accept-language' => 'zh-CN,zh;q=0.9',
  'cookie' => 'pgv_pvi=885587968; UM_distinctid=1604e3f9a402da-0f18eb8f23193f-464d0228-144000-1604e3f9a412e0; CNZZDATA1262147214=1018848878-1513136443-%7C1513136443; Hm_lvt_a313b1bc82855f63ddfeb747606b623d=1513141280; Hm_lvt_3e596473f0a94eed9fb907d97ff0fc52=1513141280',
)
[ info ] [ PARAM ] array (
)
[ info ] [ RUN ] app\index\controller\Index->login[ D:\phpStudy\WWW\ksxt\application\index\controller\Index.php ]
[ info ] [ VIEW ] D:\phpStudy\WWW\ksxt\public/../application/index\view\index\login.html [ array (
) ]
[ info ] [ LOG ] INIT File
---------------------------------------------------------------
[ 2018-01-30T19:05:36+08:00 ] ::1 ::1 GET /ksxt/public/captcha.html
[ info ] localhost:8080/ksxt/public/captcha.html [运行时间：0.026620s][吞吐率：37.57req/s] [内存消耗：1,585.80kb] [文件加载：39]
[ info ] [ LANG ] D:\phpStudy\WWW\ksxt\thinkphp\lang\zh-cn.php
[ info ] [ ROUTE ] array (
  'type' => 'method',
  'method' => 
  array (
    0 => '\\think\\captcha\\CaptchaController',
    1 => 'index',
  ),
  'var' => 
  array (
  ),
)
[ info ] [ HEADER ] array (
  'host' => 'localhost:8080',
  'connection' => 'keep-alive',
  'user-agent' => 'Mozilla/5.0 (Windows NT 6.2; Win64; x64) AppleWebKit/537.36 (KHTML, like Gecko) Chrome/63.0.3239.108 Safari/537.36',
  'accept' => 'image/webp,image/apng,image/*,*/*;q=0.8',
  'referer' => 'http://localhost:8080/ksxt/public/login.html',
  'accept-encoding' => 'gzip, deflate, br',
  'accept-language' => 'zh-CN,zh;q=0.9',
  'cookie' => 'pgv_pvi=885587968; UM_distinctid=1604e3f9a402da-0f18eb8f23193f-464d0228-144000-1604e3f9a412e0; CNZZDATA1262147214=1018848878-1513136443-%7C1513136443; Hm_lvt_a313b1bc82855f63ddfeb747606b623d=1513141280; Hm_lvt_3e596473f0a94eed9fb907d97ff0fc52=1513141280',
)
[ info ] [ PARAM ] array (
  'id' => NULL,
)
[ info ] [ RUN ] think\captcha\CaptchaController->index[ D:\phpStudy\WWW\ksxt\vendor\topthink\think-captcha\src\CaptchaController.php ]
[ info ] [ SESSION ] INIT array (
  'id' => '',
  'var_session_id' => '',
  'prefix' => 'think',
  'type' => '',
  'auto_start' => true,
)
[ info ] [ LOG ] INIT File
---------------------------------------------------------------
[ 2018-01-30T19:05:53+08:00 ] ::1 ::1 POST /ksxt/public/le
[ info ] localhost:8080/ksxt/public/le [运行时间：0.061250s][吞吐率：16.33req/s] [内存消耗：2,993.92kb] [文件加载：57]
[ info ] [ LANG ] D:\phpStudy\WWW\ksxt\thinkphp\lang\zh-cn.php
[ info ] [ ROUTE ] array (
  'type' => 'module',
  'module' => 
  array (
    0 => 'index',
    1 => 'Index',
    2 => 'loginEfficacy',
  ),
  'convert' => false,
)
[ info ] [ HEADER ] array (
  'host' => 'localhost:8080',
  'connection' => 'keep-alive',
  'content-length' => '47',
  'accept' => '*/*',
  'origin' => 'http://localhost:8080',
  'x-requested-with' => 'XMLHttpRequest',
  'user-agent' => 'Mozilla/5.0 (Windows NT 6.2; Win64; x64) AppleWebKit/537.36 (KHTML, like Gecko) Chrome/63.0.3239.108 Safari/537.36',
  'content-type' => 'application/x-www-form-urlencoded; charset=UTF-8',
  'referer' => 'http://localhost:8080/ksxt/public/login.html',
  'accept-encoding' => 'gzip, deflate, br',
  'accept-language' => 'zh-CN,zh;q=0.9',
  'cookie' => 'pgv_pvi=885587968; UM_distinctid=1604e3f9a402da-0f18eb8f23193f-464d0228-144000-1604e3f9a412e0; CNZZDATA1262147214=1018848878-1513136443-%7C1513136443; Hm_lvt_a313b1bc82855f63ddfeb747606b623d=1513141280; Hm_lvt_3e596473f0a94eed9fb907d97ff0fc52=1513141280; PHPSESSID=03up81naa86mulmbtdui3c3lr4',
)
[ info ] [ PARAM ] array (
  'type' => '1',
  'user' => '123456',
  'password' => '123456',
  'captcha' => 'ankf',
)
[ info ] [ RUN ] app\index\controller\Index->loginEfficacy[ D:\phpStudy\WWW\ksxt\application\index\controller\Index.php ]
[ info ] [ SESSION ] INIT array (
  'id' => '',
  'var_session_id' => '',
  'prefix' => 'think',
  'type' => '',
  'auto_start' => true,
)
[ info ] [ DB ] INIT mysql
[ info ] [ LOG ] INIT File
[ sql ] [ DB ] CONNECT:[ UseTime:0.003893s ] mysql:host=127.0.0.1;dbname=ksxt;charset=utf8
[ sql ] [ SQL ] SHOW COLUMNS FROM `teacher` [ RunTime:0.008807s ]
[ sql ] [ SQL ] SELECT * FROM `teacher` WHERE  `user` = '123456' LIMIT 1 [ RunTime:0.000598s ]
[ sql ] [ SQL ] SELECT `teacher`.`id` AS `id`,`teacher`.`user` AS `user`,`teacher`.`teacher_name` AS `name`,`teacher`.`sex` AS `sex`,`faculty`.`faculty_name` AS `faculty`,`teacher`.`headimg` AS `headimg`,`teacher`.`email` AS `email`,`teacher`.`sign` AS `sign`,`skin`.`skin_name` AS `skinName`,`skin`.`skin_img` AS `skinImg` FROM `teacher`,`skin`,`faculty` WHERE  (  teacher.skin_id=skin.id )  AND (  teacher.faculty_id=faculty.id )  AND `teacher`.`id` = '1' [ RunTime:0.001737s ]
---------------------------------------------------------------
[ 2018-01-30T19:05:53+08:00 ] ::1 ::1 GET /ksxt/public/personalDetails
[ info ] localhost:8080/ksxt/public/personalDetails [运行时间：0.025728s][吞吐率：38.87req/s] [内存消耗：1,914.20kb] [文件加载：47]
[ info ] [ LANG ] D:\phpStudy\WWW\ksxt\thinkphp\lang\zh-cn.php
[ info ] [ ROUTE ] array (
  'type' => 'module',
  'module' => 
  array (
    0 => 'index',
    1 => 'Teacher',
    2 => 'personalDetails',
  ),
  'convert' => false,
)
[ info ] [ HEADER ] array (
  'host' => 'localhost:8080',
  'connection' => 'keep-alive',
  'upgrade-insecure-requests' => '1',
  'user-agent' => 'Mozilla/5.0 (Windows NT 6.2; Win64; x64) AppleWebKit/537.36 (KHTML, like Gecko) Chrome/63.0.3239.108 Safari/537.36',
  'accept' => 'text/html,application/xhtml+xml,application/xml;q=0.9,image/webp,image/apng,*/*;q=0.8',
  'referer' => 'http://localhost:8080/ksxt/public/login.html',
  'accept-encoding' => 'gzip, deflate, br',
  'accept-language' => 'zh-CN,zh;q=0.9',
  'cookie' => 'pgv_pvi=885587968; UM_distinctid=1604e3f9a402da-0f18eb8f23193f-464d0228-144000-1604e3f9a412e0; CNZZDATA1262147214=1018848878-1513136443-%7C1513136443; Hm_lvt_a313b1bc82855f63ddfeb747606b623d=1513141280; Hm_lvt_3e596473f0a94eed9fb907d97ff0fc52=1513141280; PHPSESSID=03up81naa86mulmbtdui3c3lr4',
)
[ info ] [ PARAM ] array (
)
[ info ] [ SESSION ] INIT array (
  'id' => '',
  'var_session_id' => '',
  'prefix' => 'think',
  'type' => '',
  'auto_start' => true,
)
[ info ] [ RUN ] app\index\controller\Teacher->personalDetails[ D:\phpStudy\WWW\ksxt\application\index\controller\Teacher.php ]
[ info ] [ VIEW ] D:\phpStudy\WWW\ksxt\public/../application/index\view\teacher\personalDetails.html [ array (
  0 => 'data',
) ]
[ info ] [ LOG ] INIT File
---------------------------------------------------------------
[ 2018-01-30T19:05:55+08:00 ] ::1 ::1 GET /ksxt/public/seeCourse.html
[ info ] localhost:8080/ksxt/public/seeCourse.html [运行时间：0.064148s][吞吐率：15.59req/s] [内存消耗：3,003.10kb] [文件加载：58]
[ info ] [ LANG ] D:\phpStudy\WWW\ksxt\thinkphp\lang\zh-cn.php
[ info ] [ ROUTE ] array (
  'type' => 'module',
  'module' => 
  array (
    0 => 'index',
    1 => 'Course',
    2 => 'see',
  ),
  'convert' => false,
)
[ info ] [ HEADER ] array (
  'host' => 'localhost:8080',
  'connection' => 'keep-alive',
  'upgrade-insecure-requests' => '1',
  'user-agent' => 'Mozilla/5.0 (Windows NT 6.2; Win64; x64) AppleWebKit/537.36 (KHTML, like Gecko) Chrome/63.0.3239.108 Safari/537.36',
  'accept' => 'text/html,application/xhtml+xml,application/xml;q=0.9,image/webp,image/apng,*/*;q=0.8',
  'referer' => 'http://localhost:8080/ksxt/public/personalDetails',
  'accept-encoding' => 'gzip, deflate, br',
  'accept-language' => 'zh-CN,zh;q=0.9',
  'cookie' => 'pgv_pvi=885587968; UM_distinctid=1604e3f9a402da-0f18eb8f23193f-464d0228-144000-1604e3f9a412e0; CNZZDATA1262147214=1018848878-1513136443-%7C1513136443; Hm_lvt_a313b1bc82855f63ddfeb747606b623d=1513141280; Hm_lvt_3e596473f0a94eed9fb907d97ff0fc52=1513141280; PHPSESSID=03up81naa86mulmbtdui3c3lr4',
)
[ info ] [ PARAM ] array (
)
[ info ] [ SESSION ] INIT array (
  'id' => '',
  'var_session_id' => '',
  'prefix' => 'think',
  'type' => '',
  'auto_start' => true,
)
[ info ] [ RUN ] app\index\controller\Course->see[ D:\phpStudy\WWW\ksxt\application\index\controller\Course.php ]
[ info ] [ DB ] INIT mysql
[ info ] [ VIEW ] D:\phpStudy\WWW\ksxt\public/../application/index\view\course\see.html [ array (
  0 => 'data',
  1 => 'dataC',
) ]
[ info ] [ LOG ] INIT File
[ sql ] [ DB ] CONNECT:[ UseTime:0.011439s ] mysql:host=127.0.0.1;dbname=ksxt;charset=utf8
[ sql ] [ SQL ] SHOW COLUMNS FROM `course` [ RunTime:0.006646s ]
[ sql ] [ SQL ] SELECT * FROM `course` WHERE (  `teacher_id` = 1 ) AND `course`.`course_delete_date` IS NULL [ RunTime:0.000421s ]
---------------------------------------------------------------
[ 2018-01-30T19:05:57+08:00 ] ::1 ::1 GET /ksxt/public/seeClass/id/PT1NUQ.html
[ info ] localhost:8080/ksxt/public/seeClass/id/PT1NUQ.html [运行时间：0.062971s][吞吐率：15.88req/s] [内存消耗：3,012.08kb] [文件加载：58]
[ info ] [ LANG ] D:\phpStudy\WWW\ksxt\thinkphp\lang\zh-cn.php
[ info ] [ ROUTE ] array (
  'type' => 'module',
  'module' => 
  array (
    0 => 'index',
    1 => 'Grade',
    2 => 'see',
  ),
  'convert' => false,
)
[ info ] [ HEADER ] array (
  'host' => 'localhost:8080',
  'connection' => 'keep-alive',
  'upgrade-insecure-requests' => '1',
  'user-agent' => 'Mozilla/5.0 (Windows NT 6.2; Win64; x64) AppleWebKit/537.36 (KHTML, like Gecko) Chrome/63.0.3239.108 Safari/537.36',
  'accept' => 'text/html,application/xhtml+xml,application/xml;q=0.9,image/webp,image/apng,*/*;q=0.8',
  'referer' => 'http://localhost:8080/ksxt/public/seeCourse.html',
  'accept-encoding' => 'gzip, deflate, br',
  'accept-language' => 'zh-CN,zh;q=0.9',
  'cookie' => 'pgv_pvi=885587968; UM_distinctid=1604e3f9a402da-0f18eb8f23193f-464d0228-144000-1604e3f9a412e0; CNZZDATA1262147214=1018848878-1513136443-%7C1513136443; Hm_lvt_a313b1bc82855f63ddfeb747606b623d=1513141280; Hm_lvt_3e596473f0a94eed9fb907d97ff0fc52=1513141280; PHPSESSID=03up81naa86mulmbtdui3c3lr4',
)
[ info ] [ PARAM ] array (
  'id' => 'PT1NUQ',
)
[ info ] [ SESSION ] INIT array (
  'id' => '',
  'var_session_id' => '',
  'prefix' => 'think',
  'type' => '',
  'auto_start' => true,
)
[ info ] [ RUN ] app\index\controller\Grade->see[ D:\phpStudy\WWW\ksxt\application\index\controller\Grade.php ]
[ info ] [ DB ] INIT mysql
[ info ] [ VIEW ] D:\phpStudy\WWW\ksxt\public/../application/index\view\grade\see.html [ array (
  0 => 'data',
  1 => 'grade',
) ]
[ info ] [ LOG ] INIT File
[ sql ] [ DB ] CONNECT:[ UseTime:0.010947s ] mysql:host=127.0.0.1;dbname=ksxt;charset=utf8
[ sql ] [ SQL ] SHOW COLUMNS FROM `class` [ RunTime:0.007192s ]
[ sql ] [ SQL ] SELECT * FROM `class` WHERE (  `course_id` = 1 ) AND `class`.`class_delete_date` IS NULL [ RunTime:0.000573s ]
---------------------------------------------------------------
[ 2018-01-30T19:05:59+08:00 ] ::1 ::1 GET /ksxt/public/seePublished/id/PT1NUQ.html
[ info ] localhost:8080/ksxt/public/seePublished/id/PT1NUQ.html [运行时间：0.070221s][吞吐率：14.24req/s] [内存消耗：3,074.57kb] [文件加载：59]
[ info ] [ LANG ] D:\phpStudy\WWW\ksxt\thinkphp\lang\zh-cn.php
[ info ] [ ROUTE ] array (
  'type' => 'module',
  'module' => 
  array (
    0 => 'index',
    1 => 'Published',
    2 => 'see',
  ),
  'convert' => false,
)
[ info ] [ HEADER ] array (
  'host' => 'localhost:8080',
  'connection' => 'keep-alive',
  'upgrade-insecure-requests' => '1',
  'user-agent' => 'Mozilla/5.0 (Windows NT 6.2; Win64; x64) AppleWebKit/537.36 (KHTML, like Gecko) Chrome/63.0.3239.108 Safari/537.36',
  'accept' => 'text/html,application/xhtml+xml,application/xml;q=0.9,image/webp,image/apng,*/*;q=0.8',
  'referer' => 'http://localhost:8080/ksxt/public/seeClass/id/PT1NUQ.html',
  'accept-encoding' => 'gzip, deflate, br',
  'accept-language' => 'zh-CN,zh;q=0.9',
  'cookie' => 'pgv_pvi=885587968; UM_distinctid=1604e3f9a402da-0f18eb8f23193f-464d0228-144000-1604e3f9a412e0; CNZZDATA1262147214=1018848878-1513136443-%7C1513136443; Hm_lvt_a313b1bc82855f63ddfeb747606b623d=1513141280; Hm_lvt_3e596473f0a94eed9fb907d97ff0fc52=1513141280; PHPSESSID=03up81naa86mulmbtdui3c3lr4',
)
[ info ] [ PARAM ] array (
  'id' => 'PT1NUQ',
)
[ info ] [ SESSION ] INIT array (
  'id' => '',
  'var_session_id' => '',
  'prefix' => 'think',
  'type' => '',
  'auto_start' => true,
)
[ info ] [ RUN ] app\index\controller\Published->see[ D:\phpStudy\WWW\ksxt\application\index\controller\Published.php ]
[ info ] [ DB ] INIT mysql
[ info ] [ VIEW ] D:\phpStudy\WWW\ksxt\public/../application/index\view\published\see.html [ array (
  0 => 'data',
  1 => 'pdata',
  2 => 'edata',
) ]
[ info ] [ LOG ] INIT File
[ sql ] [ DB ] CONNECT:[ UseTime:0.010879s ] mysql:host=127.0.0.1;dbname=ksxt;charset=utf8
[ sql ] [ SQL ] SHOW COLUMNS FROM `published` [ RunTime:0.008284s ]
[ sql ] [ SQL ] SELECT `published`.`id` AS `id`,`published`.`exam_id` AS `sid`,`examination`.`examination_name` AS `name`,`published`.`strat` AS `strat`,`published`.`length` AS `length`,`published`.`size` AS `size`,`published`.`date` AS `date` FROM `published`,`examination` WHERE  (  published.exam_id=examination.id )  AND `published`.`class_id` = '1' [ RunTime:0.000854s ]
[ sql ] [ SQL ] SHOW COLUMNS FROM `examination` [ RunTime:0.008748s ]
[ sql ] [ SQL ] SELECT * FROM `examination` WHERE (  `teacher_id` = 1 ) AND `examination`.`examination_delete_date` IS NULL [ RunTime:0.000532s ]
---------------------------------------------------------------
[ 2018-01-30T19:07:44+08:00 ] ::1 ::1 POST /ksxt/public/deletePS
[ info ] localhost:8080/ksxt/public/deletePS [运行时间：0.057433s][吞吐率：17.41req/s] [内存消耗：3,000.34kb] [文件加载：58]
[ info ] [ LANG ] D:\phpStudy\WWW\ksxt\thinkphp\lang\zh-cn.php
[ info ] [ ROUTE ] array (
  'type' => 'module',
  'module' => 
  array (
    0 => 'index',
    1 => 'Published',
    2 => 'delete',
  ),
  'convert' => false,
)
[ info ] [ HEADER ] array (
  'host' => 'localhost:8080',
  'connection' => 'keep-alive',
  'content-length' => '9',
  'accept' => '*/*',
  'origin' => 'http://localhost:8080',
  'x-requested-with' => 'XMLHttpRequest',
  'user-agent' => 'Mozilla/5.0 (Windows NT 6.2; Win64; x64) AppleWebKit/537.36 (KHTML, like Gecko) Chrome/63.0.3239.108 Safari/537.36',
  'content-type' => 'application/x-www-form-urlencoded; charset=UTF-8',
  'referer' => 'http://localhost:8080/ksxt/public/seePublished/id/PT1NUQ.html',
  'accept-encoding' => 'gzip, deflate, br',
  'accept-language' => 'zh-CN,zh;q=0.9',
  'cookie' => 'pgv_pvi=885587968; UM_distinctid=1604e3f9a402da-0f18eb8f23193f-464d0228-144000-1604e3f9a412e0; CNZZDATA1262147214=1018848878-1513136443-%7C1513136443; Hm_lvt_a313b1bc82855f63ddfeb747606b623d=1513141280; Hm_lvt_3e596473f0a94eed9fb907d97ff0fc52=1513141280; PHPSESSID=03up81naa86mulmbtdui3c3lr4',
)
[ info ] [ PARAM ] array (
  'id' => 'PT1PUQ',
)
[ info ] [ SESSION ] INIT array (
  'id' => '',
  'var_session_id' => '',
  'prefix' => 'think',
  'type' => '',
  'auto_start' => true,
)
[ info ] [ RUN ] app\index\controller\Published->delete[ D:\phpStudy\WWW\ksxt\application\index\controller\Published.php ]
[ info ] [ DB ] INIT mysql
[ info ] [ CACHE ] INIT File
[ info ] [ LOG ] INIT File
[ sql ] [ DB ] CONNECT:[ UseTime:0.009982s ] mysql:host=127.0.0.1;dbname=ksxt;charset=utf8
[ sql ] [ SQL ] SHOW COLUMNS FROM `published` [ RunTime:0.007681s ]
[ sql ] [ SQL ] SELECT * FROM `published` WHERE  `id` IN (9) [ RunTime:0.000464s ]
[ sql ] [ SQL ] DELETE FROM `published`    WHERE  `id` = 9 [ RunTime:0.000780s ]
---------------------------------------------------------------
[ 2018-01-30T19:07:44+08:00 ] ::1 ::1 GET /ksxt/public/seePublished/id/PT1NUQ.html
[ info ] localhost:8080/ksxt/public/seePublished/id/PT1NUQ.html [运行时间：0.066106s][吞吐率：15.13req/s] [内存消耗：3,073.63kb] [文件加载：59]
[ info ] [ LANG ] D:\phpStudy\WWW\ksxt\thinkphp\lang\zh-cn.php
[ info ] [ ROUTE ] array (
  'type' => 'module',
  'module' => 
  array (
    0 => 'index',
    1 => 'Published',
    2 => 'see',
  ),
  'convert' => false,
)
[ info ] [ HEADER ] array (
  'host' => 'localhost:8080',
  'connection' => 'keep-alive',
  'upgrade-insecure-requests' => '1',
  'user-agent' => 'Mozilla/5.0 (Windows NT 6.2; Win64; x64) AppleWebKit/537.36 (KHTML, like Gecko) Chrome/63.0.3239.108 Safari/537.36',
  'accept' => 'text/html,application/xhtml+xml,application/xml;q=0.9,image/webp,image/apng,*/*;q=0.8',
  'referer' => 'http://localhost:8080/ksxt/public/seePublished/id/PT1NUQ.html',
  'accept-encoding' => 'gzip, deflate, br',
  'accept-language' => 'zh-CN,zh;q=0.9',
  'cookie' => 'pgv_pvi=885587968; UM_distinctid=1604e3f9a402da-0f18eb8f23193f-464d0228-144000-1604e3f9a412e0; CNZZDATA1262147214=1018848878-1513136443-%7C1513136443; Hm_lvt_a313b1bc82855f63ddfeb747606b623d=1513141280; Hm_lvt_3e596473f0a94eed9fb907d97ff0fc52=1513141280; PHPSESSID=03up81naa86mulmbtdui3c3lr4',
)
[ info ] [ PARAM ] array (
  'id' => 'PT1NUQ',
)
[ info ] [ SESSION ] INIT array (
  'id' => '',
  'var_session_id' => '',
  'prefix' => 'think',
  'type' => '',
  'auto_start' => true,
)
[ info ] [ RUN ] app\index\controller\Published->see[ D:\phpStudy\WWW\ksxt\application\index\controller\Published.php ]
[ info ] [ DB ] INIT mysql
[ info ] [ VIEW ] D:\phpStudy\WWW\ksxt\public/../application/index\view\published\see.html [ array (
  0 => 'data',
  1 => 'pdata',
  2 => 'edata',
) ]
[ info ] [ LOG ] INIT File
[ sql ] [ DB ] CONNECT:[ UseTime:0.010520s ] mysql:host=127.0.0.1;dbname=ksxt;charset=utf8
[ sql ] [ SQL ] SHOW COLUMNS FROM `published` [ RunTime:0.007855s ]
[ sql ] [ SQL ] SELECT `published`.`id` AS `id`,`published`.`exam_id` AS `sid`,`examination`.`examination_name` AS `name`,`published`.`strat` AS `strat`,`published`.`length` AS `length`,`published`.`size` AS `size`,`published`.`date` AS `date` FROM `published`,`examination` WHERE  (  published.exam_id=examination.id )  AND `published`.`class_id` = '1' [ RunTime:0.000460s ]
[ sql ] [ SQL ] SHOW COLUMNS FROM `examination` [ RunTime:0.007507s ]
[ sql ] [ SQL ] SELECT * FROM `examination` WHERE (  `teacher_id` = 1 ) AND `examination`.`examination_delete_date` IS NULL [ RunTime:0.000567s ]
---------------------------------------------------------------
[ 2018-01-30T19:12:38+08:00 ] ::1 ::1 GET /ksxt/public/seePublished/id/PT1NUQ.html
[ info ] localhost:8080/ksxt/public/seePublished/id/PT1NUQ.html [运行时间：0.083442s][吞吐率：11.98req/s] [内存消耗：3,245.34kb] [文件加载：61]
[ info ] [ LANG ] D:\phpStudy\WWW\ksxt\thinkphp\lang\zh-cn.php
[ info ] [ ROUTE ] array (
  'type' => 'module',
  'module' => 
  array (
    0 => 'index',
    1 => 'Published',
    2 => 'see',
  ),
  'convert' => false,
)
[ info ] [ HEADER ] array (
  'host' => 'localhost:8080',
  'connection' => 'keep-alive',
  'cache-control' => 'max-age=0',
  'user-agent' => 'Mozilla/5.0 (Windows NT 6.2; Win64; x64) AppleWebKit/537.36 (KHTML, like Gecko) Chrome/63.0.3239.108 Safari/537.36',
  'upgrade-insecure-requests' => '1',
  'accept' => 'text/html,application/xhtml+xml,application/xml;q=0.9,image/webp,image/apng,*/*;q=0.8',
  'referer' => 'http://localhost:8080/ksxt/public/seePublished/id/PT1NUQ.html',
  'accept-encoding' => 'gzip, deflate, br',
  'accept-language' => 'zh-CN,zh;q=0.9',
  'cookie' => 'pgv_pvi=885587968; UM_distinctid=1604e3f9a402da-0f18eb8f23193f-464d0228-144000-1604e3f9a412e0; CNZZDATA1262147214=1018848878-1513136443-%7C1513136443; Hm_lvt_a313b1bc82855f63ddfeb747606b623d=1513141280; Hm_lvt_3e596473f0a94eed9fb907d97ff0fc52=1513141280; PHPSESSID=03up81naa86mulmbtdui3c3lr4',
)
[ info ] [ PARAM ] array (
  'id' => 'PT1NUQ',
)
[ info ] [ SESSION ] INIT array (
  'id' => '',
  'var_session_id' => '',
  'prefix' => 'think',
  'type' => '',
  'auto_start' => true,
)
[ info ] [ RUN ] app\index\controller\Published->see[ D:\phpStudy\WWW\ksxt\application\index\controller\Published.php ]
[ info ] [ DB ] INIT mysql
[ info ] [ VIEW ] D:\phpStudy\WWW\ksxt\public/../application/index\view\published\see.html [ array (
  0 => 'data',
  1 => 'pdata',
  2 => 'edata',
) ]
[ info ] [ LOG ] INIT File
[ sql ] [ DB ] CONNECT:[ UseTime:0.011000s ] mysql:host=127.0.0.1;dbname=ksxt;charset=utf8
[ sql ] [ SQL ] SHOW COLUMNS FROM `published` [ RunTime:0.007475s ]
[ sql ] [ SQL ] SELECT `published`.`id` AS `id`,`published`.`exam_id` AS `sid`,`examination`.`examination_name` AS `name`,`published`.`strat` AS `strat`,`published`.`length` AS `length`,`published`.`size` AS `size`,`published`.`date` AS `date` FROM `published`,`examination` WHERE  (  published.exam_id=examination.id )  AND `published`.`class_id` = '1' [ RunTime:0.000595s ]
[ sql ] [ SQL ] SHOW COLUMNS FROM `examination` [ RunTime:0.009716s ]
[ sql ] [ SQL ] SELECT * FROM `examination` WHERE (  `teacher_id` = 1 ) AND `examination`.`examination_delete_date` IS NULL [ RunTime:0.000541s ]
---------------------------------------------------------------
[ 2018-01-30T19:12:45+08:00 ] ::1 ::1 POST /ksxt/public/getPD
[ info ] localhost:8080/ksxt/public/getPD [运行时间：0.054348s][吞吐率：18.40req/s] [内存消耗：2,918.70kb] [文件加载：55]
[ info ] [ LANG ] D:\phpStudy\WWW\ksxt\thinkphp\lang\zh-cn.php
[ info ] [ ROUTE ] array (
  'type' => 'module',
  'module' => 
  array (
    0 => 'index',
    1 => 'Published',
    2 => 'select',
  ),
  'convert' => false,
)
[ info ] [ HEADER ] array (
  'host' => 'localhost:8080',
  'connection' => 'keep-alive',
  'content-length' => '9',
  'accept' => '*/*',
  'origin' => 'http://localhost:8080',
  'x-requested-with' => 'XMLHttpRequest',
  'user-agent' => 'Mozilla/5.0 (Windows NT 6.2; Win64; x64) AppleWebKit/537.36 (KHTML, like Gecko) Chrome/63.0.3239.108 Safari/537.36',
  'content-type' => 'application/x-www-form-urlencoded; charset=UTF-8',
  'referer' => 'http://localhost:8080/ksxt/public/seePublished/id/PT1NUQ.html',
  'accept-encoding' => 'gzip, deflate, br',
  'accept-language' => 'zh-CN,zh;q=0.9',
  'cookie' => 'pgv_pvi=885587968; UM_distinctid=1604e3f9a402da-0f18eb8f23193f-464d0228-144000-1604e3f9a412e0; CNZZDATA1262147214=1018848878-1513136443-%7C1513136443; Hm_lvt_a313b1bc82855f63ddfeb747606b623d=1513141280; Hm_lvt_3e596473f0a94eed9fb907d97ff0fc52=1513141280; PHPSESSID=03up81naa86mulmbtdui3c3lr4',
)
[ info ] [ PARAM ] array (
  'id' => 'PT1Odw',
)
[ info ] [ SESSION ] INIT array (
  'id' => '',
  'var_session_id' => '',
  'prefix' => 'think',
  'type' => '',
  'auto_start' => true,
)
[ info ] [ RUN ] app\index\controller\Published->select[ D:\phpStudy\WWW\ksxt\application\index\controller\Published.php ]
[ info ] [ DB ] INIT mysql
[ info ] [ LOG ] INIT File
[ sql ] [ DB ] CONNECT:[ UseTime:0.010201s ] mysql:host=127.0.0.1;dbname=ksxt;charset=utf8
[ sql ] [ SQL ] SHOW COLUMNS FROM `published` [ RunTime:0.006550s ]
[ sql ] [ SQL ] SELECT `published`.`id` AS `id`,`published`.`strat` AS `strat`,`published`.`length` AS `length`,`published`.`size` AS `size`,`examination`.`examination_name` AS `name` FROM `published`,`examination` WHERE  (  published.exam_id=examination.id )  AND `published`.`id` = '7' [ RunTime:0.000588s ]
---------------------------------------------------------------
[ 2018-01-30T19:13:34+08:00 ] ::1 ::1 GET /ksxt/public/seePublished/id/PT1NUQ.html
[ info ] localhost:8080/ksxt/public/seePublished/id/PT1NUQ.html [运行时间：0.075515s][吞吐率：13.24req/s] [内存消耗：3,245.30kb] [文件加载：61]
[ info ] [ LANG ] D:\phpStudy\WWW\ksxt\thinkphp\lang\zh-cn.php
[ info ] [ ROUTE ] array (
  'type' => 'module',
  'module' => 
  array (
    0 => 'index',
    1 => 'Published',
    2 => 'see',
  ),
  'convert' => false,
)
[ info ] [ HEADER ] array (
  'host' => 'localhost:8080',
  'connection' => 'keep-alive',
  'cache-control' => 'max-age=0',
  'user-agent' => 'Mozilla/5.0 (Windows NT 6.2; Win64; x64) AppleWebKit/537.36 (KHTML, like Gecko) Chrome/63.0.3239.108 Safari/537.36',
  'upgrade-insecure-requests' => '1',
  'accept' => 'text/html,application/xhtml+xml,application/xml;q=0.9,image/webp,image/apng,*/*;q=0.8',
  'referer' => 'http://localhost:8080/ksxt/public/seePublished/id/PT1NUQ.html',
  'accept-encoding' => 'gzip, deflate, br',
  'accept-language' => 'zh-CN,zh;q=0.9',
  'cookie' => 'pgv_pvi=885587968; UM_distinctid=1604e3f9a402da-0f18eb8f23193f-464d0228-144000-1604e3f9a412e0; CNZZDATA1262147214=1018848878-1513136443-%7C1513136443; Hm_lvt_a313b1bc82855f63ddfeb747606b623d=1513141280; Hm_lvt_3e596473f0a94eed9fb907d97ff0fc52=1513141280; PHPSESSID=03up81naa86mulmbtdui3c3lr4',
)
[ info ] [ PARAM ] array (
  'id' => 'PT1NUQ',
)
[ info ] [ SESSION ] INIT array (
  'id' => '',
  'var_session_id' => '',
  'prefix' => 'think',
  'type' => '',
  'auto_start' => true,
)
[ info ] [ RUN ] app\index\controller\Published->see[ D:\phpStudy\WWW\ksxt\application\index\controller\Published.php ]
[ info ] [ DB ] INIT mysql
[ info ] [ VIEW ] D:\phpStudy\WWW\ksxt\public/../application/index\view\published\see.html [ array (
  0 => 'data',
  1 => 'pdata',
  2 => 'edata',
) ]
[ info ] [ LOG ] INIT File
[ sql ] [ DB ] CONNECT:[ UseTime:0.010133s ] mysql:host=127.0.0.1;dbname=ksxt;charset=utf8
[ sql ] [ SQL ] SHOW COLUMNS FROM `published` [ RunTime:0.006310s ]
[ sql ] [ SQL ] SELECT `published`.`id` AS `id`,`published`.`exam_id` AS `sid`,`examination`.`examination_name` AS `name`,`published`.`strat` AS `strat`,`published`.`length` AS `length`,`published`.`size` AS `size`,`published`.`date` AS `date` FROM `published`,`examination` WHERE  (  published.exam_id=examination.id )  AND `published`.`class_id` = '1' [ RunTime:0.000485s ]
[ sql ] [ SQL ] SHOW COLUMNS FROM `examination` [ RunTime:0.008583s ]
[ sql ] [ SQL ] SELECT * FROM `examination` WHERE (  `teacher_id` = 1 ) AND `examination`.`examination_delete_date` IS NULL [ RunTime:0.000473s ]
---------------------------------------------------------------
[ 2018-01-30T19:13:38+08:00 ] ::1 ::1 POST /ksxt/public/getPD
[ info ] localhost:8080/ksxt/public/getPD [运行时间：0.040500s][吞吐率：24.69req/s] [内存消耗：2,918.70kb] [文件加载：55]
[ info ] [ LANG ] D:\phpStudy\WWW\ksxt\thinkphp\lang\zh-cn.php
[ info ] [ ROUTE ] array (
  'type' => 'module',
  'module' => 
  array (
    0 => 'index',
    1 => 'Published',
    2 => 'select',
  ),
  'convert' => false,
)
[ info ] [ HEADER ] array (
  'host' => 'localhost:8080',
  'connection' => 'keep-alive',
  'content-length' => '9',
  'accept' => '*/*',
  'origin' => 'http://localhost:8080',
  'x-requested-with' => 'XMLHttpRequest',
  'user-agent' => 'Mozilla/5.0 (Windows NT 6.2; Win64; x64) AppleWebKit/537.36 (KHTML, like Gecko) Chrome/63.0.3239.108 Safari/537.36',
  'content-type' => 'application/x-www-form-urlencoded; charset=UTF-8',
  'referer' => 'http://localhost:8080/ksxt/public/seePublished/id/PT1NUQ.html',
  'accept-encoding' => 'gzip, deflate, br',
  'accept-language' => 'zh-CN,zh;q=0.9',
  'cookie' => 'pgv_pvi=885587968; UM_distinctid=1604e3f9a402da-0f18eb8f23193f-464d0228-144000-1604e3f9a412e0; CNZZDATA1262147214=1018848878-1513136443-%7C1513136443; Hm_lvt_a313b1bc82855f63ddfeb747606b623d=1513141280; Hm_lvt_3e596473f0a94eed9fb907d97ff0fc52=1513141280; PHPSESSID=03up81naa86mulmbtdui3c3lr4',
)
[ info ] [ PARAM ] array (
  'id' => 'PT1Odw',
)
[ info ] [ SESSION ] INIT array (
  'id' => '',
  'var_session_id' => '',
  'prefix' => 'think',
  'type' => '',
  'auto_start' => true,
)
[ info ] [ RUN ] app\index\controller\Published->select[ D:\phpStudy\WWW\ksxt\application\index\controller\Published.php ]
[ info ] [ DB ] INIT mysql
[ info ] [ LOG ] INIT File
[ sql ] [ DB ] CONNECT:[ UseTime:0.000973s ] mysql:host=127.0.0.1;dbname=ksxt;charset=utf8
[ sql ] [ SQL ] SHOW COLUMNS FROM `published` [ RunTime:0.006763s ]
[ sql ] [ SQL ] SELECT `published`.`id` AS `id`,`published`.`strat` AS `strat`,`published`.`length` AS `length`,`published`.`size` AS `size`,`examination`.`examination_name` AS `name` FROM `published`,`examination` WHERE  (  published.exam_id=examination.id )  AND `published`.`id` = '7' [ RunTime:0.000451s ]
---------------------------------------------------------------
[ 2018-01-30T19:14:15+08:00 ] ::1 ::1 GET /ksxt/public/seeStuDes/id/PT1PQQ.html
[ info ] localhost:8080/ksxt/public/seeStuDes/id/PT1PQQ.html [运行时间：0.027735s][吞吐率：36.06req/s] [内存消耗：1,964.57kb] [文件加载：48]
[ info ] [ LANG ] D:\phpStudy\WWW\ksxt\thinkphp\lang\zh-cn.php
[ info ] [ ROUTE ] array (
  'type' => 'module',
  'module' => 
  array (
    0 => 'index',
    1 => 'Examination',
    2 => 'seeStuDes',
  ),
  'convert' => false,
)
[ info ] [ HEADER ] array (
  'host' => 'localhost:8080',
  'connection' => 'keep-alive',
  'upgrade-insecure-requests' => '1',
  'user-agent' => 'Mozilla/5.0 (Windows NT 6.2; Win64; x64) AppleWebKit/537.36 (KHTML, like Gecko) Chrome/63.0.3239.108 Safari/537.36',
  'accept' => 'text/html,application/xhtml+xml,application/xml;q=0.9,image/webp,image/apng,*/*;q=0.8',
  'referer' => 'http://localhost:8080/ksxt/public/seePublished/id/PT1NUQ.html',
  'accept-encoding' => 'gzip, deflate, br',
  'accept-language' => 'zh-CN,zh;q=0.9',
  'cookie' => 'pgv_pvi=885587968; UM_distinctid=1604e3f9a402da-0f18eb8f23193f-464d0228-144000-1604e3f9a412e0; CNZZDATA1262147214=1018848878-1513136443-%7C1513136443; Hm_lvt_a313b1bc82855f63ddfeb747606b623d=1513141280; Hm_lvt_3e596473f0a94eed9fb907d97ff0fc52=1513141280; PHPSESSID=03up81naa86mulmbtdui3c3lr4',
)
[ info ] [ PARAM ] array (
  'id' => 'PT1PQQ',
)
[ info ] [ SESSION ] INIT array (
  'id' => '',
  'var_session_id' => '',
  'prefix' => 'think',
  'type' => '',
  'auto_start' => true,
)
[ info ] [ RUN ] app\index\controller\Examination->seeStuDes[ D:\phpStudy\WWW\ksxt\application\index\controller\Examination.php ]
[ info ] [ LOG ] INIT File
[ error ] [0]模板文件不存在:D:\phpStudy\WWW\ksxt\public/../application/index\view\examination\seeStuDes.html[D:\phpStudy\WWW\ksxt\thinkphp\library\think\view\driver\Think.php:80]
---------------------------------------------------------------
[ 2018-01-30T19:15:44+08:00 ] ::1 ::1 GET /ksxt/public/seeStuDes/id/PT1PQQ.html
[ info ] localhost:8080/ksxt/public/seeStuDes/id/PT1PQQ.html [运行时间：0.032366s][吞吐率：30.90req/s] [内存消耗：2,067.15kb] [文件加载：48]
[ info ] [ LANG ] D:\phpStudy\WWW\ksxt\thinkphp\lang\zh-cn.php
[ info ] [ ROUTE ] array (
  'type' => 'module',
  'module' => 
  array (
    0 => 'index',
    1 => 'Examination',
    2 => 'seeStuDes',
  ),
  'convert' => false,
)
[ info ] [ HEADER ] array (
  'host' => 'localhost:8080',
  'connection' => 'keep-alive',
  'cache-control' => 'max-age=0',
  'user-agent' => 'Mozilla/5.0 (Windows NT 6.2; Win64; x64) AppleWebKit/537.36 (KHTML, like Gecko) Chrome/63.0.3239.108 Safari/537.36',
  'upgrade-insecure-requests' => '1',
  'accept' => 'text/html,application/xhtml+xml,application/xml;q=0.9,image/webp,image/apng,*/*;q=0.8',
  'referer' => 'http://localhost:8080/ksxt/public/seePublished/id/PT1NUQ.html',
  'accept-encoding' => 'gzip, deflate, br',
  'accept-language' => 'zh-CN,zh;q=0.9',
  'cookie' => 'pgv_pvi=885587968; UM_distinctid=1604e3f9a402da-0f18eb8f23193f-464d0228-144000-1604e3f9a412e0; CNZZDATA1262147214=1018848878-1513136443-%7C1513136443; Hm_lvt_a313b1bc82855f63ddfeb747606b623d=1513141280; Hm_lvt_3e596473f0a94eed9fb907d97ff0fc52=1513141280; PHPSESSID=03up81naa86mulmbtdui3c3lr4',
)
[ info ] [ PARAM ] array (
  'id' => 'PT1PQQ',
)
[ info ] [ SESSION ] INIT array (
  'id' => '',
  'var_session_id' => '',
  'prefix' => 'think',
  'type' => '',
  'auto_start' => true,
)
[ info ] [ RUN ] app\index\controller\Examination->seeStuDes[ D:\phpStudy\WWW\ksxt\application\index\controller\Examination.php ]
[ info ] [ VIEW ] D:\phpStudy\WWW\ksxt\public/../application/index\view\examination\seeStuDes.html [ array (
) ]
[ info ] [ LOG ] INIT File
---------------------------------------------------------------
[ 2018-01-30T19:17:26+08:00 ] ::1 ::1 GET /ksxt/public/seeStuDes/id/PT1PQQ.html
[ info ] localhost:8080/ksxt/public/seeStuDes/id/PT1PQQ.html [运行时间：0.042367s][吞吐率：23.60req/s] [内存消耗：1,924.30kb] [文件加载：45]
[ info ] [ LANG ] D:\phpStudy\WWW\ksxt\thinkphp\lang\zh-cn.php
[ info ] [ ROUTE ] array (
  'type' => 'module',
  'module' => 
  array (
    0 => 'index',
    1 => 'Examination',
    2 => 'seeStuDes',
  ),
  'convert' => false,
)
[ info ] [ HEADER ] array (
  'host' => 'localhost:8080',
  'connection' => 'keep-alive',
  'cache-control' => 'max-age=0',
  'user-agent' => 'Mozilla/5.0 (Windows NT 6.2; Win64; x64) AppleWebKit/537.36 (KHTML, like Gecko) Chrome/63.0.3239.108 Safari/537.36',
  'upgrade-insecure-requests' => '1',
  'accept' => 'text/html,application/xhtml+xml,application/xml;q=0.9,image/webp,image/apng,*/*;q=0.8',
  'referer' => 'http://localhost:8080/ksxt/public/seePublished/id/PT1NUQ.html',
  'accept-encoding' => 'gzip, deflate, br',
  'accept-language' => 'zh-CN,zh;q=0.9',
  'cookie' => 'pgv_pvi=885587968; UM_distinctid=1604e3f9a402da-0f18eb8f23193f-464d0228-144000-1604e3f9a412e0; CNZZDATA1262147214=1018848878-1513136443-%7C1513136443; Hm_lvt_a313b1bc82855f63ddfeb747606b623d=1513141280; Hm_lvt_3e596473f0a94eed9fb907d97ff0fc52=1513141280; PHPSESSID=03up81naa86mulmbtdui3c3lr4',
)
[ info ] [ PARAM ] array (
  'id' => 'PT1PQQ',
)
[ info ] [ SESSION ] INIT array (
  'id' => '',
  'var_session_id' => '',
  'prefix' => 'think',
  'type' => '',
  'auto_start' => true,
)
[ info ] [ RUN ] app\index\controller\Examination->seeStuDes[ D:\phpStudy\WWW\ksxt\application\index\controller\Examination.php ]
[ info ] [ LOG ] INIT File
---------------------------------------------------------------
[ 2018-01-30T19:17:37+08:00 ] ::1 ::1 GET /ksxt/public/seePublished/id/PT1NUQ.html
[ info ] localhost:8080/ksxt/public/seePublished/id/PT1NUQ.html [运行时间：0.087438s][吞吐率：11.44req/s] [内存消耗：3,245.06kb] [文件加载：61]
[ info ] [ LANG ] D:\phpStudy\WWW\ksxt\thinkphp\lang\zh-cn.php
[ info ] [ ROUTE ] array (
  'type' => 'module',
  'module' => 
  array (
    0 => 'index',
    1 => 'Published',
    2 => 'see',
  ),
  'convert' => false,
)
[ info ] [ HEADER ] array (
  'host' => 'localhost:8080',
  'connection' => 'keep-alive',
  'user-agent' => 'Mozilla/5.0 (Windows NT 6.2; Win64; x64) AppleWebKit/537.36 (KHTML, like Gecko) Chrome/63.0.3239.108 Safari/537.36',
  'upgrade-insecure-requests' => '1',
  'accept' => 'text/html,application/xhtml+xml,application/xml;q=0.9,image/webp,image/apng,*/*;q=0.8',
  'referer' => 'http://localhost:8080/ksxt/public/seePublished/id/PT1NUQ.html',
  'accept-encoding' => 'gzip, deflate, br',
  'accept-language' => 'zh-CN,zh;q=0.9',
  'cookie' => 'pgv_pvi=885587968; UM_distinctid=1604e3f9a402da-0f18eb8f23193f-464d0228-144000-1604e3f9a412e0; CNZZDATA1262147214=1018848878-1513136443-%7C1513136443; Hm_lvt_a313b1bc82855f63ddfeb747606b623d=1513141280; Hm_lvt_3e596473f0a94eed9fb907d97ff0fc52=1513141280; PHPSESSID=03up81naa86mulmbtdui3c3lr4',
)
[ info ] [ PARAM ] array (
  'id' => 'PT1NUQ',
)
[ info ] [ SESSION ] INIT array (
  'id' => '',
  'var_session_id' => '',
  'prefix' => 'think',
  'type' => '',
  'auto_start' => true,
)
[ info ] [ RUN ] app\index\controller\Published->see[ D:\phpStudy\WWW\ksxt\application\index\controller\Published.php ]
[ info ] [ DB ] INIT mysql
[ info ] [ VIEW ] D:\phpStudy\WWW\ksxt\public/../application/index\view\published\see.html [ array (
  0 => 'data',
  1 => 'pdata',
  2 => 'edata',
) ]
[ info ] [ LOG ] INIT File
[ sql ] [ DB ] CONNECT:[ UseTime:0.011506s ] mysql:host=127.0.0.1;dbname=ksxt;charset=utf8
[ sql ] [ SQL ] SHOW COLUMNS FROM `published` [ RunTime:0.006634s ]
[ sql ] [ SQL ] SELECT `published`.`id` AS `id`,`published`.`exam_id` AS `sid`,`examination`.`examination_name` AS `name`,`published`.`strat` AS `strat`,`published`.`length` AS `length`,`published`.`size` AS `size`,`published`.`date` AS `date` FROM `published`,`examination` WHERE  (  published.exam_id=examination.id )  AND `published`.`class_id` = '1' [ RunTime:0.000674s ]
[ sql ] [ SQL ] SHOW COLUMNS FROM `examination` [ RunTime:0.007315s ]
[ sql ] [ SQL ] SELECT * FROM `examination` WHERE (  `teacher_id` = 1 ) AND `examination`.`examination_delete_date` IS NULL [ RunTime:0.000454s ]
---------------------------------------------------------------
[ 2018-01-30T19:17:40+08:00 ] ::1 ::1 GET /ksxt/public/seeStuDes/id/PT1PQQ.html
[ info ] localhost:8080/ksxt/public/seeStuDes/id/PT1PQQ.html [运行时间：0.029123s][吞吐率：34.34req/s] [内存消耗：2,076.39kb] [文件加载：49]
[ info ] [ LANG ] D:\phpStudy\WWW\ksxt\thinkphp\lang\zh-cn.php
[ info ] [ ROUTE ] array (
  'type' => 'module',
  'module' => 
  array (
    0 => 'index',
    1 => 'Examination',
    2 => 'seeStuDes',
  ),
  'convert' => false,
)
[ info ] [ HEADER ] array (
  'host' => 'localhost:8080',
  'connection' => 'keep-alive',
  'upgrade-insecure-requests' => '1',
  'user-agent' => 'Mozilla/5.0 (Windows NT 6.2; Win64; x64) AppleWebKit/537.36 (KHTML, like Gecko) Chrome/63.0.3239.108 Safari/537.36',
  'accept' => 'text/html,application/xhtml+xml,application/xml;q=0.9,image/webp,image/apng,*/*;q=0.8',
  'referer' => 'http://localhost:8080/ksxt/public/seePublished/id/PT1NUQ.html',
  'accept-encoding' => 'gzip, deflate, br',
  'accept-language' => 'zh-CN,zh;q=0.9',
  'cookie' => 'pgv_pvi=885587968; UM_distinctid=1604e3f9a402da-0f18eb8f23193f-464d0228-144000-1604e3f9a412e0; CNZZDATA1262147214=1018848878-1513136443-%7C1513136443; Hm_lvt_a313b1bc82855f63ddfeb747606b623d=1513141280; Hm_lvt_3e596473f0a94eed9fb907d97ff0fc52=1513141280; PHPSESSID=03up81naa86mulmbtdui3c3lr4',
)
[ info ] [ PARAM ] array (
  'id' => 'PT1PQQ',
)
[ info ] [ SESSION ] INIT array (
  'id' => '',
  'var_session_id' => '',
  'prefix' => 'think',
  'type' => '',
  'auto_start' => true,
)
[ info ] [ RUN ] app\index\controller\Examination->seeStuDes[ D:\phpStudy\WWW\ksxt\application\index\controller\Examination.php ]
[ info ] [ VIEW ] D:\phpStudy\WWW\ksxt\public/../application/index\view\examination\seeStuDes.html [ array (
) ]
[ info ] [ LOG ] INIT File
---------------------------------------------------------------
[ 2018-01-30T19:17:49+08:00 ] ::1 ::1 GET /ksxt/public/seeStuDes/id/PT1PQQ.html
[ info ] localhost:8080/ksxt/public/seeStuDes/id/PT1PQQ.html [运行时间：0.031563s][吞吐率：31.68req/s] [内存消耗：1,924.30kb] [文件加载：45]
[ info ] [ LANG ] D:\phpStudy\WWW\ksxt\thinkphp\lang\zh-cn.php
[ info ] [ ROUTE ] array (
  'type' => 'module',
  'module' => 
  array (
    0 => 'index',
    1 => 'Examination',
    2 => 'seeStuDes',
  ),
  'convert' => false,
)
[ info ] [ HEADER ] array (
  'host' => 'localhost:8080',
  'connection' => 'keep-alive',
  'cache-control' => 'max-age=0',
  'user-agent' => 'Mozilla/5.0 (Windows NT 6.2; Win64; x64) AppleWebKit/537.36 (KHTML, like Gecko) Chrome/63.0.3239.108 Safari/537.36',
  'upgrade-insecure-requests' => '1',
  'accept' => 'text/html,application/xhtml+xml,application/xml;q=0.9,image/webp,image/apng,*/*;q=0.8',
  'referer' => 'http://localhost:8080/ksxt/public/seePublished/id/PT1NUQ.html',
  'accept-encoding' => 'gzip, deflate, br',
  'accept-language' => 'zh-CN,zh;q=0.9',
  'cookie' => 'pgv_pvi=885587968; UM_distinctid=1604e3f9a402da-0f18eb8f23193f-464d0228-144000-1604e3f9a412e0; CNZZDATA1262147214=1018848878-1513136443-%7C1513136443; Hm_lvt_a313b1bc82855f63ddfeb747606b623d=1513141280; Hm_lvt_3e596473f0a94eed9fb907d97ff0fc52=1513141280; PHPSESSID=03up81naa86mulmbtdui3c3lr4',
)
[ info ] [ PARAM ] array (
  'id' => 'PT1PQQ',
)
[ info ] [ SESSION ] INIT array (
  'id' => '',
  'var_session_id' => '',
  'prefix' => 'think',
  'type' => '',
  'auto_start' => true,
)
[ info ] [ RUN ] app\index\controller\Examination->seeStuDes[ D:\phpStudy\WWW\ksxt\application\index\controller\Examination.php ]
[ info ] [ LOG ] INIT File
---------------------------------------------------------------
[ 2018-01-30T19:18:16+08:00 ] ::1 ::1 GET /ksxt/public/seeStuDes/id/PT1PQQ.html
[ info ] localhost:8080/ksxt/public/seeStuDes/id/PT1PQQ.html [运行时间：0.031804s][吞吐率：31.44req/s] [内存消耗：1,939.80kb] [文件加载：47]
[ info ] [ LANG ] D:\phpStudy\WWW\ksxt\thinkphp\lang\zh-cn.php
[ info ] [ ROUTE ] array (
  'type' => 'module',
  'module' => 
  array (
    0 => 'index',
    1 => 'Examination',
    2 => 'seeStuDes',
  ),
  'convert' => false,
)
[ info ] [ HEADER ] array (
  'host' => 'localhost:8080',
  'connection' => 'keep-alive',
  'cache-control' => 'max-age=0',
  'user-agent' => 'Mozilla/5.0 (Windows NT 6.2; Win64; x64) AppleWebKit/537.36 (KHTML, like Gecko) Chrome/63.0.3239.108 Safari/537.36',
  'upgrade-insecure-requests' => '1',
  'accept' => 'text/html,application/xhtml+xml,application/xml;q=0.9,image/webp,image/apng,*/*;q=0.8',
  'referer' => 'http://localhost:8080/ksxt/public/seePublished/id/PT1NUQ.html',
  'accept-encoding' => 'gzip, deflate, br',
  'accept-language' => 'zh-CN,zh;q=0.9',
  'cookie' => 'pgv_pvi=885587968; UM_distinctid=1604e3f9a402da-0f18eb8f23193f-464d0228-144000-1604e3f9a412e0; CNZZDATA1262147214=1018848878-1513136443-%7C1513136443; Hm_lvt_a313b1bc82855f63ddfeb747606b623d=1513141280; Hm_lvt_3e596473f0a94eed9fb907d97ff0fc52=1513141280; PHPSESSID=03up81naa86mulmbtdui3c3lr4',
)
[ info ] [ PARAM ] array (
  'id' => 'PT1PQQ',
)
[ info ] [ SESSION ] INIT array (
  'id' => '',
  'var_session_id' => '',
  'prefix' => 'think',
  'type' => '',
  'auto_start' => true,
)
[ info ] [ RUN ] app\index\controller\Examination->seeStuDes[ D:\phpStudy\WWW\ksxt\application\index\controller\Examination.php ]
[ info ] [ VIEW ] D:\phpStudy\WWW\ksxt\public/../application/index\view\examination\seeStuDes.html [ array (
  0 => 'data',
) ]
[ info ] [ LOG ] INIT File
---------------------------------------------------------------
[ 2018-01-30T19:20:27+08:00 ] ::1 ::1 GET /ksxt/public/seeStuDes/id/PT1PQQ.html
[ info ] localhost:8080/ksxt/public/seeStuDes/id/PT1PQQ.html [运行时间：0.037715s][吞吐率：26.51req/s] [内存消耗：2,157.57kb] [文件加载：50]
[ info ] [ LANG ] D:\phpStudy\WWW\ksxt\thinkphp\lang\zh-cn.php
[ info ] [ ROUTE ] array (
  'type' => 'module',
  'module' => 
  array (
    0 => 'index',
    1 => 'Examination',
    2 => 'seeStuDes',
  ),
  'convert' => false,
)
[ info ] [ HEADER ] array (
  'host' => 'localhost:8080',
  'connection' => 'keep-alive',
  'cache-control' => 'max-age=0',
  'user-agent' => 'Mozilla/5.0 (Windows NT 6.2; Win64; x64) AppleWebKit/537.36 (KHTML, like Gecko) Chrome/63.0.3239.108 Safari/537.36',
  'upgrade-insecure-requests' => '1',
  'accept' => 'text/html,application/xhtml+xml,application/xml;q=0.9,image/webp,image/apng,*/*;q=0.8',
  'referer' => 'http://localhost:8080/ksxt/public/seePublished/id/PT1NUQ.html',
  'accept-encoding' => 'gzip, deflate, br',
  'accept-language' => 'zh-CN,zh;q=0.9',
  'cookie' => 'pgv_pvi=885587968; UM_distinctid=1604e3f9a402da-0f18eb8f23193f-464d0228-144000-1604e3f9a412e0; CNZZDATA1262147214=1018848878-1513136443-%7C1513136443; Hm_lvt_a313b1bc82855f63ddfeb747606b623d=1513141280; Hm_lvt_3e596473f0a94eed9fb907d97ff0fc52=1513141280; PHPSESSID=03up81naa86mulmbtdui3c3lr4',
)
[ info ] [ PARAM ] array (
  'id' => 'PT1PQQ',
)
[ info ] [ SESSION ] INIT array (
  'id' => '',
  'var_session_id' => '',
  'prefix' => 'think',
  'type' => '',
  'auto_start' => true,
)
[ info ] [ RUN ] app\index\controller\Examination->seeStuDes[ D:\phpStudy\WWW\ksxt\application\index\controller\Examination.php ]
[ info ] [ VIEW ] D:\phpStudy\WWW\ksxt\public/../application/index\view\examination\seeStuDes.html [ array (
  0 => 'data',
) ]
[ info ] [ LOG ] INIT File
---------------------------------------------------------------
[ 2018-01-30T19:21:57+08:00 ] ::1 ::1 GET /ksxt/public/seeStuDes/id/PT1PQQ.html
[ info ] localhost:8080/ksxt/public/seeStuDes/id/PT1PQQ.html [运行时间：0.035686s][吞吐率：28.02req/s] [内存消耗：2,157.82kb] [文件加载：50]
[ info ] [ LANG ] D:\phpStudy\WWW\ksxt\thinkphp\lang\zh-cn.php
[ info ] [ ROUTE ] array (
  'type' => 'module',
  'module' => 
  array (
    0 => 'index',
    1 => 'Examination',
    2 => 'seeStuDes',
  ),
  'convert' => false,
)
[ info ] [ HEADER ] array (
  'host' => 'localhost:8080',
  'connection' => 'keep-alive',
  'cache-control' => 'max-age=0',
  'user-agent' => 'Mozilla/5.0 (Windows NT 6.2; Win64; x64) AppleWebKit/537.36 (KHTML, like Gecko) Chrome/63.0.3239.108 Safari/537.36',
  'upgrade-insecure-requests' => '1',
  'accept' => 'text/html,application/xhtml+xml,application/xml;q=0.9,image/webp,image/apng,*/*;q=0.8',
  'referer' => 'http://localhost:8080/ksxt/public/seePublished/id/PT1NUQ.html',
  'accept-encoding' => 'gzip, deflate, br',
  'accept-language' => 'zh-CN,zh;q=0.9',
  'cookie' => 'pgv_pvi=885587968; UM_distinctid=1604e3f9a402da-0f18eb8f23193f-464d0228-144000-1604e3f9a412e0; CNZZDATA1262147214=1018848878-1513136443-%7C1513136443; Hm_lvt_a313b1bc82855f63ddfeb747606b623d=1513141280; Hm_lvt_3e596473f0a94eed9fb907d97ff0fc52=1513141280; PHPSESSID=03up81naa86mulmbtdui3c3lr4',
)
[ info ] [ PARAM ] array (
  'id' => 'PT1PQQ',
)
[ info ] [ SESSION ] INIT array (
  'id' => '',
  'var_session_id' => '',
  'prefix' => 'think',
  'type' => '',
  'auto_start' => true,
)
[ info ] [ RUN ] app\index\controller\Examination->seeStuDes[ D:\phpStudy\WWW\ksxt\application\index\controller\Examination.php ]
[ info ] [ VIEW ] D:\phpStudy\WWW\ksxt\public/../application/index\view\examination\seeStuDes.html [ array (
  0 => 'data',
) ]
[ info ] [ LOG ] INIT File
---------------------------------------------------------------
[ 2018-01-30T19:22:02+08:00 ] ::1 ::1 GET /ksxt/public/selectQuestion.html
[ info ] localhost:8080/ksxt/public/selectQuestion.html [运行时间：0.063096s][吞吐率：15.85req/s] [内存消耗：3,037.16kb] [文件加载：58]
[ info ] [ LANG ] D:\phpStudy\WWW\ksxt\thinkphp\lang\zh-cn.php
[ info ] [ ROUTE ] array (
  'type' => 'module',
  'module' => 
  array (
    0 => 'index',
    1 => 'Question',
    2 => 'select',
  ),
  'convert' => false,
)
[ info ] [ HEADER ] array (
  'host' => 'localhost:8080',
  'connection' => 'keep-alive',
  'upgrade-insecure-requests' => '1',
  'user-agent' => 'Mozilla/5.0 (Windows NT 6.2; Win64; x64) AppleWebKit/537.36 (KHTML, like Gecko) Chrome/63.0.3239.108 Safari/537.36',
  'accept' => 'text/html,application/xhtml+xml,application/xml;q=0.9,image/webp,image/apng,*/*;q=0.8',
  'referer' => 'http://localhost:8080/ksxt/public/seeStuDes/id/PT1PQQ.html',
  'accept-encoding' => 'gzip, deflate, br',
  'accept-language' => 'zh-CN,zh;q=0.9',
  'cookie' => 'pgv_pvi=885587968; UM_distinctid=1604e3f9a402da-0f18eb8f23193f-464d0228-144000-1604e3f9a412e0; CNZZDATA1262147214=1018848878-1513136443-%7C1513136443; Hm_lvt_a313b1bc82855f63ddfeb747606b623d=1513141280; Hm_lvt_3e596473f0a94eed9fb907d97ff0fc52=1513141280; PHPSESSID=03up81naa86mulmbtdui3c3lr4',
)
[ info ] [ PARAM ] array (
)
[ info ] [ SESSION ] INIT array (
  'id' => '',
  'var_session_id' => '',
  'prefix' => 'think',
  'type' => '',
  'auto_start' => true,
)
[ info ] [ RUN ] app\index\controller\Question->select[ D:\phpStudy\WWW\ksxt\application\index\controller\Question.php ]
[ info ] [ DB ] INIT mysql
[ info ] [ VIEW ] D:\phpStudy\WWW\ksxt\public/../application/index\view\question\select.html [ array (
  0 => 'data',
  1 => 'question',
) ]
[ info ] [ LOG ] INIT File
[ sql ] [ DB ] CONNECT:[ UseTime:0.010334s ] mysql:host=127.0.0.1;dbname=ksxt;charset=utf8
[ sql ] [ SQL ] SHOW COLUMNS FROM `question` [ RunTime:0.009823s ]
[ sql ] [ SQL ] SELECT * FROM `question` WHERE (  `teacher_id` = 1 ) AND `question`.`question_delete_date` IS NULL [ RunTime:0.000780s ]
---------------------------------------------------------------
[ 2018-01-30T19:22:03+08:00 ] ::1 ::1 GET /ksxt/public/seeCourse.html
[ info ] localhost:8080/ksxt/public/seeCourse.html [运行时间：0.066183s][吞吐率：15.11req/s] [内存消耗：3,006.93kb] [文件加载：58]
[ info ] [ LANG ] D:\phpStudy\WWW\ksxt\thinkphp\lang\zh-cn.php
[ info ] [ ROUTE ] array (
  'type' => 'module',
  'module' => 
  array (
    0 => 'index',
    1 => 'Course',
    2 => 'see',
  ),
  'convert' => false,
)
[ info ] [ HEADER ] array (
  'host' => 'localhost:8080',
  'connection' => 'keep-alive',
  'upgrade-insecure-requests' => '1',
  'user-agent' => 'Mozilla/5.0 (Windows NT 6.2; Win64; x64) AppleWebKit/537.36 (KHTML, like Gecko) Chrome/63.0.3239.108 Safari/537.36',
  'accept' => 'text/html,application/xhtml+xml,application/xml;q=0.9,image/webp,image/apng,*/*;q=0.8',
  'referer' => 'http://localhost:8080/ksxt/public/selectQuestion.html',
  'accept-encoding' => 'gzip, deflate, br',
  'accept-language' => 'zh-CN,zh;q=0.9',
  'cookie' => 'pgv_pvi=885587968; UM_distinctid=1604e3f9a402da-0f18eb8f23193f-464d0228-144000-1604e3f9a412e0; CNZZDATA1262147214=1018848878-1513136443-%7C1513136443; Hm_lvt_a313b1bc82855f63ddfeb747606b623d=1513141280; Hm_lvt_3e596473f0a94eed9fb907d97ff0fc52=1513141280; PHPSESSID=03up81naa86mulmbtdui3c3lr4',
)
[ info ] [ PARAM ] array (
)
[ info ] [ SESSION ] INIT array (
  'id' => '',
  'var_session_id' => '',
  'prefix' => 'think',
  'type' => '',
  'auto_start' => true,
)
[ info ] [ RUN ] app\index\controller\Course->see[ D:\phpStudy\WWW\ksxt\application\index\controller\Course.php ]
[ info ] [ DB ] INIT mysql
[ info ] [ VIEW ] D:\phpStudy\WWW\ksxt\public/../application/index\view\course\see.html [ array (
  0 => 'data',
  1 => 'dataC',
) ]
[ info ] [ LOG ] INIT File
[ sql ] [ DB ] CONNECT:[ UseTime:0.011988s ] mysql:host=127.0.0.1;dbname=ksxt;charset=utf8
[ sql ] [ SQL ] SHOW COLUMNS FROM `course` [ RunTime:0.006492s ]
[ sql ] [ SQL ] SELECT * FROM `course` WHERE (  `teacher_id` = 1 ) AND `course`.`course_delete_date` IS NULL [ RunTime:0.000397s ]
---------------------------------------------------------------
[ 2018-01-30T19:22:14+08:00 ] ::1 ::1 GET /ksxt/public/seeClass/id/PT1NUQ.html
[ info ] localhost:8080/ksxt/public/seeClass/id/PT1NUQ.html [运行时间：0.058783s][吞吐率：17.01req/s] [内存消耗：3,015.85kb] [文件加载：58]
[ info ] [ LANG ] D:\phpStudy\WWW\ksxt\thinkphp\lang\zh-cn.php
[ info ] [ ROUTE ] array (
  'type' => 'module',
  'module' => 
  array (
    0 => 'index',
    1 => 'Grade',
    2 => 'see',
  ),
  'convert' => false,
)
[ info ] [ HEADER ] array (
  'host' => 'localhost:8080',
  'connection' => 'keep-alive',
  'upgrade-insecure-requests' => '1',
  'user-agent' => 'Mozilla/5.0 (Windows NT 6.2; Win64; x64) AppleWebKit/537.36 (KHTML, like Gecko) Chrome/63.0.3239.108 Safari/537.36',
  'accept' => 'text/html,application/xhtml+xml,application/xml;q=0.9,image/webp,image/apng,*/*;q=0.8',
  'referer' => 'http://localhost:8080/ksxt/public/seeCourse.html',
  'accept-encoding' => 'gzip, deflate, br',
  'accept-language' => 'zh-CN,zh;q=0.9',
  'cookie' => 'pgv_pvi=885587968; UM_distinctid=1604e3f9a402da-0f18eb8f23193f-464d0228-144000-1604e3f9a412e0; CNZZDATA1262147214=1018848878-1513136443-%7C1513136443; Hm_lvt_a313b1bc82855f63ddfeb747606b623d=1513141280; Hm_lvt_3e596473f0a94eed9fb907d97ff0fc52=1513141280; PHPSESSID=03up81naa86mulmbtdui3c3lr4',
)
[ info ] [ PARAM ] array (
  'id' => 'PT1NUQ',
)
[ info ] [ SESSION ] INIT array (
  'id' => '',
  'var_session_id' => '',
  'prefix' => 'think',
  'type' => '',
  'auto_start' => true,
)
[ info ] [ RUN ] app\index\controller\Grade->see[ D:\phpStudy\WWW\ksxt\application\index\controller\Grade.php ]
[ info ] [ DB ] INIT mysql
[ info ] [ VIEW ] D:\phpStudy\WWW\ksxt\public/../application/index\view\grade\see.html [ array (
  0 => 'data',
  1 => 'grade',
) ]
[ info ] [ LOG ] INIT File
[ sql ] [ DB ] CONNECT:[ UseTime:0.010647s ] mysql:host=127.0.0.1;dbname=ksxt;charset=utf8
[ sql ] [ SQL ] SHOW COLUMNS FROM `class` [ RunTime:0.007842s ]
[ sql ] [ SQL ] SELECT * FROM `class` WHERE (  `course_id` = 1 ) AND `class`.`class_delete_date` IS NULL [ RunTime:0.000707s ]
---------------------------------------------------------------
[ 2018-01-30T19:22:15+08:00 ] ::1 ::1 GET /ksxt/public/seePublished/id/PT1NUQ.html
[ info ] localhost:8080/ksxt/public/seePublished/id/PT1NUQ.html [运行时间：0.065659s][吞吐率：15.23req/s] [内存消耗：3,077.22kb] [文件加载：59]
[ info ] [ LANG ] D:\phpStudy\WWW\ksxt\thinkphp\lang\zh-cn.php
[ info ] [ ROUTE ] array (
  'type' => 'module',
  'module' => 
  array (
    0 => 'index',
    1 => 'Published',
    2 => 'see',
  ),
  'convert' => false,
)
[ info ] [ HEADER ] array (
  'host' => 'localhost:8080',
  'connection' => 'keep-alive',
  'upgrade-insecure-requests' => '1',
  'user-agent' => 'Mozilla/5.0 (Windows NT 6.2; Win64; x64) AppleWebKit/537.36 (KHTML, like Gecko) Chrome/63.0.3239.108 Safari/537.36',
  'accept' => 'text/html,application/xhtml+xml,application/xml;q=0.9,image/webp,image/apng,*/*;q=0.8',
  'referer' => 'http://localhost:8080/ksxt/public/seeClass/id/PT1NUQ.html',
  'accept-encoding' => 'gzip, deflate, br',
  'accept-language' => 'zh-CN,zh;q=0.9',
  'cookie' => 'pgv_pvi=885587968; UM_distinctid=1604e3f9a402da-0f18eb8f23193f-464d0228-144000-1604e3f9a412e0; CNZZDATA1262147214=1018848878-1513136443-%7C1513136443; Hm_lvt_a313b1bc82855f63ddfeb747606b623d=1513141280; Hm_lvt_3e596473f0a94eed9fb907d97ff0fc52=1513141280; PHPSESSID=03up81naa86mulmbtdui3c3lr4',
)
[ info ] [ PARAM ] array (
  'id' => 'PT1NUQ',
)
[ info ] [ SESSION ] INIT array (
  'id' => '',
  'var_session_id' => '',
  'prefix' => 'think',
  'type' => '',
  'auto_start' => true,
)
[ info ] [ RUN ] app\index\controller\Published->see[ D:\phpStudy\WWW\ksxt\application\index\controller\Published.php ]
[ info ] [ DB ] INIT mysql
[ info ] [ VIEW ] D:\phpStudy\WWW\ksxt\public/../application/index\view\published\see.html [ array (
  0 => 'data',
  1 => 'pdata',
  2 => 'edata',
) ]
[ info ] [ LOG ] INIT File
[ sql ] [ DB ] CONNECT:[ UseTime:0.009777s ] mysql:host=127.0.0.1;dbname=ksxt;charset=utf8
[ sql ] [ SQL ] SHOW COLUMNS FROM `published` [ RunTime:0.007336s ]
[ sql ] [ SQL ] SELECT `published`.`id` AS `id`,`published`.`exam_id` AS `sid`,`examination`.`examination_name` AS `name`,`published`.`strat` AS `strat`,`published`.`length` AS `length`,`published`.`size` AS `size`,`published`.`date` AS `date` FROM `published`,`examination` WHERE  (  published.exam_id=examination.id )  AND `published`.`class_id` = '1' [ RunTime:0.000756s ]
[ sql ] [ SQL ] SHOW COLUMNS FROM `examination` [ RunTime:0.005982s ]
[ sql ] [ SQL ] SELECT * FROM `examination` WHERE (  `teacher_id` = 1 ) AND `examination`.`examination_delete_date` IS NULL [ RunTime:0.000426s ]
---------------------------------------------------------------
[ 2018-01-30T19:22:21+08:00 ] ::1 ::1 GET /ksxt/public/seeStuDes/id/PT1PQQ.html
[ info ] localhost:8080/ksxt/public/seeStuDes/id/PT1PQQ.html [运行时间：0.032036s][吞吐率：31.21req/s] [内存消耗：2,157.48kb] [文件加载：50]
[ info ] [ LANG ] D:\phpStudy\WWW\ksxt\thinkphp\lang\zh-cn.php
[ info ] [ ROUTE ] array (
  'type' => 'module',
  'module' => 
  array (
    0 => 'index',
    1 => 'Examination',
    2 => 'seeStuDes',
  ),
  'convert' => false,
)
[ info ] [ HEADER ] array (
  'host' => 'localhost:8080',
  'connection' => 'keep-alive',
  'upgrade-insecure-requests' => '1',
  'user-agent' => 'Mozilla/5.0 (Windows NT 6.2; Win64; x64) AppleWebKit/537.36 (KHTML, like Gecko) Chrome/63.0.3239.108 Safari/537.36',
  'accept' => 'text/html,application/xhtml+xml,application/xml;q=0.9,image/webp,image/apng,*/*;q=0.8',
  'referer' => 'http://localhost:8080/ksxt/public/seePublished/id/PT1NUQ.html',
  'accept-encoding' => 'gzip, deflate, br',
  'accept-language' => 'zh-CN,zh;q=0.9',
  'cookie' => 'pgv_pvi=885587968; UM_distinctid=1604e3f9a402da-0f18eb8f23193f-464d0228-144000-1604e3f9a412e0; CNZZDATA1262147214=1018848878-1513136443-%7C1513136443; Hm_lvt_a313b1bc82855f63ddfeb747606b623d=1513141280; Hm_lvt_3e596473f0a94eed9fb907d97ff0fc52=1513141280; PHPSESSID=03up81naa86mulmbtdui3c3lr4',
)
[ info ] [ PARAM ] array (
  'id' => 'PT1PQQ',
)
[ info ] [ SESSION ] INIT array (
  'id' => '',
  'var_session_id' => '',
  'prefix' => 'think',
  'type' => '',
  'auto_start' => true,
)
[ info ] [ RUN ] app\index\controller\Examination->seeStuDes[ D:\phpStudy\WWW\ksxt\application\index\controller\Examination.php ]
[ info ] [ VIEW ] D:\phpStudy\WWW\ksxt\public/../application/index\view\examination\seeStuDes.html [ array (
  0 => 'data',
) ]
[ info ] [ LOG ] INIT File
---------------------------------------------------------------
[ 2018-01-30T19:23:50+08:00 ] ::1 ::1 GET /ksxt/public/seeStuDes/id/PT1PQQ.html
[ info ] localhost:8080/ksxt/public/seeStuDes/id/PT1PQQ.html [运行时间：0.032882s][吞吐率：30.41req/s] [内存消耗：2,158.50kb] [文件加载：50]
[ info ] [ LANG ] D:\phpStudy\WWW\ksxt\thinkphp\lang\zh-cn.php
[ info ] [ ROUTE ] array (
  'type' => 'module',
  'module' => 
  array (
    0 => 'index',
    1 => 'Examination',
    2 => 'seeStuDes',
  ),
  'convert' => false,
)
[ info ] [ HEADER ] array (
  'host' => 'localhost:8080',
  'connection' => 'keep-alive',
  'cache-control' => 'max-age=0',
  'user-agent' => 'Mozilla/5.0 (Windows NT 6.2; Win64; x64) AppleWebKit/537.36 (KHTML, like Gecko) Chrome/63.0.3239.108 Safari/537.36',
  'upgrade-insecure-requests' => '1',
  'accept' => 'text/html,application/xhtml+xml,application/xml;q=0.9,image/webp,image/apng,*/*;q=0.8',
  'referer' => 'http://localhost:8080/ksxt/public/seePublished/id/PT1NUQ.html',
  'accept-encoding' => 'gzip, deflate, br',
  'accept-language' => 'zh-CN,zh;q=0.9',
  'cookie' => 'pgv_pvi=885587968; UM_distinctid=1604e3f9a402da-0f18eb8f23193f-464d0228-144000-1604e3f9a412e0; CNZZDATA1262147214=1018848878-1513136443-%7C1513136443; Hm_lvt_a313b1bc82855f63ddfeb747606b623d=1513141280; Hm_lvt_3e596473f0a94eed9fb907d97ff0fc52=1513141280; PHPSESSID=03up81naa86mulmbtdui3c3lr4',
)
[ info ] [ PARAM ] array (
  'id' => 'PT1PQQ',
)
[ info ] [ SESSION ] INIT array (
  'id' => '',
  'var_session_id' => '',
  'prefix' => 'think',
  'type' => '',
  'auto_start' => true,
)
[ info ] [ RUN ] app\index\controller\Examination->seeStuDes[ D:\phpStudy\WWW\ksxt\application\index\controller\Examination.php ]
[ info ] [ VIEW ] D:\phpStudy\WWW\ksxt\public/../application/index\view\examination\seeStuDes.html [ array (
  0 => 'data',
) ]
[ info ] [ LOG ] INIT File
---------------------------------------------------------------
[ 2018-01-30T19:24:38+08:00 ] ::1 ::1 GET /ksxt/public/seeStuDes/id/PT1PQQ.html
[ info ] localhost:8080/ksxt/public/seeStuDes/id/PT1PQQ.html [运行时间：0.042275s][吞吐率：23.65req/s] [内存消耗：2,158.52kb] [文件加载：50]
[ info ] [ LANG ] D:\phpStudy\WWW\ksxt\thinkphp\lang\zh-cn.php
[ info ] [ ROUTE ] array (
  'type' => 'module',
  'module' => 
  array (
    0 => 'index',
    1 => 'Examination',
    2 => 'seeStuDes',
  ),
  'convert' => false,
)
[ info ] [ HEADER ] array (
  'host' => 'localhost:8080',
  'connection' => 'keep-alive',
  'cache-control' => 'max-age=0',
  'user-agent' => 'Mozilla/5.0 (Windows NT 6.2; Win64; x64) AppleWebKit/537.36 (KHTML, like Gecko) Chrome/63.0.3239.108 Safari/537.36',
  'upgrade-insecure-requests' => '1',
  'accept' => 'text/html,application/xhtml+xml,application/xml;q=0.9,image/webp,image/apng,*/*;q=0.8',
  'referer' => 'http://localhost:8080/ksxt/public/seePublished/id/PT1NUQ.html',
  'accept-encoding' => 'gzip, deflate, br',
  'accept-language' => 'zh-CN,zh;q=0.9',
  'cookie' => 'pgv_pvi=885587968; UM_distinctid=1604e3f9a402da-0f18eb8f23193f-464d0228-144000-1604e3f9a412e0; CNZZDATA1262147214=1018848878-1513136443-%7C1513136443; Hm_lvt_a313b1bc82855f63ddfeb747606b623d=1513141280; Hm_lvt_3e596473f0a94eed9fb907d97ff0fc52=1513141280; PHPSESSID=03up81naa86mulmbtdui3c3lr4',
)
[ info ] [ PARAM ] array (
  'id' => 'PT1PQQ',
)
[ info ] [ SESSION ] INIT array (
  'id' => '',
  'var_session_id' => '',
  'prefix' => 'think',
  'type' => '',
  'auto_start' => true,
)
[ info ] [ RUN ] app\index\controller\Examination->seeStuDes[ D:\phpStudy\WWW\ksxt\application\index\controller\Examination.php ]
[ info ] [ VIEW ] D:\phpStudy\WWW\ksxt\public/../application/index\view\examination\seeStuDes.html [ array (
  0 => 'data',
) ]
[ info ] [ LOG ] INIT File
