---------------------------------------------------------------
[ 2018-02-10T20:41:24+08:00 ] ::1 ::1 GET /ksxt/public/login
[ info ] localhost:8080/ksxt/public/login [运行时间：0.033677s][吞吐率：29.69req/s] [内存消耗：1,903.37kb] [文件加载：47]
[ info ] [ LANG ] D:\phpStudy\WWW\ksxt\thinkphp\lang\zh-cn.php
[ info ] [ ROUTE ] array (
  'type' => 'module',
  'module' => 
  array (
    0 => 'index',
    1 => 'Index',
    2 => 'login',
  ),
  'convert' => false,
)
[ info ] [ HEADER ] array (
  'host' => 'localhost:8080',
  'connection' => 'keep-alive',
  'upgrade-insecure-requests' => '1',
  'user-agent' => 'Mozilla/5.0 (Windows NT 6.2; Win64; x64) AppleWebKit/537.36 (KHTML, like Gecko) Chrome/63.0.3239.108 Safari/537.36',
  'accept' => 'text/html,application/xhtml+xml,application/xml;q=0.9,image/webp,image/apng,*/*;q=0.8',
  'accept-encoding' => 'gzip, deflate, br',
  'accept-language' => 'zh-CN,zh;q=0.9',
  'cookie' => 'pgv_pvi=885587968; UM_distinctid=1604e3f9a402da-0f18eb8f23193f-464d0228-144000-1604e3f9a412e0; CNZZDATA1262147214=1018848878-1513136443-%7C1513136443; Hm_lvt_a313b1bc82855f63ddfeb747606b623d=1513141280; Hm_lvt_3e596473f0a94eed9fb907d97ff0fc52=1513141280',
)
[ info ] [ PARAM ] array (
)
[ info ] [ RUN ] app\index\controller\Index->login[ D:\phpStudy\WWW\ksxt\application\index\controller\Index.php ]
[ info ] [ VIEW ] D:\phpStudy\WWW\ksxt\public/../application/index\view\index\login.html [ array (
) ]
[ info ] [ LOG ] INIT File
---------------------------------------------------------------
[ 2018-02-10T20:41:25+08:00 ] ::1 ::1 GET /ksxt/public/captcha.html
[ info ] localhost:8080/ksxt/public/captcha.html [运行时间：0.029498s][吞吐率：33.90req/s] [内存消耗：1,589.56kb] [文件加载：39]
[ info ] [ LANG ] D:\phpStudy\WWW\ksxt\thinkphp\lang\zh-cn.php
[ info ] [ ROUTE ] array (
  'type' => 'method',
  'method' => 
  array (
    0 => '\\think\\captcha\\CaptchaController',
    1 => 'index',
  ),
  'var' => 
  array (
  ),
)
[ info ] [ HEADER ] array (
  'host' => 'localhost:8080',
  'connection' => 'keep-alive',
  'user-agent' => 'Mozilla/5.0 (Windows NT 6.2; Win64; x64) AppleWebKit/537.36 (KHTML, like Gecko) Chrome/63.0.3239.108 Safari/537.36',
  'accept' => 'image/webp,image/apng,image/*,*/*;q=0.8',
  'referer' => 'http://localhost:8080/ksxt/public/login',
  'accept-encoding' => 'gzip, deflate, br',
  'accept-language' => 'zh-CN,zh;q=0.9',
  'cookie' => 'pgv_pvi=885587968; UM_distinctid=1604e3f9a402da-0f18eb8f23193f-464d0228-144000-1604e3f9a412e0; CNZZDATA1262147214=1018848878-1513136443-%7C1513136443; Hm_lvt_a313b1bc82855f63ddfeb747606b623d=1513141280; Hm_lvt_3e596473f0a94eed9fb907d97ff0fc52=1513141280',
)
[ info ] [ PARAM ] array (
  'id' => NULL,
)
[ info ] [ RUN ] think\captcha\CaptchaController->index[ D:\phpStudy\WWW\ksxt\vendor\topthink\think-captcha\src\CaptchaController.php ]
[ info ] [ SESSION ] INIT array (
  'id' => '',
  'var_session_id' => '',
  'prefix' => 'think',
  'type' => '',
  'auto_start' => true,
)
[ info ] [ LOG ] INIT File
---------------------------------------------------------------
[ 2018-02-10T20:51:43+08:00 ] ::1 ::1 GET /ksxt/public/
[ info ] localhost:8080/ksxt/public/ [运行时间：0.036116s][吞吐率：27.69req/s] [内存消耗：1,906.05kb] [文件加载：47]
[ info ] [ LANG ] D:\phpStudy\WWW\ksxt\thinkphp\lang\zh-cn.php
[ info ] [ ROUTE ] array (
  'type' => 'module',
  'module' => 
  array (
    0 => '',
    1 => NULL,
    2 => NULL,
  ),
)
[ info ] [ HEADER ] array (
  'host' => 'localhost:8080',
  'connection' => 'keep-alive',
  'upgrade-insecure-requests' => '1',
  'user-agent' => 'Mozilla/5.0 (Windows NT 6.2; Win64; x64) AppleWebKit/537.36 (KHTML, like Gecko) Chrome/63.0.3239.108 Safari/537.36',
  'accept' => 'text/html,application/xhtml+xml,application/xml;q=0.9,image/webp,image/apng,*/*;q=0.8',
  'accept-encoding' => 'gzip, deflate, br',
  'accept-language' => 'zh-CN,zh;q=0.9',
  'cookie' => 'pgv_pvi=885587968; UM_distinctid=1604e3f9a402da-0f18eb8f23193f-464d0228-144000-1604e3f9a412e0; CNZZDATA1262147214=1018848878-1513136443-%7C1513136443; Hm_lvt_a313b1bc82855f63ddfeb747606b623d=1513141280; Hm_lvt_3e596473f0a94eed9fb907d97ff0fc52=1513141280; PHPSESSID=rp6a3u5sg24e81c9nelnoe5d04',
)
[ info ] [ PARAM ] array (
)
[ info ] [ RUN ] app\index\controller\Index->index[ D:\phpStudy\WWW\ksxt\application\index\controller\Index.php ]
[ info ] [ VIEW ] D:\phpStudy\WWW\ksxt\public/../application/index\view\index\index.html [ array (
) ]
[ info ] [ LOG ] INIT File
---------------------------------------------------------------
[ 2018-02-10T20:51:45+08:00 ] ::1 ::1 GET /ksxt/public/login.html
[ info ] localhost:8080/ksxt/public/login.html [运行时间：0.025131s][吞吐率：39.79req/s] [内存消耗：1,903.77kb] [文件加载：47]
[ info ] [ LANG ] D:\phpStudy\WWW\ksxt\thinkphp\lang\zh-cn.php
[ info ] [ ROUTE ] array (
  'type' => 'module',
  'module' => 
  array (
    0 => 'index',
    1 => 'Index',
    2 => 'login',
  ),
  'convert' => false,
)
[ info ] [ HEADER ] array (
  'host' => 'localhost:8080',
  'connection' => 'keep-alive',
  'upgrade-insecure-requests' => '1',
  'user-agent' => 'Mozilla/5.0 (Windows NT 6.2; Win64; x64) AppleWebKit/537.36 (KHTML, like Gecko) Chrome/63.0.3239.108 Safari/537.36',
  'accept' => 'text/html,application/xhtml+xml,application/xml;q=0.9,image/webp,image/apng,*/*;q=0.8',
  'referer' => 'http://localhost:8080/ksxt/public/',
  'accept-encoding' => 'gzip, deflate, br',
  'accept-language' => 'zh-CN,zh;q=0.9',
  'cookie' => 'pgv_pvi=885587968; UM_distinctid=1604e3f9a402da-0f18eb8f23193f-464d0228-144000-1604e3f9a412e0; CNZZDATA1262147214=1018848878-1513136443-%7C1513136443; Hm_lvt_a313b1bc82855f63ddfeb747606b623d=1513141280; Hm_lvt_3e596473f0a94eed9fb907d97ff0fc52=1513141280; PHPSESSID=rp6a3u5sg24e81c9nelnoe5d04',
)
[ info ] [ PARAM ] array (
)
[ info ] [ RUN ] app\index\controller\Index->login[ D:\phpStudy\WWW\ksxt\application\index\controller\Index.php ]
[ info ] [ VIEW ] D:\phpStudy\WWW\ksxt\public/../application/index\view\index\login.html [ array (
) ]
[ info ] [ LOG ] INIT File
---------------------------------------------------------------
[ 2018-02-10T20:51:45+08:00 ] ::1 ::1 GET /ksxt/public/captcha.html
[ info ] localhost:8080/ksxt/public/captcha.html [运行时间：0.024066s][吞吐率：41.55req/s] [内存消耗：1,589.57kb] [文件加载：39]
[ info ] [ LANG ] D:\phpStudy\WWW\ksxt\thinkphp\lang\zh-cn.php
[ info ] [ ROUTE ] array (
  'type' => 'method',
  'method' => 
  array (
    0 => '\\think\\captcha\\CaptchaController',
    1 => 'index',
  ),
  'var' => 
  array (
  ),
)
[ info ] [ HEADER ] array (
  'host' => 'localhost:8080',
  'connection' => 'keep-alive',
  'user-agent' => 'Mozilla/5.0 (Windows NT 6.2; Win64; x64) AppleWebKit/537.36 (KHTML, like Gecko) Chrome/63.0.3239.108 Safari/537.36',
  'accept' => 'image/webp,image/apng,image/*,*/*;q=0.8',
  'referer' => 'http://localhost:8080/ksxt/public/login.html',
  'accept-encoding' => 'gzip, deflate, br',
  'accept-language' => 'zh-CN,zh;q=0.9',
  'cookie' => 'pgv_pvi=885587968; UM_distinctid=1604e3f9a402da-0f18eb8f23193f-464d0228-144000-1604e3f9a412e0; CNZZDATA1262147214=1018848878-1513136443-%7C1513136443; Hm_lvt_a313b1bc82855f63ddfeb747606b623d=1513141280; Hm_lvt_3e596473f0a94eed9fb907d97ff0fc52=1513141280; PHPSESSID=rp6a3u5sg24e81c9nelnoe5d04',
)
[ info ] [ PARAM ] array (
  'id' => NULL,
)
[ info ] [ RUN ] think\captcha\CaptchaController->index[ D:\phpStudy\WWW\ksxt\vendor\topthink\think-captcha\src\CaptchaController.php ]
[ info ] [ SESSION ] INIT array (
  'id' => '',
  'var_session_id' => '',
  'prefix' => 'think',
  'type' => '',
  'auto_start' => true,
)
[ info ] [ LOG ] INIT File
---------------------------------------------------------------
[ 2018-02-10T20:51:55+08:00 ] ::1 ::1 GET /ksxt/public/captcha.html
[ info ] localhost:8080/ksxt/public/captcha.html [运行时间：0.027099s][吞吐率：36.90req/s] [内存消耗：1,589.59kb] [文件加载：39]
[ info ] [ LANG ] D:\phpStudy\WWW\ksxt\thinkphp\lang\zh-cn.php
[ info ] [ ROUTE ] array (
  'type' => 'method',
  'method' => 
  array (
    0 => '\\think\\captcha\\CaptchaController',
    1 => 'index',
  ),
  'var' => 
  array (
  ),
)
[ info ] [ HEADER ] array (
  'host' => 'localhost:8080',
  'connection' => 'keep-alive',
  'user-agent' => 'Mozilla/5.0 (Windows NT 6.2; Win64; x64) AppleWebKit/537.36 (KHTML, like Gecko) Chrome/63.0.3239.108 Safari/537.36',
  'accept' => 'image/webp,image/apng,image/*,*/*;q=0.8',
  'referer' => 'http://localhost:8080/ksxt/public/login.html',
  'accept-encoding' => 'gzip, deflate, br',
  'accept-language' => 'zh-CN,zh;q=0.9',
  'cookie' => 'pgv_pvi=885587968; UM_distinctid=1604e3f9a402da-0f18eb8f23193f-464d0228-144000-1604e3f9a412e0; CNZZDATA1262147214=1018848878-1513136443-%7C1513136443; Hm_lvt_a313b1bc82855f63ddfeb747606b623d=1513141280; Hm_lvt_3e596473f0a94eed9fb907d97ff0fc52=1513141280; PHPSESSID=rp6a3u5sg24e81c9nelnoe5d04',
)
[ info ] [ PARAM ] array (
  'id' => NULL,
)
[ info ] [ RUN ] think\captcha\CaptchaController->index[ D:\phpStudy\WWW\ksxt\vendor\topthink\think-captcha\src\CaptchaController.php ]
[ info ] [ SESSION ] INIT array (
  'id' => '',
  'var_session_id' => '',
  'prefix' => 'think',
  'type' => '',
  'auto_start' => true,
)
[ info ] [ LOG ] INIT File
---------------------------------------------------------------
[ 2018-02-10T20:52:03+08:00 ] ::1 ::1 POST /ksxt/public/le
[ info ] localhost:8080/ksxt/public/le [运行时间：0.257610s][吞吐率：3.88req/s] [内存消耗：2,998.41kb] [文件加载：57]
[ info ] [ LANG ] D:\phpStudy\WWW\ksxt\thinkphp\lang\zh-cn.php
[ info ] [ ROUTE ] array (
  'type' => 'module',
  'module' => 
  array (
    0 => 'index',
    1 => 'Index',
    2 => 'loginEfficacy',
  ),
  'convert' => false,
)
[ info ] [ HEADER ] array (
  'host' => 'localhost:8080',
  'connection' => 'keep-alive',
  'content-length' => '47',
  'accept' => '*/*',
  'origin' => 'http://localhost:8080',
  'x-requested-with' => 'XMLHttpRequest',
  'user-agent' => 'Mozilla/5.0 (Windows NT 6.2; Win64; x64) AppleWebKit/537.36 (KHTML, like Gecko) Chrome/63.0.3239.108 Safari/537.36',
  'content-type' => 'application/x-www-form-urlencoded; charset=UTF-8',
  'referer' => 'http://localhost:8080/ksxt/public/login.html',
  'accept-encoding' => 'gzip, deflate, br',
  'accept-language' => 'zh-CN,zh;q=0.9',
  'cookie' => 'pgv_pvi=885587968; UM_distinctid=1604e3f9a402da-0f18eb8f23193f-464d0228-144000-1604e3f9a412e0; CNZZDATA1262147214=1018848878-1513136443-%7C1513136443; Hm_lvt_a313b1bc82855f63ddfeb747606b623d=1513141280; Hm_lvt_3e596473f0a94eed9fb907d97ff0fc52=1513141280; PHPSESSID=rp6a3u5sg24e81c9nelnoe5d04',
)
[ info ] [ PARAM ] array (
  'type' => '0',
  'user' => '123456',
  'password' => '123456',
  'captcha' => 'qeij',
)
[ info ] [ RUN ] app\index\controller\Index->loginEfficacy[ D:\phpStudy\WWW\ksxt\application\index\controller\Index.php ]
[ info ] [ SESSION ] INIT array (
  'id' => '',
  'var_session_id' => '',
  'prefix' => 'think',
  'type' => '',
  'auto_start' => true,
)
[ info ] [ DB ] INIT mysql
[ info ] [ LOG ] INIT File
[ sql ] [ DB ] CONNECT:[ UseTime:0.074447s ] mysql:host=114.67.130.212;dbname=ksxt;charset=utf8
[ sql ] [ SQL ] SHOW COLUMNS FROM `student` [ RunTime:0.047115s ]
[ sql ] [ SQL ] SELECT * FROM `student` WHERE  `user` = '123456' LIMIT 1 [ RunTime:0.051976s ]
[ sql ] [ SQL ] SELECT `student`.`id` AS `id`,`student`.`user` AS `user`,`student`.`student_name` AS `name`,`student`.`sex` AS `sex`,`faculty`.`faculty_name` AS `faculty`,`student`.`class` AS `class`,`student`.`headimg` AS `headimg`,`student`.`email` AS `email`,`student`.`sign` AS `sign`,`skin`.`skin_name` AS `skinName`,`skin`.`skin_img` AS `skinImg` FROM `student`,`skin`,`faculty` WHERE  (  student.skin_id=skin.id )  AND (  student.faculty_id=faculty.id )  AND `student`.`id` = '1' [ RunTime:0.046487s ]
---------------------------------------------------------------
[ 2018-02-10T20:52:03+08:00 ] ::1 ::1 GET /ksxt/public/personalSDetails
[ info ] localhost:8080/ksxt/public/personalSDetails [运行时间：0.026759s][吞吐率：37.37req/s] [内存消耗：1,959.41kb] [文件加载：47]
[ info ] [ LANG ] D:\phpStudy\WWW\ksxt\thinkphp\lang\zh-cn.php
[ info ] [ ROUTE ] array (
  'type' => 'module',
  'module' => 
  array (
    0 => 'index',
    1 => 'Studentper',
    2 => 'personalDetails',
  ),
  'convert' => false,
)
[ info ] [ HEADER ] array (
  'host' => 'localhost:8080',
  'connection' => 'keep-alive',
  'upgrade-insecure-requests' => '1',
  'user-agent' => 'Mozilla/5.0 (Windows NT 6.2; Win64; x64) AppleWebKit/537.36 (KHTML, like Gecko) Chrome/63.0.3239.108 Safari/537.36',
  'accept' => 'text/html,application/xhtml+xml,application/xml;q=0.9,image/webp,image/apng,*/*;q=0.8',
  'referer' => 'http://localhost:8080/ksxt/public/login.html',
  'accept-encoding' => 'gzip, deflate, br',
  'accept-language' => 'zh-CN,zh;q=0.9',
  'cookie' => 'pgv_pvi=885587968; UM_distinctid=1604e3f9a402da-0f18eb8f23193f-464d0228-144000-1604e3f9a412e0; CNZZDATA1262147214=1018848878-1513136443-%7C1513136443; Hm_lvt_a313b1bc82855f63ddfeb747606b623d=1513141280; Hm_lvt_3e596473f0a94eed9fb907d97ff0fc52=1513141280; PHPSESSID=rp6a3u5sg24e81c9nelnoe5d04',
)
[ info ] [ PARAM ] array (
)
[ info ] [ SESSION ] INIT array (
  'id' => '',
  'var_session_id' => '',
  'prefix' => 'think',
  'type' => '',
  'auto_start' => true,
)
[ info ] [ RUN ] app\index\controller\Studentper->personalDetails[ D:\phpStudy\WWW\ksxt\application\index\controller\Studentper.php ]
[ info ] [ VIEW ] D:\phpStudy\WWW\ksxt\public/../application/index\view\student\personalDetails.html [ array (
  0 => 'data',
) ]
[ info ] [ LOG ] INIT File
---------------------------------------------------------------
[ 2018-02-10T20:52:08+08:00 ] ::1 ::1 GET /ksxt/public/sesc.html
[ info ] localhost:8080/ksxt/public/sesc.html [运行时间：0.028507s][吞吐率：35.08req/s] [内存消耗：1,963.39kb] [文件加载：47]
[ info ] [ LANG ] D:\phpStudy\WWW\ksxt\thinkphp\lang\zh-cn.php
[ info ] [ ROUTE ] array (
  'type' => 'module',
  'module' => 
  array (
    0 => 'index',
    1 => 'Studentper',
    2 => 'esc',
  ),
  'convert' => false,
)
[ info ] [ HEADER ] array (
  'host' => 'localhost:8080',
  'connection' => 'keep-alive',
  'upgrade-insecure-requests' => '1',
  'user-agent' => 'Mozilla/5.0 (Windows NT 6.2; Win64; x64) AppleWebKit/537.36 (KHTML, like Gecko) Chrome/63.0.3239.108 Safari/537.36',
  'accept' => 'text/html,application/xhtml+xml,application/xml;q=0.9,image/webp,image/apng,*/*;q=0.8',
  'referer' => 'http://localhost:8080/ksxt/public/personalSDetails',
  'accept-encoding' => 'gzip, deflate, br',
  'accept-language' => 'zh-CN,zh;q=0.9',
  'cookie' => 'pgv_pvi=885587968; UM_distinctid=1604e3f9a402da-0f18eb8f23193f-464d0228-144000-1604e3f9a412e0; CNZZDATA1262147214=1018848878-1513136443-%7C1513136443; Hm_lvt_a313b1bc82855f63ddfeb747606b623d=1513141280; Hm_lvt_3e596473f0a94eed9fb907d97ff0fc52=1513141280; PHPSESSID=rp6a3u5sg24e81c9nelnoe5d04',
)
[ info ] [ PARAM ] array (
)
[ info ] [ SESSION ] INIT array (
  'id' => '',
  'var_session_id' => '',
  'prefix' => 'think',
  'type' => '',
  'auto_start' => true,
)
[ info ] [ RUN ] app\index\controller\Studentper->esc[ D:\phpStudy\WWW\ksxt\application\index\controller\Studentper.php ]
[ info ] [ LOG ] INIT File
---------------------------------------------------------------
[ 2018-02-10T20:52:08+08:00 ] ::1 ::1 GET /ksxt/public/login.html
[ info ] localhost:8080/ksxt/public/login.html [运行时间：0.024018s][吞吐率：41.64req/s] [内存消耗：1,903.84kb] [文件加载：47]
[ info ] [ LANG ] D:\phpStudy\WWW\ksxt\thinkphp\lang\zh-cn.php
[ info ] [ ROUTE ] array (
  'type' => 'module',
  'module' => 
  array (
    0 => 'index',
    1 => 'Index',
    2 => 'login',
  ),
  'convert' => false,
)
[ info ] [ HEADER ] array (
  'host' => 'localhost:8080',
  'connection' => 'keep-alive',
  'upgrade-insecure-requests' => '1',
  'user-agent' => 'Mozilla/5.0 (Windows NT 6.2; Win64; x64) AppleWebKit/537.36 (KHTML, like Gecko) Chrome/63.0.3239.108 Safari/537.36',
  'accept' => 'text/html,application/xhtml+xml,application/xml;q=0.9,image/webp,image/apng,*/*;q=0.8',
  'referer' => 'http://localhost:8080/ksxt/public/personalSDetails',
  'accept-encoding' => 'gzip, deflate, br',
  'accept-language' => 'zh-CN,zh;q=0.9',
  'cookie' => 'pgv_pvi=885587968; UM_distinctid=1604e3f9a402da-0f18eb8f23193f-464d0228-144000-1604e3f9a412e0; CNZZDATA1262147214=1018848878-1513136443-%7C1513136443; Hm_lvt_a313b1bc82855f63ddfeb747606b623d=1513141280; Hm_lvt_3e596473f0a94eed9fb907d97ff0fc52=1513141280; PHPSESSID=rp6a3u5sg24e81c9nelnoe5d04',
)
[ info ] [ PARAM ] array (
)
[ info ] [ RUN ] app\index\controller\Index->login[ D:\phpStudy\WWW\ksxt\application\index\controller\Index.php ]
[ info ] [ VIEW ] D:\phpStudy\WWW\ksxt\public/../application/index\view\index\login.html [ array (
) ]
[ info ] [ LOG ] INIT File
---------------------------------------------------------------
[ 2018-02-10T20:52:08+08:00 ] ::1 ::1 GET /ksxt/public/captcha.html
[ info ] localhost:8080/ksxt/public/captcha.html [运行时间：0.027401s][吞吐率：36.50req/s] [内存消耗：1,589.72kb] [文件加载：39]
[ info ] [ LANG ] D:\phpStudy\WWW\ksxt\thinkphp\lang\zh-cn.php
[ info ] [ ROUTE ] array (
  'type' => 'method',
  'method' => 
  array (
    0 => '\\think\\captcha\\CaptchaController',
    1 => 'index',
  ),
  'var' => 
  array (
  ),
)
[ info ] [ HEADER ] array (
  'host' => 'localhost:8080',
  'connection' => 'keep-alive',
  'user-agent' => 'Mozilla/5.0 (Windows NT 6.2; Win64; x64) AppleWebKit/537.36 (KHTML, like Gecko) Chrome/63.0.3239.108 Safari/537.36',
  'accept' => 'image/webp,image/apng,image/*,*/*;q=0.8',
  'referer' => 'http://localhost:8080/ksxt/public/login.html',
  'accept-encoding' => 'gzip, deflate, br',
  'accept-language' => 'zh-CN,zh;q=0.9',
  'cookie' => 'pgv_pvi=885587968; UM_distinctid=1604e3f9a402da-0f18eb8f23193f-464d0228-144000-1604e3f9a412e0; CNZZDATA1262147214=1018848878-1513136443-%7C1513136443; Hm_lvt_a313b1bc82855f63ddfeb747606b623d=1513141280; Hm_lvt_3e596473f0a94eed9fb907d97ff0fc52=1513141280; PHPSESSID=rp6a3u5sg24e81c9nelnoe5d04',
)
[ info ] [ PARAM ] array (
  'id' => NULL,
)
[ info ] [ RUN ] think\captcha\CaptchaController->index[ D:\phpStudy\WWW\ksxt\vendor\topthink\think-captcha\src\CaptchaController.php ]
[ info ] [ SESSION ] INIT array (
  'id' => '',
  'var_session_id' => '',
  'prefix' => 'think',
  'type' => '',
  'auto_start' => true,
)
[ info ] [ LOG ] INIT File
---------------------------------------------------------------
[ 2018-02-10T20:53:00+08:00 ] ::1 ::1 GET /ksxt/public/login
[ info ] localhost:8080/ksxt/public/login [运行时间：0.029009s][吞吐率：34.47req/s] [内存消耗：1,903.47kb] [文件加载：47]
[ info ] [ LANG ] D:\phpStudy\WWW\ksxt\thinkphp\lang\zh-cn.php
[ info ] [ ROUTE ] array (
  'type' => 'module',
  'module' => 
  array (
    0 => 'index',
    1 => 'Index',
    2 => 'login',
  ),
  'convert' => false,
)
[ info ] [ HEADER ] array (
  'host' => 'localhost:8080',
  'connection' => 'keep-alive',
  'upgrade-insecure-requests' => '1',
  'user-agent' => 'Mozilla/5.0 (Windows NT 6.2; Win64; x64) AppleWebKit/537.36 (KHTML, like Gecko) Chrome/63.0.3239.108 Safari/537.36',
  'accept' => 'text/html,application/xhtml+xml,application/xml;q=0.9,image/webp,image/apng,*/*;q=0.8',
  'accept-encoding' => 'gzip, deflate, br',
  'accept-language' => 'zh-CN,zh;q=0.9',
  'cookie' => 'pgv_pvi=885587968; UM_distinctid=1604e3f9a402da-0f18eb8f23193f-464d0228-144000-1604e3f9a412e0; CNZZDATA1262147214=1018848878-1513136443-%7C1513136443; Hm_lvt_a313b1bc82855f63ddfeb747606b623d=1513141280; Hm_lvt_3e596473f0a94eed9fb907d97ff0fc52=1513141280; PHPSESSID=rp6a3u5sg24e81c9nelnoe5d04',
)
[ info ] [ PARAM ] array (
)
[ info ] [ RUN ] app\index\controller\Index->login[ D:\phpStudy\WWW\ksxt\application\index\controller\Index.php ]
[ info ] [ VIEW ] D:\phpStudy\WWW\ksxt\public/../application/index\view\index\login.html [ array (
) ]
[ info ] [ LOG ] INIT File
---------------------------------------------------------------
[ 2018-02-10T20:53:01+08:00 ] ::1 ::1 GET /ksxt/public/captcha.html
[ info ] localhost:8080/ksxt/public/captcha.html [运行时间：0.024546s][吞吐率：40.74req/s] [内存消耗：1,589.68kb] [文件加载：39]
[ info ] [ LANG ] D:\phpStudy\WWW\ksxt\thinkphp\lang\zh-cn.php
[ info ] [ ROUTE ] array (
  'type' => 'method',
  'method' => 
  array (
    0 => '\\think\\captcha\\CaptchaController',
    1 => 'index',
  ),
  'var' => 
  array (
  ),
)
[ info ] [ HEADER ] array (
  'host' => 'localhost:8080',
  'connection' => 'keep-alive',
  'user-agent' => 'Mozilla/5.0 (Windows NT 6.2; Win64; x64) AppleWebKit/537.36 (KHTML, like Gecko) Chrome/63.0.3239.108 Safari/537.36',
  'accept' => 'image/webp,image/apng,image/*,*/*;q=0.8',
  'referer' => 'http://localhost:8080/ksxt/public/login',
  'accept-encoding' => 'gzip, deflate, br',
  'accept-language' => 'zh-CN,zh;q=0.9',
  'cookie' => 'pgv_pvi=885587968; UM_distinctid=1604e3f9a402da-0f18eb8f23193f-464d0228-144000-1604e3f9a412e0; CNZZDATA1262147214=1018848878-1513136443-%7C1513136443; Hm_lvt_a313b1bc82855f63ddfeb747606b623d=1513141280; Hm_lvt_3e596473f0a94eed9fb907d97ff0fc52=1513141280; PHPSESSID=rp6a3u5sg24e81c9nelnoe5d04',
)
[ info ] [ PARAM ] array (
  'id' => NULL,
)
[ info ] [ RUN ] think\captcha\CaptchaController->index[ D:\phpStudy\WWW\ksxt\vendor\topthink\think-captcha\src\CaptchaController.php ]
[ info ] [ SESSION ] INIT array (
  'id' => '',
  'var_session_id' => '',
  'prefix' => 'think',
  'type' => '',
  'auto_start' => true,
)
[ info ] [ LOG ] INIT File
---------------------------------------------------------------
[ 2018-02-10T20:53:14+08:00 ] ::1 ::1 GET /ksxt/public/login
[ info ] localhost:8080/ksxt/public/login [运行时间：0.024033s][吞吐率：41.61req/s] [内存消耗：1,903.70kb] [文件加载：47]
[ info ] [ LANG ] D:\phpStudy\WWW\ksxt\thinkphp\lang\zh-cn.php
[ info ] [ ROUTE ] array (
  'type' => 'module',
  'module' => 
  array (
    0 => 'index',
    1 => 'Index',
    2 => 'login',
  ),
  'convert' => false,
)
[ info ] [ HEADER ] array (
  'host' => 'localhost:8080',
  'connection' => 'keep-alive',
  'cache-control' => 'max-age=0',
  'upgrade-insecure-requests' => '1',
  'user-agent' => 'Mozilla/5.0 (Windows NT 6.2; Win64; x64) AppleWebKit/537.36 (KHTML, like Gecko) Chrome/63.0.3239.108 Safari/537.36',
  'accept' => 'text/html,application/xhtml+xml,application/xml;q=0.9,image/webp,image/apng,*/*;q=0.8',
  'accept-encoding' => 'gzip, deflate, br',
  'accept-language' => 'zh-CN,zh;q=0.9',
  'cookie' => 'pgv_pvi=885587968; UM_distinctid=1604e3f9a402da-0f18eb8f23193f-464d0228-144000-1604e3f9a412e0; CNZZDATA1262147214=1018848878-1513136443-%7C1513136443; Hm_lvt_a313b1bc82855f63ddfeb747606b623d=1513141280; Hm_lvt_3e596473f0a94eed9fb907d97ff0fc52=1513141280; PHPSESSID=rp6a3u5sg24e81c9nelnoe5d04',
)
[ info ] [ PARAM ] array (
)
[ info ] [ RUN ] app\index\controller\Index->login[ D:\phpStudy\WWW\ksxt\application\index\controller\Index.php ]
[ info ] [ VIEW ] D:\phpStudy\WWW\ksxt\public/../application/index\view\index\login.html [ array (
) ]
[ info ] [ LOG ] INIT File
---------------------------------------------------------------
[ 2018-02-10T20:53:14+08:00 ] ::1 ::1 GET /ksxt/public/captcha.html
[ info ] localhost:8080/ksxt/public/captcha.html [运行时间：0.022992s][吞吐率：43.49req/s] [内存消耗：1,589.69kb] [文件加载：39]
[ info ] [ LANG ] D:\phpStudy\WWW\ksxt\thinkphp\lang\zh-cn.php
[ info ] [ ROUTE ] array (
  'type' => 'method',
  'method' => 
  array (
    0 => '\\think\\captcha\\CaptchaController',
    1 => 'index',
  ),
  'var' => 
  array (
  ),
)
[ info ] [ HEADER ] array (
  'host' => 'localhost:8080',
  'connection' => 'keep-alive',
  'user-agent' => 'Mozilla/5.0 (Windows NT 6.2; Win64; x64) AppleWebKit/537.36 (KHTML, like Gecko) Chrome/63.0.3239.108 Safari/537.36',
  'accept' => 'image/webp,image/apng,image/*,*/*;q=0.8',
  'referer' => 'http://localhost:8080/ksxt/public/login',
  'accept-encoding' => 'gzip, deflate, br',
  'accept-language' => 'zh-CN,zh;q=0.9',
  'cookie' => 'pgv_pvi=885587968; UM_distinctid=1604e3f9a402da-0f18eb8f23193f-464d0228-144000-1604e3f9a412e0; CNZZDATA1262147214=1018848878-1513136443-%7C1513136443; Hm_lvt_a313b1bc82855f63ddfeb747606b623d=1513141280; Hm_lvt_3e596473f0a94eed9fb907d97ff0fc52=1513141280; PHPSESSID=rp6a3u5sg24e81c9nelnoe5d04',
)
[ info ] [ PARAM ] array (
  'id' => NULL,
)
[ info ] [ RUN ] think\captcha\CaptchaController->index[ D:\phpStudy\WWW\ksxt\vendor\topthink\think-captcha\src\CaptchaController.php ]
[ info ] [ SESSION ] INIT array (
  'id' => '',
  'var_session_id' => '',
  'prefix' => 'think',
  'type' => '',
  'auto_start' => true,
)
[ info ] [ LOG ] INIT File
---------------------------------------------------------------
[ 2018-02-10T21:36:08+08:00 ] ::1 ::1 GET /ksxt/public/
[ info ] localhost:8080/ksxt/public/ [运行时间：0.029913s][吞吐率：33.43req/s] [内存消耗：1,906.03kb] [文件加载：47]
[ info ] [ LANG ] D:\phpStudy\WWW\ksxt\thinkphp\lang\zh-cn.php
[ info ] [ ROUTE ] array (
  'type' => 'module',
  'module' => 
  array (
    0 => '',
    1 => NULL,
    2 => NULL,
  ),
)
[ info ] [ HEADER ] array (
  'host' => 'localhost:8080',
  'connection' => 'keep-alive',
  'user-agent' => 'Mozilla/5.0 (Windows NT 6.2; Win64; x64) AppleWebKit/537.36 (KHTML, like Gecko) Chrome/63.0.3239.108 Safari/537.36',
  'upgrade-insecure-requests' => '1',
  'accept' => 'text/html,application/xhtml+xml,application/xml;q=0.9,image/webp,image/apng,*/*;q=0.8',
  'accept-encoding' => 'gzip, deflate, br',
  'accept-language' => 'zh-CN,zh;q=0.9',
  'cookie' => 'pgv_pvi=885587968; UM_distinctid=1604e3f9a402da-0f18eb8f23193f-464d0228-144000-1604e3f9a412e0; CNZZDATA1262147214=1018848878-1513136443-%7C1513136443; Hm_lvt_a313b1bc82855f63ddfeb747606b623d=1513141280; Hm_lvt_3e596473f0a94eed9fb907d97ff0fc52=1513141280; PHPSESSID=rp6a3u5sg24e81c9nelnoe5d04',
)
[ info ] [ PARAM ] array (
)
[ info ] [ RUN ] app\index\controller\Index->index[ D:\phpStudy\WWW\ksxt\application\index\controller\Index.php ]
[ info ] [ VIEW ] D:\phpStudy\WWW\ksxt\public/../application/index\view\index\index.html [ array (
) ]
[ info ] [ LOG ] INIT File
---------------------------------------------------------------
[ 2018-02-10T21:36:11+08:00 ] ::1 ::1 GET /ksxt/public/login.html
[ info ] localhost:8080/ksxt/public/login.html [运行时间：0.028328s][吞吐率：35.30req/s] [内存消耗：1,903.77kb] [文件加载：47]
[ info ] [ LANG ] D:\phpStudy\WWW\ksxt\thinkphp\lang\zh-cn.php
[ info ] [ ROUTE ] array (
  'type' => 'module',
  'module' => 
  array (
    0 => 'index',
    1 => 'Index',
    2 => 'login',
  ),
  'convert' => false,
)
[ info ] [ HEADER ] array (
  'host' => 'localhost:8080',
  'connection' => 'keep-alive',
  'upgrade-insecure-requests' => '1',
  'user-agent' => 'Mozilla/5.0 (Windows NT 6.2; Win64; x64) AppleWebKit/537.36 (KHTML, like Gecko) Chrome/63.0.3239.108 Safari/537.36',
  'accept' => 'text/html,application/xhtml+xml,application/xml;q=0.9,image/webp,image/apng,*/*;q=0.8',
  'referer' => 'http://localhost:8080/ksxt/public/',
  'accept-encoding' => 'gzip, deflate, br',
  'accept-language' => 'zh-CN,zh;q=0.9',
  'cookie' => 'pgv_pvi=885587968; UM_distinctid=1604e3f9a402da-0f18eb8f23193f-464d0228-144000-1604e3f9a412e0; CNZZDATA1262147214=1018848878-1513136443-%7C1513136443; Hm_lvt_a313b1bc82855f63ddfeb747606b623d=1513141280; Hm_lvt_3e596473f0a94eed9fb907d97ff0fc52=1513141280; PHPSESSID=rp6a3u5sg24e81c9nelnoe5d04',
)
[ info ] [ PARAM ] array (
)
[ info ] [ RUN ] app\index\controller\Index->login[ D:\phpStudy\WWW\ksxt\application\index\controller\Index.php ]
[ info ] [ VIEW ] D:\phpStudy\WWW\ksxt\public/../application/index\view\index\login.html [ array (
) ]
[ info ] [ LOG ] INIT File
---------------------------------------------------------------
[ 2018-02-10T21:36:11+08:00 ] ::1 ::1 GET /ksxt/public/captcha.html
[ info ] localhost:8080/ksxt/public/captcha.html [运行时间：0.030496s][吞吐率：32.79req/s] [内存消耗：1,589.72kb] [文件加载：39]
[ info ] [ LANG ] D:\phpStudy\WWW\ksxt\thinkphp\lang\zh-cn.php
[ info ] [ ROUTE ] array (
  'type' => 'method',
  'method' => 
  array (
    0 => '\\think\\captcha\\CaptchaController',
    1 => 'index',
  ),
  'var' => 
  array (
  ),
)
[ info ] [ HEADER ] array (
  'host' => 'localhost:8080',
  'connection' => 'keep-alive',
  'user-agent' => 'Mozilla/5.0 (Windows NT 6.2; Win64; x64) AppleWebKit/537.36 (KHTML, like Gecko) Chrome/63.0.3239.108 Safari/537.36',
  'accept' => 'image/webp,image/apng,image/*,*/*;q=0.8',
  'referer' => 'http://localhost:8080/ksxt/public/login.html',
  'accept-encoding' => 'gzip, deflate, br',
  'accept-language' => 'zh-CN,zh;q=0.9',
  'cookie' => 'pgv_pvi=885587968; UM_distinctid=1604e3f9a402da-0f18eb8f23193f-464d0228-144000-1604e3f9a412e0; CNZZDATA1262147214=1018848878-1513136443-%7C1513136443; Hm_lvt_a313b1bc82855f63ddfeb747606b623d=1513141280; Hm_lvt_3e596473f0a94eed9fb907d97ff0fc52=1513141280; PHPSESSID=rp6a3u5sg24e81c9nelnoe5d04',
)
[ info ] [ PARAM ] array (
  'id' => NULL,
)
[ info ] [ RUN ] think\captcha\CaptchaController->index[ D:\phpStudy\WWW\ksxt\vendor\topthink\think-captcha\src\CaptchaController.php ]
[ info ] [ SESSION ] INIT array (
  'id' => '',
  'var_session_id' => '',
  'prefix' => 'think',
  'type' => '',
  'auto_start' => true,
)
[ info ] [ LOG ] INIT File
---------------------------------------------------------------
[ 2018-02-10T22:32:04+08:00 ] ::1 ::1 GET /ksxt/public/login
[ info ] localhost:8080/ksxt/public/login [运行时间：0.033186s][吞吐率：30.13req/s] [内存消耗：1,903.47kb] [文件加载：47]
[ info ] [ LANG ] D:\phpStudy\WWW\ksxt\thinkphp\lang\zh-cn.php
[ info ] [ ROUTE ] array (
  'type' => 'module',
  'module' => 
  array (
    0 => 'index',
    1 => 'Index',
    2 => 'login',
  ),
  'convert' => false,
)
[ info ] [ HEADER ] array (
  'host' => 'localhost:8080',
  'connection' => 'keep-alive',
  'upgrade-insecure-requests' => '1',
  'user-agent' => 'Mozilla/5.0 (Windows NT 6.2; Win64; x64) AppleWebKit/537.36 (KHTML, like Gecko) Chrome/63.0.3239.108 Safari/537.36',
  'accept' => 'text/html,application/xhtml+xml,application/xml;q=0.9,image/webp,image/apng,*/*;q=0.8',
  'accept-encoding' => 'gzip, deflate, br',
  'accept-language' => 'zh-CN,zh;q=0.9',
  'cookie' => 'pgv_pvi=885587968; UM_distinctid=1604e3f9a402da-0f18eb8f23193f-464d0228-144000-1604e3f9a412e0; CNZZDATA1262147214=1018848878-1513136443-%7C1513136443; Hm_lvt_a313b1bc82855f63ddfeb747606b623d=1513141280; Hm_lvt_3e596473f0a94eed9fb907d97ff0fc52=1513141280; PHPSESSID=rp6a3u5sg24e81c9nelnoe5d04',
)
[ info ] [ PARAM ] array (
)
[ info ] [ RUN ] app\index\controller\Index->login[ D:\phpStudy\WWW\ksxt\application\index\controller\Index.php ]
[ info ] [ VIEW ] D:\phpStudy\WWW\ksxt\public/../application/index\view\index\login.html [ array (
) ]
[ info ] [ LOG ] INIT File
---------------------------------------------------------------
[ 2018-02-10T22:32:04+08:00 ] ::1 ::1 GET /ksxt/public/captcha.html
[ info ] localhost:8080/ksxt/public/captcha.html [运行时间：0.023344s][吞吐率：42.84req/s] [内存消耗：1,589.68kb] [文件加载：39]
[ info ] [ LANG ] D:\phpStudy\WWW\ksxt\thinkphp\lang\zh-cn.php
[ info ] [ ROUTE ] array (
  'type' => 'method',
  'method' => 
  array (
    0 => '\\think\\captcha\\CaptchaController',
    1 => 'index',
  ),
  'var' => 
  array (
  ),
)
[ info ] [ HEADER ] array (
  'host' => 'localhost:8080',
  'connection' => 'keep-alive',
  'user-agent' => 'Mozilla/5.0 (Windows NT 6.2; Win64; x64) AppleWebKit/537.36 (KHTML, like Gecko) Chrome/63.0.3239.108 Safari/537.36',
  'accept' => 'image/webp,image/apng,image/*,*/*;q=0.8',
  'referer' => 'http://localhost:8080/ksxt/public/login',
  'accept-encoding' => 'gzip, deflate, br',
  'accept-language' => 'zh-CN,zh;q=0.9',
  'cookie' => 'pgv_pvi=885587968; UM_distinctid=1604e3f9a402da-0f18eb8f23193f-464d0228-144000-1604e3f9a412e0; CNZZDATA1262147214=1018848878-1513136443-%7C1513136443; Hm_lvt_a313b1bc82855f63ddfeb747606b623d=1513141280; Hm_lvt_3e596473f0a94eed9fb907d97ff0fc52=1513141280; PHPSESSID=rp6a3u5sg24e81c9nelnoe5d04',
)
[ info ] [ PARAM ] array (
  'id' => NULL,
)
[ info ] [ RUN ] think\captcha\CaptchaController->index[ D:\phpStudy\WWW\ksxt\vendor\topthink\think-captcha\src\CaptchaController.php ]
[ info ] [ SESSION ] INIT array (
  'id' => '',
  'var_session_id' => '',
  'prefix' => 'think',
  'type' => '',
  'auto_start' => true,
)
[ info ] [ LOG ] INIT File
---------------------------------------------------------------
[ 2018-02-10T22:32:09+08:00 ] ::1 ::1 GET /ksxt/public/
[ info ] localhost:8080/ksxt/public/ [运行时间：0.031555s][吞吐率：31.69req/s] [内存消耗：1,906.05kb] [文件加载：47]
[ info ] [ LANG ] D:\phpStudy\WWW\ksxt\thinkphp\lang\zh-cn.php
[ info ] [ ROUTE ] array (
  'type' => 'module',
  'module' => 
  array (
    0 => '',
    1 => NULL,
    2 => NULL,
  ),
)
[ info ] [ HEADER ] array (
  'host' => 'localhost:8080',
  'connection' => 'keep-alive',
  'upgrade-insecure-requests' => '1',
  'user-agent' => 'Mozilla/5.0 (Windows NT 6.2; Win64; x64) AppleWebKit/537.36 (KHTML, like Gecko) Chrome/63.0.3239.108 Safari/537.36',
  'accept' => 'text/html,application/xhtml+xml,application/xml;q=0.9,image/webp,image/apng,*/*;q=0.8',
  'accept-encoding' => 'gzip, deflate, br',
  'accept-language' => 'zh-CN,zh;q=0.9',
  'cookie' => 'pgv_pvi=885587968; UM_distinctid=1604e3f9a402da-0f18eb8f23193f-464d0228-144000-1604e3f9a412e0; CNZZDATA1262147214=1018848878-1513136443-%7C1513136443; Hm_lvt_a313b1bc82855f63ddfeb747606b623d=1513141280; Hm_lvt_3e596473f0a94eed9fb907d97ff0fc52=1513141280; PHPSESSID=rp6a3u5sg24e81c9nelnoe5d04',
)
[ info ] [ PARAM ] array (
)
[ info ] [ RUN ] app\index\controller\Index->index[ D:\phpStudy\WWW\ksxt\application\index\controller\Index.php ]
[ info ] [ VIEW ] D:\phpStudy\WWW\ksxt\public/../application/index\view\index\index.html [ array (
) ]
[ info ] [ LOG ] INIT File
