---------------------------------------------------------------
[ 2018-02-11T18:27:17+08:00 ] ::1 ::1 GET /ksxt/public/
[ info ] localhost:8080/ksxt/public/ [运行时间：0.057392s][吞吐率：17.42req/s] [内存消耗：1,906.01kb] [文件加载：47]
[ info ] [ LANG ] D:\phpStudy\WWW\ksxt\thinkphp\lang\zh-cn.php
[ info ] [ ROUTE ] array (
  'type' => 'module',
  'module' => 
  array (
    0 => '',
    1 => NULL,
    2 => NULL,
  ),
)
[ info ] [ HEADER ] array (
  'host' => 'localhost:8080',
  'connection' => 'keep-alive',
  'upgrade-insecure-requests' => '1',
  'user-agent' => 'Mozilla/5.0 (Windows NT 6.2; Win64; x64) AppleWebKit/537.36 (KHTML, like Gecko) Chrome/63.0.3239.108 Safari/537.36',
  'accept' => 'text/html,application/xhtml+xml,application/xml;q=0.9,image/webp,image/apng,*/*;q=0.8',
  'accept-encoding' => 'gzip, deflate, br',
  'accept-language' => 'zh-CN,zh;q=0.9',
  'cookie' => 'pgv_pvi=885587968; UM_distinctid=1604e3f9a402da-0f18eb8f23193f-464d0228-144000-1604e3f9a412e0; CNZZDATA1262147214=1018848878-1513136443-%7C1513136443; Hm_lvt_a313b1bc82855f63ddfeb747606b623d=1513141280; Hm_lvt_3e596473f0a94eed9fb907d97ff0fc52=1513141280',
)
[ info ] [ PARAM ] array (
)
[ info ] [ RUN ] app\index\controller\Index->index[ D:\phpStudy\WWW\ksxt\application\index\controller\Index.php ]
[ info ] [ VIEW ] D:\phpStudy\WWW\ksxt\public/../application/index\view\index\index.html [ array (
) ]
[ info ] [ LOG ] INIT File
---------------------------------------------------------------
[ 2018-02-11T18:27:18+08:00 ] ::1 ::1 GET /ksxt/public/login.html
[ info ] localhost:8080/ksxt/public/login.html [运行时间：0.028467s][吞吐率：35.13req/s] [内存消耗：1,903.73kb] [文件加载：47]
[ info ] [ LANG ] D:\phpStudy\WWW\ksxt\thinkphp\lang\zh-cn.php
[ info ] [ ROUTE ] array (
  'type' => 'module',
  'module' => 
  array (
    0 => 'index',
    1 => 'Index',
    2 => 'login',
  ),
  'convert' => false,
)
[ info ] [ HEADER ] array (
  'host' => 'localhost:8080',
  'connection' => 'keep-alive',
  'upgrade-insecure-requests' => '1',
  'user-agent' => 'Mozilla/5.0 (Windows NT 6.2; Win64; x64) AppleWebKit/537.36 (KHTML, like Gecko) Chrome/63.0.3239.108 Safari/537.36',
  'accept' => 'text/html,application/xhtml+xml,application/xml;q=0.9,image/webp,image/apng,*/*;q=0.8',
  'referer' => 'http://localhost:8080/ksxt/public/',
  'accept-encoding' => 'gzip, deflate, br',
  'accept-language' => 'zh-CN,zh;q=0.9',
  'cookie' => 'pgv_pvi=885587968; UM_distinctid=1604e3f9a402da-0f18eb8f23193f-464d0228-144000-1604e3f9a412e0; CNZZDATA1262147214=1018848878-1513136443-%7C1513136443; Hm_lvt_a313b1bc82855f63ddfeb747606b623d=1513141280; Hm_lvt_3e596473f0a94eed9fb907d97ff0fc52=1513141280',
)
[ info ] [ PARAM ] array (
)
[ info ] [ RUN ] app\index\controller\Index->login[ D:\phpStudy\WWW\ksxt\application\index\controller\Index.php ]
[ info ] [ VIEW ] D:\phpStudy\WWW\ksxt\public/../application/index\view\index\login.html [ array (
) ]
[ info ] [ LOG ] INIT File
---------------------------------------------------------------
[ 2018-02-11T18:27:19+08:00 ] ::1 ::1 GET /ksxt/public/captcha.html
[ info ] localhost:8080/ksxt/public/captcha.html [运行时间：0.044305s][吞吐率：22.57req/s] [内存消耗：1,589.59kb] [文件加载：39]
[ info ] [ LANG ] D:\phpStudy\WWW\ksxt\thinkphp\lang\zh-cn.php
[ info ] [ ROUTE ] array (
  'type' => 'method',
  'method' => 
  array (
    0 => '\\think\\captcha\\CaptchaController',
    1 => 'index',
  ),
  'var' => 
  array (
  ),
)
[ info ] [ HEADER ] array (
  'host' => 'localhost:8080',
  'connection' => 'keep-alive',
  'user-agent' => 'Mozilla/5.0 (Windows NT 6.2; Win64; x64) AppleWebKit/537.36 (KHTML, like Gecko) Chrome/63.0.3239.108 Safari/537.36',
  'accept' => 'image/webp,image/apng,image/*,*/*;q=0.8',
  'referer' => 'http://localhost:8080/ksxt/public/login.html',
  'accept-encoding' => 'gzip, deflate, br',
  'accept-language' => 'zh-CN,zh;q=0.9',
  'cookie' => 'pgv_pvi=885587968; UM_distinctid=1604e3f9a402da-0f18eb8f23193f-464d0228-144000-1604e3f9a412e0; CNZZDATA1262147214=1018848878-1513136443-%7C1513136443; Hm_lvt_a313b1bc82855f63ddfeb747606b623d=1513141280; Hm_lvt_3e596473f0a94eed9fb907d97ff0fc52=1513141280',
)
[ info ] [ PARAM ] array (
  'id' => NULL,
)
[ info ] [ RUN ] think\captcha\CaptchaController->index[ D:\phpStudy\WWW\ksxt\vendor\topthink\think-captcha\src\CaptchaController.php ]
[ info ] [ SESSION ] INIT array (
  'id' => '',
  'var_session_id' => '',
  'prefix' => 'think',
  'type' => '',
  'auto_start' => true,
)
[ info ] [ LOG ] INIT File
---------------------------------------------------------------
[ 2018-02-11T18:27:34+08:00 ] ::1 ::1 POST /ksxt/public/le
[ info ] localhost:8080/ksxt/public/le [运行时间：0.035404s][吞吐率：28.25req/s] [内存消耗：1,922.22kb] [文件加载：48]
[ info ] [ LANG ] D:\phpStudy\WWW\ksxt\thinkphp\lang\zh-cn.php
[ info ] [ ROUTE ] array (
  'type' => 'module',
  'module' => 
  array (
    0 => 'index',
    1 => 'Index',
    2 => 'loginEfficacy',
  ),
  'convert' => false,
)
[ info ] [ HEADER ] array (
  'host' => 'localhost:8080',
  'connection' => 'keep-alive',
  'content-length' => '47',
  'accept' => '*/*',
  'origin' => 'http://localhost:8080',
  'x-requested-with' => 'XMLHttpRequest',
  'user-agent' => 'Mozilla/5.0 (Windows NT 6.2; Win64; x64) AppleWebKit/537.36 (KHTML, like Gecko) Chrome/63.0.3239.108 Safari/537.36',
  'content-type' => 'application/x-www-form-urlencoded; charset=UTF-8',
  'referer' => 'http://localhost:8080/ksxt/public/login.html',
  'accept-encoding' => 'gzip, deflate, br',
  'accept-language' => 'zh-CN,zh;q=0.9',
  'cookie' => 'pgv_pvi=885587968; UM_distinctid=1604e3f9a402da-0f18eb8f23193f-464d0228-144000-1604e3f9a412e0; CNZZDATA1262147214=1018848878-1513136443-%7C1513136443; Hm_lvt_a313b1bc82855f63ddfeb747606b623d=1513141280; Hm_lvt_3e596473f0a94eed9fb907d97ff0fc52=1513141280; PHPSESSID=p5f6d95lh84mhftt5v5dgv2vq6',
)
[ info ] [ PARAM ] array (
  'type' => '0',
  'user' => '123456',
  'password' => '123456',
  'captcha' => '1234',
)
[ info ] [ RUN ] app\index\controller\Index->loginEfficacy[ D:\phpStudy\WWW\ksxt\application\index\controller\Index.php ]
[ info ] [ SESSION ] INIT array (
  'id' => '',
  'var_session_id' => '',
  'prefix' => 'think',
  'type' => '',
  'auto_start' => true,
)
[ info ] [ LOG ] INIT File
---------------------------------------------------------------
[ 2018-02-11T18:27:34+08:00 ] ::1 ::1 GET /ksxt/public/captcha.html
[ info ] localhost:8080/ksxt/public/captcha.html [运行时间：0.024120s][吞吐率：41.46req/s] [内存消耗：1,589.60kb] [文件加载：39]
[ info ] [ LANG ] D:\phpStudy\WWW\ksxt\thinkphp\lang\zh-cn.php
[ info ] [ ROUTE ] array (
  'type' => 'method',
  'method' => 
  array (
    0 => '\\think\\captcha\\CaptchaController',
    1 => 'index',
  ),
  'var' => 
  array (
  ),
)
[ info ] [ HEADER ] array (
  'host' => 'localhost:8080',
  'connection' => 'keep-alive',
  'user-agent' => 'Mozilla/5.0 (Windows NT 6.2; Win64; x64) AppleWebKit/537.36 (KHTML, like Gecko) Chrome/63.0.3239.108 Safari/537.36',
  'accept' => 'image/webp,image/apng,image/*,*/*;q=0.8',
  'referer' => 'http://localhost:8080/ksxt/public/login.html',
  'accept-encoding' => 'gzip, deflate, br',
  'accept-language' => 'zh-CN,zh;q=0.9',
  'cookie' => 'pgv_pvi=885587968; UM_distinctid=1604e3f9a402da-0f18eb8f23193f-464d0228-144000-1604e3f9a412e0; CNZZDATA1262147214=1018848878-1513136443-%7C1513136443; Hm_lvt_a313b1bc82855f63ddfeb747606b623d=1513141280; Hm_lvt_3e596473f0a94eed9fb907d97ff0fc52=1513141280; PHPSESSID=p5f6d95lh84mhftt5v5dgv2vq6',
)
[ info ] [ PARAM ] array (
  'id' => NULL,
)
[ info ] [ RUN ] think\captcha\CaptchaController->index[ D:\phpStudy\WWW\ksxt\vendor\topthink\think-captcha\src\CaptchaController.php ]
[ info ] [ SESSION ] INIT array (
  'id' => '',
  'var_session_id' => '',
  'prefix' => 'think',
  'type' => '',
  'auto_start' => true,
)
[ info ] [ LOG ] INIT File
---------------------------------------------------------------
[ 2018-02-11T18:27:49+08:00 ] ::1 ::1 POST /ksxt/public/le
[ info ] localhost:8080/ksxt/public/le [运行时间：0.026661s][吞吐率：37.51req/s] [内存消耗：1,922.22kb] [文件加载：48]
[ info ] [ LANG ] D:\phpStudy\WWW\ksxt\thinkphp\lang\zh-cn.php
[ info ] [ ROUTE ] array (
  'type' => 'module',
  'module' => 
  array (
    0 => 'index',
    1 => 'Index',
    2 => 'loginEfficacy',
  ),
  'convert' => false,
)
[ info ] [ HEADER ] array (
  'host' => 'localhost:8080',
  'connection' => 'keep-alive',
  'content-length' => '47',
  'accept' => '*/*',
  'origin' => 'http://localhost:8080',
  'x-requested-with' => 'XMLHttpRequest',
  'user-agent' => 'Mozilla/5.0 (Windows NT 6.2; Win64; x64) AppleWebKit/537.36 (KHTML, like Gecko) Chrome/63.0.3239.108 Safari/537.36',
  'content-type' => 'application/x-www-form-urlencoded; charset=UTF-8',
  'referer' => 'http://localhost:8080/ksxt/public/login.html',
  'accept-encoding' => 'gzip, deflate, br',
  'accept-language' => 'zh-CN,zh;q=0.9',
  'cookie' => 'pgv_pvi=885587968; UM_distinctid=1604e3f9a402da-0f18eb8f23193f-464d0228-144000-1604e3f9a412e0; CNZZDATA1262147214=1018848878-1513136443-%7C1513136443; Hm_lvt_a313b1bc82855f63ddfeb747606b623d=1513141280; Hm_lvt_3e596473f0a94eed9fb907d97ff0fc52=1513141280; PHPSESSID=p5f6d95lh84mhftt5v5dgv2vq6',
)
[ info ] [ PARAM ] array (
  'type' => '0',
  'user' => '123456',
  'password' => '123456',
  'captcha' => '1234',
)
[ info ] [ RUN ] app\index\controller\Index->loginEfficacy[ D:\phpStudy\WWW\ksxt\application\index\controller\Index.php ]
[ info ] [ SESSION ] INIT array (
  'id' => '',
  'var_session_id' => '',
  'prefix' => 'think',
  'type' => '',
  'auto_start' => true,
)
[ info ] [ LOG ] INIT File
---------------------------------------------------------------
[ 2018-02-11T18:27:49+08:00 ] ::1 ::1 GET /ksxt/public/captcha.html
[ info ] localhost:8080/ksxt/public/captcha.html [运行时间：0.026783s][吞吐率：37.34req/s] [内存消耗：1,589.63kb] [文件加载：39]
[ info ] [ LANG ] D:\phpStudy\WWW\ksxt\thinkphp\lang\zh-cn.php
[ info ] [ ROUTE ] array (
  'type' => 'method',
  'method' => 
  array (
    0 => '\\think\\captcha\\CaptchaController',
    1 => 'index',
  ),
  'var' => 
  array (
  ),
)
[ info ] [ HEADER ] array (
  'host' => 'localhost:8080',
  'connection' => 'keep-alive',
  'user-agent' => 'Mozilla/5.0 (Windows NT 6.2; Win64; x64) AppleWebKit/537.36 (KHTML, like Gecko) Chrome/63.0.3239.108 Safari/537.36',
  'accept' => 'image/webp,image/apng,image/*,*/*;q=0.8',
  'referer' => 'http://localhost:8080/ksxt/public/login.html',
  'accept-encoding' => 'gzip, deflate, br',
  'accept-language' => 'zh-CN,zh;q=0.9',
  'cookie' => 'pgv_pvi=885587968; UM_distinctid=1604e3f9a402da-0f18eb8f23193f-464d0228-144000-1604e3f9a412e0; CNZZDATA1262147214=1018848878-1513136443-%7C1513136443; Hm_lvt_a313b1bc82855f63ddfeb747606b623d=1513141280; Hm_lvt_3e596473f0a94eed9fb907d97ff0fc52=1513141280; PHPSESSID=p5f6d95lh84mhftt5v5dgv2vq6',
)
[ info ] [ PARAM ] array (
  'id' => NULL,
)
[ info ] [ RUN ] think\captcha\CaptchaController->index[ D:\phpStudy\WWW\ksxt\vendor\topthink\think-captcha\src\CaptchaController.php ]
[ info ] [ SESSION ] INIT array (
  'id' => '',
  'var_session_id' => '',
  'prefix' => 'think',
  'type' => '',
  'auto_start' => true,
)
[ info ] [ LOG ] INIT File
